[2018-08-28 10:00:46] [info]  [ 8052] Commons Daemon procrun (1.1.0.0 64-bit) started
[2018-08-28 10:00:46] [info]  [ 8052] Service Tomcat9 name Apache Tomcat 9.0 Tomcat9
[2018-08-28 10:00:46] [info]  [ 8052] Service 'Tomcat9' installed
[2018-08-28 10:00:46] [info]  [ 8052] Commons Daemon procrun finished
[2018-08-28 10:00:49] [info]  [ 8020] Commons Daemon procrun (1.1.0.0 64-bit) started
[2018-08-28 10:00:49] [info]  [ 8020] Updating service...
[2018-08-28 10:00:49] [info]  [ 8020] Service 'Tomcat9' updated
[2018-08-28 10:00:49] [info]  [ 8020] Update service finished.
[2018-08-28 10:00:49] [info]  [ 8020] Commons Daemon procrun finished
[2018-08-28 10:00:49] [info]  [ 9144] Commons Daemon procrun (1.1.0.0 64-bit) started
[2018-08-28 10:00:49] [info]  [ 9144] Updating service...
[2018-08-28 10:00:49] [info]  [ 9144] Service 'Tomcat9' updated
[2018-08-28 10:00:49] [info]  [ 9144] Update service finished.
[2018-08-28 10:00:49] [info]  [ 9144] Commons Daemon procrun finished
[2018-08-28 10:00:49] [info]  [ 3424] Commons Daemon procrun (1.1.0.0 64-bit) started
[2018-08-28 10:00:49] [info]  [ 3424] Updating service...
[2018-08-28 10:00:49] [info]  [ 3424] Service 'Tomcat9' updated
[2018-08-28 10:00:49] [info]  [ 3424] Update service finished.
[2018-08-28 10:00:49] [info]  [ 3424] Commons Daemon procrun finished
[2018-08-28 10:00:50] [info]  [ 2640] Commons Daemon procrun (1.1.0.0 64-bit) started
[2018-08-28 10:00:50] [info]  [ 2640] Updating service...
[2018-08-28 10:00:50] [info]  [ 2640] Service 'Tomcat9' updated
[2018-08-28 10:00:50] [info]  [ 2640] Update service finished.
[2018-08-28 10:00:50] [info]  [ 2640] Commons Daemon procrun finished
[2018-08-28 10:00:53] [info]  [ 8672] Commons Daemon procrun (1.1.0.0 64-bit) started
[2018-08-28 10:00:53] [info]  [ 8672] Running 'Tomcat9' Service...
[2018-08-28 10:00:53] [info]  [ 1040] Starting service...
[2018-08-28 10:00:55] [info]  [ 1040] Service started in 1484 ms.
[2018-08-28 10:40:21] [info]  [ 1992] Commons Daemon procrun (1.1.0.0 64-bit) started
[2018-08-28 10:40:22] [info]  [ 1992] Running 'Tomcat9' Service...
[2018-08-28 10:40:22] [info]  [ 2320] Starting service...
[2018-08-28 10:40:30] [info]  [ 2320] Service started in 7328 ms.
[2018-08-28 14:53:52] [info]  [ 7124] Stopping service...
[2018-08-28 14:53:53] [info]  [ 7124] Service stop thread completed.
[2018-08-28 14:53:54] [info]  [ 1992] Run service finished.
[2018-08-28 14:53:54] [info]  [ 1992] Commons Daemon procrun finished
[2018-08-28 14:54:02] [info]  [ 5440] Commons Daemon procrun (1.1.0.0 64-bit) started
[2018-08-28 14:54:02] [info]  [ 5440] Running 'Tomcat9' Service...
[2018-08-28 14:54:03] [info]  [ 5784] Starting service...
[2018-08-28 14:54:04] [info]  [ 5784] Service started in 1718 ms.
[2018-08-28 15:03:37] [info]  [ 6308] Stopping service...
[2018-08-28 15:03:38] [info]  [ 6308] Service stop thread completed.
[2018-08-28 15:03:38] [info]  [ 5440] Run service finished.
[2018-08-28 15:03:38] [info]  [ 5440] Commons Daemon procrun finished
[2018-08-28 15:03:46] [info]  [ 6236] Commons Daemon procrun (1.1.0.0 64-bit) started
[2018-08-28 15:03:46] [info]  [ 6236] Running 'Tomcat9' Service...
[2018-08-28 15:03:46] [info]  [ 5240] Starting service...
[2018-08-28 15:03:47] [info]  [ 5240] Service started in 1343 ms.
[2018-08-28 15:03:51] [info]  [ 1104] Stopping service...
[2018-08-28 15:03:52] [info]  [ 1104] Service stop thread completed.
[2018-08-28 15:03:52] [info]  [ 6236] Run service finished.
[2018-08-28 15:03:52] [info]  [ 6236] Commons Daemon procrun finished
[2018-08-28 15:03:59] [info]  [  732] Commons Daemon procrun (1.1.0.0 64-bit) started
[2018-08-28 15:03:59] [info]  [  732] Running 'Tomcat9' Service...
[2018-08-28 15:04:00] [info]  [ 4536] Starting service...
[2018-08-28 15:04:01] [info]  [ 4536] Service started in 1328 ms.
[2018-08-28 15:12:07] [info]  [  888] Stopping service...
[2018-08-28 15:12:08] [info]  [  888] Service stop thread completed.
[2018-08-28 15:12:09] [info]  [  732] Run service finished.
[2018-08-28 15:12:09] [info]  [  732] Commons Daemon procrun finished
[2018-08-28 15:14:48] [info]  [  340] Commons Daemon procrun (1.1.0.0 64-bit) started
[2018-08-28 15:14:48] [info]  [  340] Running 'Tomcat9' Service...
[2018-08-28 15:14:48] [info]  [ 4776] Starting service...
[2018-08-28 15:14:49] [info]  [ 4776] Service started in 1327 ms.
