
2018-08-28 10:00:53 Commons Daemon procrun stderr initialized
28-Aug-2018 10:00:54.924 정보 [main] org.apache.catalina.startup.VersionLoggerListener.log Server version:        Apache Tomcat/9.0.11
28-Aug-2018 10:00:54.955 정보 [main] org.apache.catalina.startup.VersionLoggerListener.log Server built:          Aug 11 2018 19:47:23 UTC
28-Aug-2018 10:00:54.955 정보 [main] org.apache.catalina.startup.VersionLoggerListener.log Server number:         9.0.11.0
28-Aug-2018 10:00:54.955 정보 [main] org.apache.catalina.startup.VersionLoggerListener.log OS Name:               Windows Server 2016
28-Aug-2018 10:00:54.955 정보 [main] org.apache.catalina.startup.VersionLoggerListener.log OS Version:            10.0
28-Aug-2018 10:00:54.955 정보 [main] org.apache.catalina.startup.VersionLoggerListener.log Architecture:          amd64
28-Aug-2018 10:00:54.955 정보 [main] org.apache.catalina.startup.VersionLoggerListener.log Java Home:             C:\Program Files\Java\jre1.8.0_152
28-Aug-2018 10:00:54.955 정보 [main] org.apache.catalina.startup.VersionLoggerListener.log JVM Version:           1.8.0_152-b16
28-Aug-2018 10:00:54.955 정보 [main] org.apache.catalina.startup.VersionLoggerListener.log JVM Vendor:            Oracle Corporation
28-Aug-2018 10:00:54.955 정보 [main] org.apache.catalina.startup.VersionLoggerListener.log CATALINA_BASE:         C:\Program Files\Apache Software Foundation\Tomcat 9.0
28-Aug-2018 10:00:54.955 정보 [main] org.apache.catalina.startup.VersionLoggerListener.log CATALINA_HOME:         C:\Program Files\Apache Software Foundation\Tomcat 9.0
28-Aug-2018 10:00:54.955 정보 [main] org.apache.catalina.startup.VersionLoggerListener.log Command line argument: -Dcatalina.home=C:\Program Files\Apache Software Foundation\Tomcat 9.0
28-Aug-2018 10:00:54.955 정보 [main] org.apache.catalina.startup.VersionLoggerListener.log Command line argument: -Dcatalina.base=C:\Program Files\Apache Software Foundation\Tomcat 9.0
28-Aug-2018 10:00:54.955 정보 [main] org.apache.catalina.startup.VersionLoggerListener.log Command line argument: -Djava.io.tmpdir=C:\Program Files\Apache Software Foundation\Tomcat 9.0\temp
28-Aug-2018 10:00:54.971 정보 [main] org.apache.catalina.startup.VersionLoggerListener.log Command line argument: -Djava.util.logging.manager=org.apache.juli.ClassLoaderLogManager
28-Aug-2018 10:00:54.971 정보 [main] org.apache.catalina.startup.VersionLoggerListener.log Command line argument: -Djava.util.logging.config.file=C:\Program Files\Apache Software Foundation\Tomcat 9.0\conf\logging.properties
28-Aug-2018 10:00:54.971 정보 [main] org.apache.catalina.startup.VersionLoggerListener.log Command line argument: exit
28-Aug-2018 10:00:54.971 정보 [main] org.apache.catalina.startup.VersionLoggerListener.log Command line argument: abort
28-Aug-2018 10:00:54.971 정보 [main] org.apache.catalina.startup.VersionLoggerListener.log Command line argument: -Xms128m
28-Aug-2018 10:00:54.971 정보 [main] org.apache.catalina.startup.VersionLoggerListener.log Command line argument: -Xmx256m
28-Aug-2018 10:00:54.971 정보 [main] org.apache.catalina.core.AprLifecycleListener.lifecycleEvent The APR based Apache Tomcat Native library which allows optimal performance in production environments was not found on the java.library.path: [C:\Program Files\Apache Software Foundation\Tomcat 9.0\bin;C:\Windows\Sun\Java\bin;C:\Windows\system32;C:\Windows;C:\Program Files\Microsoft MPI\Bin\;C:\ProgramData\Oracle\Java\javapath;C:\Windows\system32;C:\Windows;C:\Windows\System32\Wbem;C:\Windows\System32\WindowsPowerShell\v1.0\;C:\Program Files (x86)\Microsoft SQL Server\140\Tools\Binn\;C:\Program Files\Microsoft SQL Server\140\Tools\Binn\;C:\Program Files (x86)\Microsoft SQL Server\140\DTS\Binn\;C:\Program Files\Microsoft SQL Server\140\DTS\Binn\;C:\Program Files\Microsoft SQL Server\Client SDK\ODBC\130\Tools\Binn\;C:\Program Files (x86)\Microsoft SQL Server\Client SDK\ODBC\130\Tools\Binn\;C:\Program Files (x86)\Microsoft SQL Server\140\Tools\Binn\ManagementStudio\;C:\Windows\system32\config\systemprofile\AppData\Local\Microsoft\WindowsApps;.]
28-Aug-2018 10:00:55.705 정보 [main] org.apache.coyote.AbstractProtocol.init Initializing ProtocolHandler ["http-nio-8080"]
28-Aug-2018 10:00:55.783 정보 [main] org.apache.tomcat.util.net.NioSelectorPool.getSharedSelector Using a shared selector for servlet write/read
28-Aug-2018 10:00:55.799 정보 [main] org.apache.coyote.AbstractProtocol.init Initializing ProtocolHandler ["ajp-nio-8009"]
28-Aug-2018 10:00:55.799 정보 [main] org.apache.tomcat.util.net.NioSelectorPool.getSharedSelector Using a shared selector for servlet write/read
28-Aug-2018 10:00:55.799 정보 [main] org.apache.catalina.startup.Catalina.load Initialization processed in 1634 ms
28-Aug-2018 10:00:55.862 정보 [main] org.apache.catalina.core.StandardService.startInternal Starting service [Catalina]
28-Aug-2018 10:00:55.862 정보 [main] org.apache.catalina.core.StandardEngine.startInternal Starting Servlet Engine: Apache Tomcat/9.0.11
28-Aug-2018 10:00:55.862 정보 [main] org.apache.catalina.startup.HostConfig.deployDirectory Deploying web application directory [C:\Program Files\Apache Software Foundation\Tomcat 9.0\webapps\docs]
28-Aug-2018 10:00:56.424 정보 [main] org.apache.catalina.startup.HostConfig.deployDirectory Deployment of web application directory [C:\Program Files\Apache Software Foundation\Tomcat 9.0\webapps\docs] has finished in [547] ms
28-Aug-2018 10:00:56.424 정보 [main] org.apache.catalina.startup.HostConfig.deployDirectory Deploying web application directory [C:\Program Files\Apache Software Foundation\Tomcat 9.0\webapps\manager]
28-Aug-2018 10:00:56.455 정보 [main] org.apache.catalina.startup.HostConfig.deployDirectory Deployment of web application directory [C:\Program Files\Apache Software Foundation\Tomcat 9.0\webapps\manager] has finished in [31] ms
28-Aug-2018 10:00:56.455 정보 [main] org.apache.catalina.startup.HostConfig.deployDirectory Deploying web application directory [C:\Program Files\Apache Software Foundation\Tomcat 9.0\webapps\ROOT]
28-Aug-2018 10:00:56.486 정보 [main] org.apache.catalina.startup.HostConfig.deployDirectory Deployment of web application directory [C:\Program Files\Apache Software Foundation\Tomcat 9.0\webapps\ROOT] has finished in [31] ms
28-Aug-2018 10:00:56.502 정보 [main] org.apache.coyote.AbstractProtocol.start Starting ProtocolHandler ["http-nio-8080"]
28-Aug-2018 10:00:56.502 정보 [main] org.apache.coyote.AbstractProtocol.start Starting ProtocolHandler ["ajp-nio-8009"]
28-Aug-2018 10:00:56.502 정보 [main] org.apache.catalina.startup.Catalina.start Server startup in 710 ms

2018-08-28 10:40:22 Commons Daemon procrun stderr initialized
28-Aug-2018 10:40:31.162 정보 [main] org.apache.catalina.startup.VersionLoggerListener.log Server version:        Apache Tomcat/9.0.11
28-Aug-2018 10:40:31.225 정보 [main] org.apache.catalina.startup.VersionLoggerListener.log Server built:          Aug 11 2018 19:47:23 UTC
28-Aug-2018 10:40:31.225 정보 [main] org.apache.catalina.startup.VersionLoggerListener.log Server number:         9.0.11.0
28-Aug-2018 10:40:31.225 정보 [main] org.apache.catalina.startup.VersionLoggerListener.log OS Name:               Windows Server 2016
28-Aug-2018 10:40:31.225 정보 [main] org.apache.catalina.startup.VersionLoggerListener.log OS Version:            10.0
28-Aug-2018 10:40:31.225 정보 [main] org.apache.catalina.startup.VersionLoggerListener.log Architecture:          amd64
28-Aug-2018 10:40:31.225 정보 [main] org.apache.catalina.startup.VersionLoggerListener.log Java Home:             C:\Program Files\Java\jre1.8.0_152
28-Aug-2018 10:40:31.225 정보 [main] org.apache.catalina.startup.VersionLoggerListener.log JVM Version:           1.8.0_152-b16
28-Aug-2018 10:40:31.225 정보 [main] org.apache.catalina.startup.VersionLoggerListener.log JVM Vendor:            Oracle Corporation
28-Aug-2018 10:40:31.225 정보 [main] org.apache.catalina.startup.VersionLoggerListener.log CATALINA_BASE:         C:\Program Files\Apache Software Foundation\Tomcat 9.0
28-Aug-2018 10:40:31.225 정보 [main] org.apache.catalina.startup.VersionLoggerListener.log CATALINA_HOME:         C:\Program Files\Apache Software Foundation\Tomcat 9.0
28-Aug-2018 10:40:31.225 정보 [main] org.apache.catalina.startup.VersionLoggerListener.log Command line argument: -Dcatalina.home=C:\Program Files\Apache Software Foundation\Tomcat 9.0
28-Aug-2018 10:40:31.225 정보 [main] org.apache.catalina.startup.VersionLoggerListener.log Command line argument: -Dcatalina.base=C:\Program Files\Apache Software Foundation\Tomcat 9.0
28-Aug-2018 10:40:31.225 정보 [main] org.apache.catalina.startup.VersionLoggerListener.log Command line argument: -Djava.io.tmpdir=C:\Program Files\Apache Software Foundation\Tomcat 9.0\temp
28-Aug-2018 10:40:31.225 정보 [main] org.apache.catalina.startup.VersionLoggerListener.log Command line argument: -Djava.util.logging.manager=org.apache.juli.ClassLoaderLogManager
28-Aug-2018 10:40:31.225 정보 [main] org.apache.catalina.startup.VersionLoggerListener.log Command line argument: -Djava.util.logging.config.file=C:\Program Files\Apache Software Foundation\Tomcat 9.0\conf\logging.properties
28-Aug-2018 10:40:31.225 정보 [main] org.apache.catalina.startup.VersionLoggerListener.log Command line argument: exit
28-Aug-2018 10:40:31.225 정보 [main] org.apache.catalina.startup.VersionLoggerListener.log Command line argument: abort
28-Aug-2018 10:40:31.225 정보 [main] org.apache.catalina.startup.VersionLoggerListener.log Command line argument: -Xms128m
28-Aug-2018 10:40:31.240 정보 [main] org.apache.catalina.startup.VersionLoggerListener.log Command line argument: -Xmx256m
28-Aug-2018 10:40:31.240 정보 [main] org.apache.catalina.core.AprLifecycleListener.lifecycleEvent The APR based Apache Tomcat Native library which allows optimal performance in production environments was not found on the java.library.path: [C:\Program Files\Apache Software Foundation\Tomcat 9.0\bin;C:\Windows\Sun\Java\bin;C:\Windows\system32;C:\Windows;C:\Program Files\Microsoft MPI\Bin\;C:\ProgramData\Oracle\Java\javapath;C:\Windows\system32;C:\Windows;C:\Windows\System32\Wbem;C:\Windows\System32\WindowsPowerShell\v1.0\;C:\Program Files (x86)\Microsoft SQL Server\140\Tools\Binn\;C:\Program Files\Microsoft SQL Server\140\Tools\Binn\;C:\Program Files (x86)\Microsoft SQL Server\140\DTS\Binn\;C:\Program Files\Microsoft SQL Server\140\DTS\Binn\;C:\Program Files\Microsoft SQL Server\Client SDK\ODBC\130\Tools\Binn\;C:\Program Files (x86)\Microsoft SQL Server\Client SDK\ODBC\130\Tools\Binn\;C:\Program Files (x86)\Microsoft SQL Server\140\Tools\Binn\ManagementStudio\;C:\Windows\system32\config\systemprofile\AppData\Local\Microsoft\WindowsApps;.]
28-Aug-2018 10:40:36.709 정보 [main] org.apache.coyote.AbstractProtocol.init Initializing ProtocolHandler ["http-nio-8080"]
28-Aug-2018 10:40:36.881 정보 [main] org.apache.tomcat.util.net.NioSelectorPool.getSharedSelector Using a shared selector for servlet write/read
28-Aug-2018 10:40:36.896 정보 [main] org.apache.coyote.AbstractProtocol.init Initializing ProtocolHandler ["ajp-nio-8009"]
28-Aug-2018 10:40:36.896 정보 [main] org.apache.tomcat.util.net.NioSelectorPool.getSharedSelector Using a shared selector for servlet write/read
28-Aug-2018 10:40:36.896 정보 [main] org.apache.catalina.startup.Catalina.load Initialization processed in 7379 ms
28-Aug-2018 10:40:36.990 정보 [main] org.apache.catalina.core.StandardService.startInternal Starting service [Catalina]
28-Aug-2018 10:40:36.990 정보 [main] org.apache.catalina.core.StandardEngine.startInternal Starting Servlet Engine: Apache Tomcat/9.0.11
28-Aug-2018 10:40:37.006 정보 [main] org.apache.catalina.startup.HostConfig.deployDirectory Deploying web application directory [C:\Program Files\Apache Software Foundation\Tomcat 9.0\webapps\docs]
28-Aug-2018 10:40:38.659 정보 [main] org.apache.catalina.startup.HostConfig.deployDirectory Deployment of web application directory [C:\Program Files\Apache Software Foundation\Tomcat 9.0\webapps\docs] has finished in [1,653] ms
28-Aug-2018 10:40:38.659 정보 [main] org.apache.catalina.startup.HostConfig.deployDirectory Deploying web application directory [C:\Program Files\Apache Software Foundation\Tomcat 9.0\webapps\manager]
28-Aug-2018 10:40:38.949 정보 [main] org.apache.catalina.startup.HostConfig.deployDirectory Deployment of web application directory [C:\Program Files\Apache Software Foundation\Tomcat 9.0\webapps\manager] has finished in [274] ms
28-Aug-2018 10:40:38.949 정보 [main] org.apache.catalina.startup.HostConfig.deployDirectory Deploying web application directory [C:\Program Files\Apache Software Foundation\Tomcat 9.0\webapps\ROOT]
28-Aug-2018 10:40:38.997 정보 [main] org.apache.catalina.startup.HostConfig.deployDirectory Deployment of web application directory [C:\Program Files\Apache Software Foundation\Tomcat 9.0\webapps\ROOT] has finished in [48] ms
28-Aug-2018 10:40:38.997 정보 [main] org.apache.coyote.AbstractProtocol.start Starting ProtocolHandler ["http-nio-8080"]
28-Aug-2018 10:40:39.013 정보 [main] org.apache.coyote.AbstractProtocol.start Starting ProtocolHandler ["ajp-nio-8009"]
28-Aug-2018 10:40:39.013 정보 [main] org.apache.catalina.startup.Catalina.start Server startup in 2080 ms
28-Aug-2018 14:53:52.833 정보 [Thread-6] org.apache.coyote.AbstractProtocol.pause Pausing ProtocolHandler ["http-nio-8080"]
28-Aug-2018 14:53:52.927 정보 [Thread-6] org.apache.coyote.AbstractProtocol.pause Pausing ProtocolHandler ["ajp-nio-8009"]
28-Aug-2018 14:53:52.927 정보 [Thread-6] org.apache.catalina.core.StandardService.stopInternal Stopping service [Catalina]
28-Aug-2018 14:53:52.989 정보 [Thread-6] org.apache.coyote.AbstractProtocol.stop Stopping ProtocolHandler ["http-nio-8080"]
28-Aug-2018 14:53:53.005 정보 [Thread-6] org.apache.coyote.AbstractProtocol.stop Stopping ProtocolHandler ["ajp-nio-8009"]

2018-08-28 14:54:02 Commons Daemon procrun stderr initialized
28-Aug-2018 14:54:05.506 정보 [main] org.apache.catalina.startup.VersionLoggerListener.log Server version:        Apache Tomcat/9.0.11
28-Aug-2018 14:54:05.522 정보 [main] org.apache.catalina.startup.VersionLoggerListener.log Server built:          Aug 11 2018 19:47:23 UTC
28-Aug-2018 14:54:05.522 정보 [main] org.apache.catalina.startup.VersionLoggerListener.log Server number:         9.0.11.0
28-Aug-2018 14:54:05.522 정보 [main] org.apache.catalina.startup.VersionLoggerListener.log OS Name:               Windows Server 2016
28-Aug-2018 14:54:05.522 정보 [main] org.apache.catalina.startup.VersionLoggerListener.log OS Version:            10.0
28-Aug-2018 14:54:05.522 정보 [main] org.apache.catalina.startup.VersionLoggerListener.log Architecture:          amd64
28-Aug-2018 14:54:05.522 정보 [main] org.apache.catalina.startup.VersionLoggerListener.log Java Home:             C:\Program Files\Java\jre1.8.0_152
28-Aug-2018 14:54:05.537 정보 [main] org.apache.catalina.startup.VersionLoggerListener.log JVM Version:           1.8.0_152-b16
28-Aug-2018 14:54:05.537 정보 [main] org.apache.catalina.startup.VersionLoggerListener.log JVM Vendor:            Oracle Corporation
28-Aug-2018 14:54:05.537 정보 [main] org.apache.catalina.startup.VersionLoggerListener.log CATALINA_BASE:         C:\Program Files\Apache Software Foundation\Tomcat 9.0
28-Aug-2018 14:54:05.537 정보 [main] org.apache.catalina.startup.VersionLoggerListener.log CATALINA_HOME:         C:\Program Files\Apache Software Foundation\Tomcat 9.0
28-Aug-2018 14:54:05.537 정보 [main] org.apache.catalina.startup.VersionLoggerListener.log Command line argument: -Dcatalina.home=C:\Program Files\Apache Software Foundation\Tomcat 9.0
28-Aug-2018 14:54:05.537 정보 [main] org.apache.catalina.startup.VersionLoggerListener.log Command line argument: -Dcatalina.base=C:\Program Files\Apache Software Foundation\Tomcat 9.0
28-Aug-2018 14:54:05.537 정보 [main] org.apache.catalina.startup.VersionLoggerListener.log Command line argument: -Djava.io.tmpdir=C:\Program Files\Apache Software Foundation\Tomcat 9.0\temp
28-Aug-2018 14:54:05.537 정보 [main] org.apache.catalina.startup.VersionLoggerListener.log Command line argument: -Djava.util.logging.manager=org.apache.juli.ClassLoaderLogManager
28-Aug-2018 14:54:05.537 정보 [main] org.apache.catalina.startup.VersionLoggerListener.log Command line argument: -Djava.util.logging.config.file=C:\Program Files\Apache Software Foundation\Tomcat 9.0\conf\logging.properties
28-Aug-2018 14:54:05.537 정보 [main] org.apache.catalina.startup.VersionLoggerListener.log Command line argument: exit
28-Aug-2018 14:54:05.537 정보 [main] org.apache.catalina.startup.VersionLoggerListener.log Command line argument: abort
28-Aug-2018 14:54:05.537 정보 [main] org.apache.catalina.startup.VersionLoggerListener.log Command line argument: -Xms128m
28-Aug-2018 14:54:05.537 정보 [main] org.apache.catalina.startup.VersionLoggerListener.log Command line argument: -Xmx256m
28-Aug-2018 14:54:05.537 정보 [main] org.apache.catalina.core.AprLifecycleListener.lifecycleEvent The APR based Apache Tomcat Native library which allows optimal performance in production environments was not found on the java.library.path: [C:\Program Files\Apache Software Foundation\Tomcat 9.0\bin;C:\Windows\Sun\Java\bin;C:\Windows\system32;C:\Windows;C:\Program Files\Microsoft MPI\Bin\;C:\ProgramData\Oracle\Java\javapath;C:\Windows\system32;C:\Windows;C:\Windows\System32\Wbem;C:\Windows\System32\WindowsPowerShell\v1.0\;C:\Program Files (x86)\Microsoft SQL Server\140\Tools\Binn\;C:\Program Files\Microsoft SQL Server\140\Tools\Binn\;C:\Program Files (x86)\Microsoft SQL Server\140\DTS\Binn\;C:\Program Files\Microsoft SQL Server\140\DTS\Binn\;C:\Program Files\Microsoft SQL Server\Client SDK\ODBC\130\Tools\Binn\;C:\Program Files (x86)\Microsoft SQL Server\Client SDK\ODBC\130\Tools\Binn\;C:\Program Files (x86)\Microsoft SQL Server\140\Tools\Binn\ManagementStudio\;C:\Program Files (x86)\IDM Computer Solutions\UltraEdit-32;C:\Windows\system32\config\systemprofile\AppData\Local\Microsoft\WindowsApps;.]
28-Aug-2018 14:54:06.131 정보 [main] org.apache.coyote.AbstractProtocol.init Initializing ProtocolHandler ["http-nio-8086"]
28-Aug-2018 14:54:06.194 정보 [main] org.apache.tomcat.util.net.NioSelectorPool.getSharedSelector Using a shared selector for servlet write/read
28-Aug-2018 14:54:06.209 정보 [main] org.apache.coyote.AbstractProtocol.init Initializing ProtocolHandler ["ajp-nio-8009"]
28-Aug-2018 14:54:06.209 정보 [main] org.apache.tomcat.util.net.NioSelectorPool.getSharedSelector Using a shared selector for servlet write/read
28-Aug-2018 14:54:06.209 정보 [main] org.apache.catalina.startup.Catalina.load Initialization processed in 1205 ms
28-Aug-2018 14:54:06.256 정보 [main] org.apache.catalina.core.StandardService.startInternal Starting service [Catalina]
28-Aug-2018 14:54:06.256 정보 [main] org.apache.catalina.core.StandardEngine.startInternal Starting Servlet Engine: Apache Tomcat/9.0.11
28-Aug-2018 14:54:06.553 경고 [main] org.apache.tomcat.dbcp.dbcp2.BasicDataSourceFactory.getObjectInstance Name = mssql Property maxActive is not used in DBCP2, use maxTotal instead. maxTotal default value is 8. You have set value of "1000" for "maxActive" property, which is being ignored.
28-Aug-2018 14:54:06.663 정보 [main] org.apache.catalina.startup.HostConfig.deployDirectory Deploying web application directory [C:\Program Files\Apache Software Foundation\Tomcat 9.0\webapps\docs]
28-Aug-2018 14:54:06.709 정보 [main] org.apache.catalina.startup.HostConfig.deployDirectory Deployment of web application directory [C:\Program Files\Apache Software Foundation\Tomcat 9.0\webapps\docs] has finished in [46] ms
28-Aug-2018 14:54:06.709 정보 [main] org.apache.catalina.startup.HostConfig.deployDirectory Deploying web application directory [C:\Program Files\Apache Software Foundation\Tomcat 9.0\webapps\manager]
28-Aug-2018 14:54:06.772 정보 [main] org.apache.catalina.startup.HostConfig.deployDirectory Deployment of web application directory [C:\Program Files\Apache Software Foundation\Tomcat 9.0\webapps\manager] has finished in [63] ms
28-Aug-2018 14:54:06.772 정보 [main] org.apache.catalina.startup.HostConfig.deployDirectory Deploying web application directory [C:\Program Files\Apache Software Foundation\Tomcat 9.0\webapps\ROOT]
28-Aug-2018 14:54:06.803 정보 [main] org.apache.catalina.startup.HostConfig.deployDirectory Deployment of web application directory [C:\Program Files\Apache Software Foundation\Tomcat 9.0\webapps\ROOT] has finished in [31] ms
28-Aug-2018 14:54:06.803 정보 [main] org.apache.coyote.AbstractProtocol.start Starting ProtocolHandler ["http-nio-8086"]
28-Aug-2018 14:54:06.819 정보 [main] org.apache.coyote.AbstractProtocol.start Starting ProtocolHandler ["ajp-nio-8009"]
28-Aug-2018 14:54:06.819 정보 [main] org.apache.catalina.startup.Catalina.start Server startup in 606 ms
28-Aug-2018 15:03:37.201 정보 [Thread-6] org.apache.coyote.AbstractProtocol.pause Pausing ProtocolHandler ["http-nio-8086"]
28-Aug-2018 15:03:37.216 정보 [Thread-6] org.apache.coyote.AbstractProtocol.pause Pausing ProtocolHandler ["ajp-nio-8009"]
28-Aug-2018 15:03:37.248 정보 [Thread-6] org.apache.catalina.core.StandardService.stopInternal Stopping service [Catalina]
28-Aug-2018 15:03:37.279 정보 [Thread-6] org.apache.coyote.AbstractProtocol.stop Stopping ProtocolHandler ["http-nio-8086"]
28-Aug-2018 15:03:37.279 정보 [Thread-6] org.apache.coyote.AbstractProtocol.stop Stopping ProtocolHandler ["ajp-nio-8009"]

2018-08-28 15:03:46 Commons Daemon procrun stderr initialized
28-Aug-2018 15:03:47.263 정보 [main] org.apache.catalina.startup.VersionLoggerListener.log Server version:        Apache Tomcat/9.0.11
28-Aug-2018 15:03:47.263 정보 [main] org.apache.catalina.startup.VersionLoggerListener.log Server built:          Aug 11 2018 19:47:23 UTC
28-Aug-2018 15:03:47.263 정보 [main] org.apache.catalina.startup.VersionLoggerListener.log Server number:         9.0.11.0
28-Aug-2018 15:03:47.263 정보 [main] org.apache.catalina.startup.VersionLoggerListener.log OS Name:               Windows Server 2016
28-Aug-2018 15:03:47.263 정보 [main] org.apache.catalina.startup.VersionLoggerListener.log OS Version:            10.0
28-Aug-2018 15:03:47.279 정보 [main] org.apache.catalina.startup.VersionLoggerListener.log Architecture:          amd64
28-Aug-2018 15:03:47.279 정보 [main] org.apache.catalina.startup.VersionLoggerListener.log Java Home:             C:\Program Files\Java\jre1.8.0_152
28-Aug-2018 15:03:47.279 정보 [main] org.apache.catalina.startup.VersionLoggerListener.log JVM Version:           1.8.0_152-b16
28-Aug-2018 15:03:47.279 정보 [main] org.apache.catalina.startup.VersionLoggerListener.log JVM Vendor:            Oracle Corporation
28-Aug-2018 15:03:47.279 정보 [main] org.apache.catalina.startup.VersionLoggerListener.log CATALINA_BASE:         C:\Program Files\Apache Software Foundation\Tomcat 9.0
28-Aug-2018 15:03:47.279 정보 [main] org.apache.catalina.startup.VersionLoggerListener.log CATALINA_HOME:         C:\Program Files\Apache Software Foundation\Tomcat 9.0
28-Aug-2018 15:03:47.279 정보 [main] org.apache.catalina.startup.VersionLoggerListener.log Command line argument: -Dcatalina.home=C:\Program Files\Apache Software Foundation\Tomcat 9.0
28-Aug-2018 15:03:47.279 정보 [main] org.apache.catalina.startup.VersionLoggerListener.log Command line argument: -Dcatalina.base=C:\Program Files\Apache Software Foundation\Tomcat 9.0
28-Aug-2018 15:03:47.279 정보 [main] org.apache.catalina.startup.VersionLoggerListener.log Command line argument: -Djava.io.tmpdir=C:\Program Files\Apache Software Foundation\Tomcat 9.0\temp
28-Aug-2018 15:03:47.279 정보 [main] org.apache.catalina.startup.VersionLoggerListener.log Command line argument: -Djava.util.logging.manager=org.apache.juli.ClassLoaderLogManager
28-Aug-2018 15:03:47.279 정보 [main] org.apache.catalina.startup.VersionLoggerListener.log Command line argument: -Djava.util.logging.config.file=C:\Program Files\Apache Software Foundation\Tomcat 9.0\conf\logging.properties
28-Aug-2018 15:03:47.279 정보 [main] org.apache.catalina.startup.VersionLoggerListener.log Command line argument: exit
28-Aug-2018 15:03:47.279 정보 [main] org.apache.catalina.startup.VersionLoggerListener.log Command line argument: abort
28-Aug-2018 15:03:47.279 정보 [main] org.apache.catalina.startup.VersionLoggerListener.log Command line argument: -Xms128m
28-Aug-2018 15:03:47.279 정보 [main] org.apache.catalina.startup.VersionLoggerListener.log Command line argument: -Xmx256m
28-Aug-2018 15:03:47.279 정보 [main] org.apache.catalina.core.AprLifecycleListener.lifecycleEvent The APR based Apache Tomcat Native library which allows optimal performance in production environments was not found on the java.library.path: [C:\Program Files\Apache Software Foundation\Tomcat 9.0\bin;C:\Windows\Sun\Java\bin;C:\Windows\system32;C:\Windows;C:\Program Files\Microsoft MPI\Bin\;C:\ProgramData\Oracle\Java\javapath;C:\Windows\system32;C:\Windows;C:\Windows\System32\Wbem;C:\Windows\System32\WindowsPowerShell\v1.0\;C:\Program Files (x86)\Microsoft SQL Server\140\Tools\Binn\;C:\Program Files\Microsoft SQL Server\140\Tools\Binn\;C:\Program Files (x86)\Microsoft SQL Server\140\DTS\Binn\;C:\Program Files\Microsoft SQL Server\140\DTS\Binn\;C:\Program Files\Microsoft SQL Server\Client SDK\ODBC\130\Tools\Binn\;C:\Program Files (x86)\Microsoft SQL Server\Client SDK\ODBC\130\Tools\Binn\;C:\Program Files (x86)\Microsoft SQL Server\140\Tools\Binn\ManagementStudio\;C:\Program Files (x86)\IDM Computer Solutions\UltraEdit-32;C:\Windows\system32\config\systemprofile\AppData\Local\Microsoft\WindowsApps;.]
28-Aug-2018 15:03:47.435 정보 [main] org.apache.coyote.AbstractProtocol.init Initializing ProtocolHandler ["http-nio-8086"]
28-Aug-2018 15:03:47.497 정보 [main] org.apache.tomcat.util.net.NioSelectorPool.getSharedSelector Using a shared selector for servlet write/read
28-Aug-2018 15:03:47.497 정보 [main] org.apache.coyote.AbstractProtocol.init Initializing ProtocolHandler ["ajp-nio-8009"]
28-Aug-2018 15:03:47.513 정보 [main] org.apache.tomcat.util.net.NioSelectorPool.getSharedSelector Using a shared selector for servlet write/read
28-Aug-2018 15:03:47.513 정보 [main] org.apache.catalina.startup.Catalina.load Initialization processed in 716 ms
28-Aug-2018 15:03:47.544 정보 [main] org.apache.catalina.core.StandardService.startInternal Starting service [Catalina]
28-Aug-2018 15:03:47.544 정보 [main] org.apache.catalina.core.StandardEngine.startInternal Starting Servlet Engine: Apache Tomcat/9.0.11
28-Aug-2018 15:03:47.857 경고 [main] org.apache.tomcat.dbcp.dbcp2.BasicDataSourceFactory.getObjectInstance Name = mssql Property maxActive is not used in DBCP2, use maxTotal instead. maxTotal default value is 8. You have set value of "1000" for "maxActive" property, which is being ignored.
28-Aug-2018 15:03:47.966 정보 [main] org.apache.catalina.startup.HostConfig.deployDirectory Deploying web application directory [C:\Program Files\Apache Software Foundation\Tomcat 9.0\webapps\docs]
28-Aug-2018 15:03:47.997 정보 [main] org.apache.catalina.startup.HostConfig.deployDirectory Deployment of web application directory [C:\Program Files\Apache Software Foundation\Tomcat 9.0\webapps\docs] has finished in [31] ms
28-Aug-2018 15:03:47.997 정보 [main] org.apache.catalina.startup.HostConfig.deployDirectory Deploying web application directory [C:\Program Files\Apache Software Foundation\Tomcat 9.0\webapps\manager]
28-Aug-2018 15:03:48.044 정보 [main] org.apache.catalina.startup.HostConfig.deployDirectory Deployment of web application directory [C:\Program Files\Apache Software Foundation\Tomcat 9.0\webapps\manager] has finished in [47] ms
28-Aug-2018 15:03:48.044 정보 [main] org.apache.catalina.startup.HostConfig.deployDirectory Deploying web application directory [C:\Program Files\Apache Software Foundation\Tomcat 9.0\webapps\ROOT]
28-Aug-2018 15:03:48.075 정보 [main] org.apache.catalina.startup.HostConfig.deployDirectory Deployment of web application directory [C:\Program Files\Apache Software Foundation\Tomcat 9.0\webapps\ROOT] has finished in [31] ms
28-Aug-2018 15:03:48.075 정보 [main] org.apache.coyote.AbstractProtocol.start Starting ProtocolHandler ["http-nio-8086"]
28-Aug-2018 15:03:48.075 정보 [main] org.apache.coyote.AbstractProtocol.start Starting ProtocolHandler ["ajp-nio-8009"]
28-Aug-2018 15:03:48.091 정보 [main] org.apache.catalina.startup.Catalina.start Server startup in 579 ms
28-Aug-2018 15:03:51.372 정보 [Thread-6] org.apache.coyote.AbstractProtocol.pause Pausing ProtocolHandler ["http-nio-8086"]
28-Aug-2018 15:03:51.388 정보 [Thread-6] org.apache.coyote.AbstractProtocol.pause Pausing ProtocolHandler ["ajp-nio-8009"]
28-Aug-2018 15:03:51.466 정보 [Thread-6] org.apache.catalina.core.StandardService.stopInternal Stopping service [Catalina]
28-Aug-2018 15:03:51.482 정보 [Thread-6] org.apache.coyote.AbstractProtocol.stop Stopping ProtocolHandler ["http-nio-8086"]
28-Aug-2018 15:03:51.482 정보 [Thread-6] org.apache.coyote.AbstractProtocol.stop Stopping ProtocolHandler ["ajp-nio-8009"]

2018-08-28 15:03:59 Commons Daemon procrun stderr initialized
28-Aug-2018 15:04:00.934 정보 [main] org.apache.catalina.startup.VersionLoggerListener.log Server version:        Apache Tomcat/9.0.11
28-Aug-2018 15:04:00.934 정보 [main] org.apache.catalina.startup.VersionLoggerListener.log Server built:          Aug 11 2018 19:47:23 UTC
28-Aug-2018 15:04:00.934 정보 [main] org.apache.catalina.startup.VersionLoggerListener.log Server number:         9.0.11.0
28-Aug-2018 15:04:00.934 정보 [main] org.apache.catalina.startup.VersionLoggerListener.log OS Name:               Windows Server 2016
28-Aug-2018 15:04:00.934 정보 [main] org.apache.catalina.startup.VersionLoggerListener.log OS Version:            10.0
28-Aug-2018 15:04:00.934 정보 [main] org.apache.catalina.startup.VersionLoggerListener.log Architecture:          amd64
28-Aug-2018 15:04:00.934 정보 [main] org.apache.catalina.startup.VersionLoggerListener.log Java Home:             C:\Program Files\Java\jre1.8.0_152
28-Aug-2018 15:04:00.934 정보 [main] org.apache.catalina.startup.VersionLoggerListener.log JVM Version:           1.8.0_152-b16
28-Aug-2018 15:04:00.934 정보 [main] org.apache.catalina.startup.VersionLoggerListener.log JVM Vendor:            Oracle Corporation
28-Aug-2018 15:04:00.934 정보 [main] org.apache.catalina.startup.VersionLoggerListener.log CATALINA_BASE:         C:\Program Files\Apache Software Foundation\Tomcat 9.0
28-Aug-2018 15:04:00.934 정보 [main] org.apache.catalina.startup.VersionLoggerListener.log CATALINA_HOME:         C:\Program Files\Apache Software Foundation\Tomcat 9.0
28-Aug-2018 15:04:00.934 정보 [main] org.apache.catalina.startup.VersionLoggerListener.log Command line argument: -Dcatalina.home=C:\Program Files\Apache Software Foundation\Tomcat 9.0
28-Aug-2018 15:04:00.934 정보 [main] org.apache.catalina.startup.VersionLoggerListener.log Command line argument: -Dcatalina.base=C:\Program Files\Apache Software Foundation\Tomcat 9.0
28-Aug-2018 15:04:00.934 정보 [main] org.apache.catalina.startup.VersionLoggerListener.log Command line argument: -Djava.io.tmpdir=C:\Program Files\Apache Software Foundation\Tomcat 9.0\temp
28-Aug-2018 15:04:00.934 정보 [main] org.apache.catalina.startup.VersionLoggerListener.log Command line argument: -Djava.util.logging.manager=org.apache.juli.ClassLoaderLogManager
28-Aug-2018 15:04:00.934 정보 [main] org.apache.catalina.startup.VersionLoggerListener.log Command line argument: -Djava.util.logging.config.file=C:\Program Files\Apache Software Foundation\Tomcat 9.0\conf\logging.properties
28-Aug-2018 15:04:00.934 정보 [main] org.apache.catalina.startup.VersionLoggerListener.log Command line argument: exit
28-Aug-2018 15:04:00.934 정보 [main] org.apache.catalina.startup.VersionLoggerListener.log Command line argument: abort
28-Aug-2018 15:04:00.934 정보 [main] org.apache.catalina.startup.VersionLoggerListener.log Command line argument: -Xms128m
28-Aug-2018 15:04:00.934 정보 [main] org.apache.catalina.startup.VersionLoggerListener.log Command line argument: -Xmx256m
28-Aug-2018 15:04:00.950 정보 [main] org.apache.catalina.core.AprLifecycleListener.lifecycleEvent The APR based Apache Tomcat Native library which allows optimal performance in production environments was not found on the java.library.path: [C:\Program Files\Apache Software Foundation\Tomcat 9.0\bin;C:\Windows\Sun\Java\bin;C:\Windows\system32;C:\Windows;C:\Program Files\Microsoft MPI\Bin\;C:\ProgramData\Oracle\Java\javapath;C:\Windows\system32;C:\Windows;C:\Windows\System32\Wbem;C:\Windows\System32\WindowsPowerShell\v1.0\;C:\Program Files (x86)\Microsoft SQL Server\140\Tools\Binn\;C:\Program Files\Microsoft SQL Server\140\Tools\Binn\;C:\Program Files (x86)\Microsoft SQL Server\140\DTS\Binn\;C:\Program Files\Microsoft SQL Server\140\DTS\Binn\;C:\Program Files\Microsoft SQL Server\Client SDK\ODBC\130\Tools\Binn\;C:\Program Files (x86)\Microsoft SQL Server\Client SDK\ODBC\130\Tools\Binn\;C:\Program Files (x86)\Microsoft SQL Server\140\Tools\Binn\ManagementStudio\;C:\Program Files (x86)\IDM Computer Solutions\UltraEdit-32;C:\Windows\system32\config\systemprofile\AppData\Local\Microsoft\WindowsApps;.]
28-Aug-2018 15:04:01.106 정보 [main] org.apache.coyote.AbstractProtocol.init Initializing ProtocolHandler ["http-nio-8086"]
28-Aug-2018 15:04:01.153 정보 [main] org.apache.tomcat.util.net.NioSelectorPool.getSharedSelector Using a shared selector for servlet write/read
28-Aug-2018 15:04:01.153 정보 [main] org.apache.coyote.AbstractProtocol.init Initializing ProtocolHandler ["ajp-nio-8009"]
28-Aug-2018 15:04:01.153 정보 [main] org.apache.tomcat.util.net.NioSelectorPool.getSharedSelector Using a shared selector for servlet write/read
28-Aug-2018 15:04:01.153 정보 [main] org.apache.catalina.startup.Catalina.load Initialization processed in 730 ms
28-Aug-2018 15:04:01.200 정보 [main] org.apache.catalina.core.StandardService.startInternal Starting service [Catalina]
28-Aug-2018 15:04:01.200 정보 [main] org.apache.catalina.core.StandardEngine.startInternal Starting Servlet Engine: Apache Tomcat/9.0.11
28-Aug-2018 15:04:01.481 경고 [main] org.apache.tomcat.dbcp.dbcp2.BasicDataSourceFactory.getObjectInstance Name = mssql Property maxActive is not used in DBCP2, use maxTotal instead. maxTotal default value is 8. You have set value of "1000" for "maxActive" property, which is being ignored.
28-Aug-2018 15:04:01.591 정보 [main] org.apache.catalina.startup.HostConfig.deployDirectory Deploying web application directory [C:\Program Files\Apache Software Foundation\Tomcat 9.0\webapps\docs]
28-Aug-2018 15:04:01.606 정보 [main] org.apache.catalina.startup.HostConfig.deployDirectory Deployment of web application directory [C:\Program Files\Apache Software Foundation\Tomcat 9.0\webapps\docs] has finished in [15] ms
28-Aug-2018 15:04:01.606 정보 [main] org.apache.catalina.startup.HostConfig.deployDirectory Deploying web application directory [C:\Program Files\Apache Software Foundation\Tomcat 9.0\webapps\manager]
28-Aug-2018 15:04:01.653 정보 [main] org.apache.catalina.startup.HostConfig.deployDirectory Deployment of web application directory [C:\Program Files\Apache Software Foundation\Tomcat 9.0\webapps\manager] has finished in [47] ms
28-Aug-2018 15:04:01.653 정보 [main] org.apache.catalina.startup.HostConfig.deployDirectory Deploying web application directory [C:\Program Files\Apache Software Foundation\Tomcat 9.0\webapps\ROOT]
28-Aug-2018 15:04:01.685 정보 [main] org.apache.catalina.startup.HostConfig.deployDirectory Deployment of web application directory [C:\Program Files\Apache Software Foundation\Tomcat 9.0\webapps\ROOT] has finished in [32] ms
28-Aug-2018 15:04:01.685 정보 [main] org.apache.coyote.AbstractProtocol.start Starting ProtocolHandler ["http-nio-8086"]
28-Aug-2018 15:04:01.700 정보 [main] org.apache.coyote.AbstractProtocol.start Starting ProtocolHandler ["ajp-nio-8009"]
28-Aug-2018 15:04:01.700 정보 [main] org.apache.catalina.startup.Catalina.start Server startup in 535 ms
28-Aug-2018 15:12:07.693 정보 [Thread-6] org.apache.coyote.AbstractProtocol.pause Pausing ProtocolHandler ["http-nio-8086"]
28-Aug-2018 15:12:07.771 정보 [Thread-6] org.apache.coyote.AbstractProtocol.pause Pausing ProtocolHandler ["ajp-nio-8009"]
28-Aug-2018 15:12:07.786 정보 [Thread-6] org.apache.catalina.core.StandardService.stopInternal Stopping service [Catalina]
28-Aug-2018 15:12:07.817 정보 [Thread-6] org.apache.coyote.AbstractProtocol.stop Stopping ProtocolHandler ["http-nio-8086"]
28-Aug-2018 15:12:07.817 정보 [Thread-6] org.apache.coyote.AbstractProtocol.stop Stopping ProtocolHandler ["ajp-nio-8009"]

2018-08-28 15:14:48 Commons Daemon procrun stderr initialized
28-Aug-2018 15:14:49.151 정보 [main] org.apache.catalina.startup.VersionLoggerListener.log Server version:        Apache Tomcat/9.0.11
28-Aug-2018 15:14:49.151 정보 [main] org.apache.catalina.startup.VersionLoggerListener.log Server built:          Aug 11 2018 19:47:23 UTC
28-Aug-2018 15:14:49.151 정보 [main] org.apache.catalina.startup.VersionLoggerListener.log Server number:         9.0.11.0
28-Aug-2018 15:14:49.151 정보 [main] org.apache.catalina.startup.VersionLoggerListener.log OS Name:               Windows Server 2016
28-Aug-2018 15:14:49.151 정보 [main] org.apache.catalina.startup.VersionLoggerListener.log OS Version:            10.0
28-Aug-2018 15:14:49.151 정보 [main] org.apache.catalina.startup.VersionLoggerListener.log Architecture:          amd64
28-Aug-2018 15:14:49.151 정보 [main] org.apache.catalina.startup.VersionLoggerListener.log Java Home:             C:\Program Files\Java\jre1.8.0_152
28-Aug-2018 15:14:49.151 정보 [main] org.apache.catalina.startup.VersionLoggerListener.log JVM Version:           1.8.0_152-b16
28-Aug-2018 15:14:49.151 정보 [main] org.apache.catalina.startup.VersionLoggerListener.log JVM Vendor:            Oracle Corporation
28-Aug-2018 15:14:49.151 정보 [main] org.apache.catalina.startup.VersionLoggerListener.log CATALINA_BASE:         C:\Program Files\Apache Software Foundation\Tomcat 9.0
28-Aug-2018 15:14:49.151 정보 [main] org.apache.catalina.startup.VersionLoggerListener.log CATALINA_HOME:         C:\Program Files\Apache Software Foundation\Tomcat 9.0
28-Aug-2018 15:14:49.151 정보 [main] org.apache.catalina.startup.VersionLoggerListener.log Command line argument: -Dcatalina.home=C:\Program Files\Apache Software Foundation\Tomcat 9.0
28-Aug-2018 15:14:49.151 정보 [main] org.apache.catalina.startup.VersionLoggerListener.log Command line argument: -Dcatalina.base=C:\Program Files\Apache Software Foundation\Tomcat 9.0
28-Aug-2018 15:14:49.151 정보 [main] org.apache.catalina.startup.VersionLoggerListener.log Command line argument: -Djava.io.tmpdir=C:\Program Files\Apache Software Foundation\Tomcat 9.0\temp
28-Aug-2018 15:14:49.151 정보 [main] org.apache.catalina.startup.VersionLoggerListener.log Command line argument: -Djava.util.logging.manager=org.apache.juli.ClassLoaderLogManager
28-Aug-2018 15:14:49.151 정보 [main] org.apache.catalina.startup.VersionLoggerListener.log Command line argument: -Djava.util.logging.config.file=C:\Program Files\Apache Software Foundation\Tomcat 9.0\conf\logging.properties
28-Aug-2018 15:14:49.151 정보 [main] org.apache.catalina.startup.VersionLoggerListener.log Command line argument: exit
28-Aug-2018 15:14:49.151 정보 [main] org.apache.catalina.startup.VersionLoggerListener.log Command line argument: abort
28-Aug-2018 15:14:49.151 정보 [main] org.apache.catalina.startup.VersionLoggerListener.log Command line argument: -Xms128m
28-Aug-2018 15:14:49.151 정보 [main] org.apache.catalina.startup.VersionLoggerListener.log Command line argument: -Xmx256m
28-Aug-2018 15:14:49.151 정보 [main] org.apache.catalina.core.AprLifecycleListener.lifecycleEvent The APR based Apache Tomcat Native library which allows optimal performance in production environments was not found on the java.library.path: [C:\Program Files\Apache Software Foundation\Tomcat 9.0\bin;C:\Windows\Sun\Java\bin;C:\Windows\system32;C:\Windows;C:\Program Files\Microsoft MPI\Bin\;C:\ProgramData\Oracle\Java\javapath;C:\Windows\system32;C:\Windows;C:\Windows\System32\Wbem;C:\Windows\System32\WindowsPowerShell\v1.0\;C:\Program Files (x86)\Microsoft SQL Server\140\Tools\Binn\;C:\Program Files\Microsoft SQL Server\140\Tools\Binn\;C:\Program Files (x86)\Microsoft SQL Server\140\DTS\Binn\;C:\Program Files\Microsoft SQL Server\140\DTS\Binn\;C:\Program Files\Microsoft SQL Server\Client SDK\ODBC\130\Tools\Binn\;C:\Program Files (x86)\Microsoft SQL Server\Client SDK\ODBC\130\Tools\Binn\;C:\Program Files (x86)\Microsoft SQL Server\140\Tools\Binn\ManagementStudio\;C:\Program Files (x86)\IDM Computer Solutions\UltraEdit-32;C:\Windows\system32\config\systemprofile\AppData\Local\Microsoft\WindowsApps;.]
28-Aug-2018 15:14:49.323 정보 [main] org.apache.coyote.AbstractProtocol.init Initializing ProtocolHandler ["http-nio-8086"]
28-Aug-2018 15:14:49.385 정보 [main] org.apache.tomcat.util.net.NioSelectorPool.getSharedSelector Using a shared selector for servlet write/read
28-Aug-2018 15:14:49.385 정보 [main] org.apache.coyote.AbstractProtocol.init Initializing ProtocolHandler ["ajp-nio-8009"]
28-Aug-2018 15:14:49.401 정보 [main] org.apache.tomcat.util.net.NioSelectorPool.getSharedSelector Using a shared selector for servlet write/read
28-Aug-2018 15:14:49.401 정보 [main] org.apache.catalina.startup.Catalina.load Initialization processed in 753 ms
28-Aug-2018 15:14:49.432 정보 [main] org.apache.catalina.core.StandardService.startInternal Starting service [Catalina]
28-Aug-2018 15:14:49.432 정보 [main] org.apache.catalina.core.StandardEngine.startInternal Starting Servlet Engine: Apache Tomcat/9.0.11
28-Aug-2018 15:14:50.291 경고 [main] org.apache.tomcat.dbcp.dbcp2.BasicDataSourceFactory.getObjectInstance Name = mssql Property maxActive is not used in DBCP2, use maxTotal instead. maxTotal default value is 8. You have set value of "1000" for "maxActive" property, which is being ignored.
28-Aug-2018 15:14:50.338 정보 [main] org.apache.jasper.servlet.TldScanner.scanJars At least one JAR was scanned for TLDs yet contained no TLDs. Enable debug logging for this logger for a complete list of JARs that were scanned but no TLDs were found in them. Skipping unneeded JARs during scanning can improve startup time and JSP compilation time.
28-Aug-2018 15:14:50.400 정보 [main] org.apache.catalina.startup.HostConfig.deployDirectory Deploying web application directory [C:\Program Files\Apache Software Foundation\Tomcat 9.0\webapps\docs]
28-Aug-2018 15:14:50.431 정보 [main] org.apache.catalina.startup.HostConfig.deployDirectory Deployment of web application directory [C:\Program Files\Apache Software Foundation\Tomcat 9.0\webapps\docs] has finished in [31] ms
28-Aug-2018 15:14:50.431 정보 [main] org.apache.catalina.startup.HostConfig.deployDirectory Deploying web application directory [C:\Program Files\Apache Software Foundation\Tomcat 9.0\webapps\manager]
28-Aug-2018 15:14:50.478 정보 [main] org.apache.catalina.startup.HostConfig.deployDirectory Deployment of web application directory [C:\Program Files\Apache Software Foundation\Tomcat 9.0\webapps\manager] has finished in [47] ms
28-Aug-2018 15:14:50.478 정보 [main] org.apache.catalina.startup.HostConfig.deployDirectory Deploying web application directory [C:\Program Files\Apache Software Foundation\Tomcat 9.0\webapps\ROOT]
28-Aug-2018 15:14:50.494 정보 [main] org.apache.catalina.startup.HostConfig.deployDirectory Deployment of web application directory [C:\Program Files\Apache Software Foundation\Tomcat 9.0\webapps\ROOT] has finished in [16] ms
28-Aug-2018 15:14:50.494 정보 [main] org.apache.coyote.AbstractProtocol.start Starting ProtocolHandler ["http-nio-8086"]
28-Aug-2018 15:14:50.509 정보 [main] org.apache.coyote.AbstractProtocol.start Starting ProtocolHandler ["ajp-nio-8009"]
28-Aug-2018 15:14:50.509 정보 [main] org.apache.catalina.startup.Catalina.start Server startup in 1114 ms
