2016. 4. 13 오전 11:05:16 org.apache.coyote.http11.Http11Protocol pause
정보: Pausing Coyote HTTP/1.1 on http-8884
2016. 4. 13 오전 11:05:17 org.apache.catalina.core.StandardService stop
정보: Stopping service Catalina
2016. 4. 13 오전 11:05:17 org.apache.coyote.http11.Http11Protocol destroy
정보: Stopping Coyote HTTP/1.1 on http-8884
2016. 4. 13 오전 11:15:33 org.apache.catalina.core.AprLifecycleListener init
정보: The APR based Apache Tomcat Native library which allows optimal performance in production environments was not found on the java.library.path: C:\Program Files\Apache Software Foundation\Tomcat 6.0_Game4FarmVill5\bin;C:\Windows\Sun\Java\bin;C:\Windows\system32;C:\Windows;C:\Windows\system32;C:\Windows;C:\Windows\System32\Wbem;C:\Windows\System32\WindowsPowerShell\v1.0\;C:\Program Files\Java\jdk1.6.0_30\bin;C:\Program Files\Apache Software Foundation\Tomcat 6.0\bin;.
2016. 4. 13 오전 11:15:33 org.apache.coyote.http11.Http11Protocol init
정보: Initializing Coyote HTTP/1.1 on http-8882
2016. 4. 13 오전 11:15:33 org.apache.catalina.startup.Catalina load
정보: Initialization processed in 770 ms
2016. 4. 13 오전 11:15:33 org.apache.catalina.core.StandardService start
정보: Starting service Catalina
2016. 4. 13 오전 11:15:33 org.apache.catalina.core.StandardEngine start
정보: Starting Servlet Engine: Apache Tomcat/6.0.37
2016. 4. 13 오전 11:15:34 org.apache.catalina.startup.HostConfig deployDescriptor
정보: Deploying configuration descriptor host-manager.xml
2016. 4. 13 오전 11:15:34 org.apache.catalina.startup.HostConfig deployDescriptor
정보: Deploying configuration descriptor manager.xml
2016. 4. 13 오전 11:15:34 org.apache.catalina.startup.HostConfig deployDirectory
정보: Deploying web application directory docs
2016. 4. 13 오전 11:15:34 org.apache.catalina.startup.HostConfig deployDirectory
정보: Deploying web application directory ROOT
2016. 4. 13 오전 11:15:34 org.apache.coyote.http11.Http11Protocol start
정보: Starting Coyote HTTP/1.1 on http-8882
2016. 4. 13 오전 11:15:34 org.apache.jk.common.ChannelSocket init
정보: JK: ajp13 listening on /0.0.0.0:8829
2016. 4. 13 오전 11:15:34 org.apache.jk.server.JkMain start
정보: Jk running ID=0 time=0/15  config=null
2016. 4. 13 오전 11:15:34 org.apache.catalina.startup.Catalina start
정보: Server startup in 788 ms
