2016. 5. 7 오전 11:52:37 org.apache.catalina.core.StandardWrapperValve invoke
정보: ==============================
e:com.microsoft.sqlserver.jdbc.SQLServerException: 열 이름 bgcttradecnt이(가) 잘못되었습니다.
org.apache.jsp.goo.trade_jsp@1777da04
 gameid:farm7296731
 password:0846443n3h0t0r644245
 userinfo:0:2014;1:3;2:0;4:0;10:12;11:141;12:171;13:1881;30:3;40:-1;41:-1;44:-1;45:-1;42:-1;43:0;
 aniitem:1:8,1,0;16:5,25,0;20:7,25,0;24:4,24,0;44:6,22,0;43:6,22,0;
 cusitem:
 tradeinfo:0:127;1:6;10:12;11:2;12:120;20:55;30:2;31:35;61:1;62:1;63:2;64:1;70:1;33:4;34:11;35:140;40:2012;50:0;51:4;52:10;
 paraminfo:0:90113;1:0;2:0;3:0;4:201401;5:0;

2016. 5. 7 오전 11:52:37 org.apache.catalina.core.StandardWrapperValve invoke
정보: ==============================
e:com.microsoft.sqlserver.jdbc.SQLServerException: 열 이름 bgcttradecnt이(가) 잘못되었습니다.
org.apache.jsp.goo.trade_jsp@1777da04
 gameid:farm7296731
 password:0846443n3h0t0r644245
 userinfo:0:2014;1:3;2:0;4:0;10:12;11:141;12:171;13:1881;30:3;40:-1;41:-1;44:-1;45:-1;42:-1;43:0;
 aniitem:1:8,1,0;16:5,25,0;20:7,25,0;24:4,24,0;44:6,22,0;43:6,22,0;
 cusitem:
 tradeinfo:0:127;1:6;10:12;11:2;12:120;20:55;30:2;31:35;61:1;62:1;63:2;64:1;70:1;33:4;34:11;35:140;40:5101;50:0;51:4;52:10;
 paraminfo:0:90113;1:0;2:0;3:0;4:201401;5:0;

2016. 5. 7 오전 11:52:38 org.apache.catalina.core.StandardWrapperValve invoke
정보: ==============================
e:com.microsoft.sqlserver.jdbc.SQLServerException: 열 이름 bgcttradecnt이(가) 잘못되었습니다.
org.apache.jsp.goo.trade_jsp@1777da04
 gameid:farm7296731
 password:0846443n3h0t0r644245
 userinfo:0:2014;1:3;2:0;4:0;10:12;11:141;12:171;13:1881;30:3;40:-1;41:-1;44:-1;45:-1;42:-1;43:0;
 aniitem:1:8,1,0;16:5,25,0;20:7,25,0;24:4,24,0;44:6,22,0;43:6,22,0;
 cusitem:
 tradeinfo:0:127;1:6;10:12;11:2;12:120;20:55;30:2;31:35;61:1;62:1;63:2;64:1;70:1;33:4;34:11;35:140;40:1002;50:0;51:4;52:10;
 paraminfo:0:90113;1:0;2:0;3:0;4:201401;5:0;

2016. 5. 7 오전 11:52:39 org.apache.catalina.core.StandardWrapperValve invoke
정보: ==============================
e:com.microsoft.sqlserver.jdbc.SQLServerException: 열 이름 bgcttradecnt이(가) 잘못되었습니다.
org.apache.jsp.goo.trade_jsp@1777da04
 gameid:farm7296731
 password:0846443n3h0t0r644245
 userinfo:0:2014;1:3;2:0;4:0;10:12;11:141;12:171;13:1881;30:3;40:-1;41:-1;44:-1;45:-1;42:-1;43:0;
 aniitem:1:8,1,0;16:5,25,0;20:7,25,0;24:4,24,0;44:6,22,0;43:6,22,0;
 cusitem:
 tradeinfo:0:127;1:6;10:12;11:2;12:120;20:55;30:2;31:35;61:1;62:1;63:2;64:1;70:1;33:4;34:11;35:140;40:2011;50:0;51:4;52:10;
 paraminfo:0:90113;1:0;2:0;3:0;4:201401;5:0;

2016. 5. 7 오전 11:52:39 org.apache.catalina.core.StandardWrapperValve invoke
정보: ==============================
e:com.microsoft.sqlserver.jdbc.SQLServerException: 열 이름 bgcttradecnt이(가) 잘못되었습니다.
org.apache.jsp.goo.trade_jsp@1777da04
 gameid:farm7296731
 password:0846443n3h0t0r644245
 userinfo:0:2014;1:3;2:0;4:0;10:12;11:141;12:171;13:1881;30:3;40:-1;41:-1;44:-1;45:-1;42:-1;43:0;
 aniitem:1:8,1,0;16:5,25,0;20:7,25,0;24:4,24,0;44:6,22,0;43:6,22,0;
 cusitem:
 tradeinfo:0:127;1:6;10:12;11:2;12:120;20:55;30:2;31:35;61:1;62:1;63:2;64:1;70:1;33:4;34:11;35:140;40:800;50:0;51:4;52:10;
 paraminfo:0:90113;1:0;2:0;3:0;4:201401;5:0;

2016. 5. 7 오전 11:52:40 org.apache.catalina.core.StandardWrapperValve invoke
정보: ==============================
e:com.microsoft.sqlserver.jdbc.SQLServerException: 열 이름 bgcttradecnt이(가) 잘못되었습니다.
org.apache.jsp.goo.trade_jsp@1777da04
 gameid:farm7296731
 password:0846443n3h0t0r644245
 userinfo:0:2014;1:3;2:0;4:0;10:12;11:141;12:171;13:1881;30:3;40:-1;41:-1;44:-1;45:-1;42:-1;43:0;
 aniitem:1:8,1,0;16:5,25,0;20:7,25,0;24:4,24,0;44:6,22,0;43:6,22,0;
 cusitem:
 tradeinfo:0:127;1:6;10:12;11:2;12:120;20:55;30:2;31:35;61:1;62:1;63:2;64:1;70:1;33:4;34:11;35:140;40:1001;50:0;51:4;52:10;
 paraminfo:0:90113;1:0;2:0;3:0;4:201401;5:0;

2016. 5. 7 오전 11:52:40 org.apache.catalina.core.StandardWrapperValve invoke
정보: ==============================
e:com.microsoft.sqlserver.jdbc.SQLServerException: 열 이름 bgcttradecnt이(가) 잘못되었습니다.
org.apache.jsp.goo.trade_jsp@1777da04
 gameid:farm7296731
 password:0846443n3h0t0r644245
 userinfo:0:2014;1:3;2:0;4:0;10:12;11:141;12:171;13:1881;30:3;40:-1;41:-1;44:-1;45:-1;42:-1;43:0;
 aniitem:1:8,1,0;16:5,25,0;20:7,25,0;24:4,24,0;44:6,22,0;43:6,22,0;
 cusitem:
 tradeinfo:0:127;1:6;10:12;11:2;12:120;20:55;30:2;31:35;61:1;62:1;63:2;64:1;70:1;33:4;34:11;35:140;40:5111;50:0;51:4;52:10;
 paraminfo:0:90113;1:0;2:0;3:0;4:201401;5:0;

2016. 5. 7 오전 11:52:41 org.apache.catalina.core.StandardWrapperValve invoke
정보: ==============================
e:com.microsoft.sqlserver.jdbc.SQLServerException: 열 이름 bgcttradecnt이(가) 잘못되었습니다.
org.apache.jsp.goo.trade_jsp@1777da04
 gameid:farm7296731
 password:0846443n3h0t0r644245
 userinfo:0:2014;1:3;2:0;4:0;10:12;11:141;12:171;13:1881;30:3;40:-1;41:-1;44:-1;45:-1;42:-1;43:0;
 aniitem:1:8,1,0;16:5,25,0;20:7,25,0;24:4,24,0;44:6,22,0;43:6,22,0;
 cusitem:
 tradeinfo:0:127;1:6;10:12;11:2;12:120;20:55;30:2;31:35;61:1;62:1;63:2;64:1;70:1;33:4;34:11;35:140;40:1002;50:0;51:4;52:10;
 paraminfo:0:90113;1:0;2:0;3:0;4:201401;5:0;

2016. 5. 7 오전 11:52:41 org.apache.catalina.core.StandardWrapperValve invoke
정보: ==============================
e:com.microsoft.sqlserver.jdbc.SQLServerException: 열 이름 bgcttradecnt이(가) 잘못되었습니다.
org.apache.jsp.goo.trade_jsp@1777da04
 gameid:farm7296731
 password:0846443n3h0t0r644245
 userinfo:0:2014;1:3;2:0;4:0;10:12;11:141;12:171;13:1881;30:3;40:-1;41:-1;44:-1;45:-1;42:-1;43:0;
 aniitem:1:8,1,0;16:5,25,0;20:7,25,0;24:4,24,0;44:6,22,0;43:6,22,0;
 cusitem:
 tradeinfo:0:127;1:6;10:12;11:2;12:120;20:55;30:2;31:35;61:1;62:1;63:2;64:1;70:1;33:4;34:11;35:140;40:2011;50:0;51:4;52:10;
 paraminfo:0:90113;1:0;2:0;3:0;4:201401;5:0;

2016. 5. 7 오전 11:52:42 org.apache.catalina.core.StandardWrapperValve invoke
정보: ==============================
e:com.microsoft.sqlserver.jdbc.SQLServerException: 열 이름 bgcttradecnt이(가) 잘못되었습니다.
org.apache.jsp.goo.trade_jsp@1777da04
 gameid:farm7296731
 password:0846443n3h0t0r644245
 userinfo:0:2014;1:3;2:0;4:0;10:12;11:141;12:171;13:1881;30:3;40:-1;41:-1;44:-1;45:-1;42:-1;43:0;
 aniitem:1:8,1,0;16:5,25,0;20:7,25,0;24:4,24,0;44:6,22,0;43:6,22,0;
 cusitem:
 tradeinfo:0:127;1:6;10:12;11:2;12:120;20:55;30:2;31:35;61:1;62:1;63:2;64:1;70:1;33:4;34:11;35:140;40:1101;50:0;51:4;52:10;
 paraminfo:0:90113;1:0;2:0;3:0;4:201401;5:0;

2016. 5. 7 오전 11:52:42 org.apache.catalina.core.StandardWrapperValve invoke
정보: ==============================
e:com.microsoft.sqlserver.jdbc.SQLServerException: 열 이름 bgcttradecnt이(가) 잘못되었습니다.
org.apache.jsp.goo.trade_jsp@1777da04
 gameid:farm7296731
 password:0846443n3h0t0r644245
 userinfo:0:2014;1:3;2:0;4:0;10:12;11:141;12:171;13:1881;30:3;40:-1;41:-1;44:-1;45:-1;42:-1;43:0;
 aniitem:1:8,1,0;16:5,25,0;20:7,25,0;24:4,24,0;44:6,22,0;43:6,22,0;
 cusitem:
 tradeinfo:0:127;1:6;10:12;11:2;12:120;20:55;30:2;31:35;61:1;62:1;63:2;64:1;70:1;33:4;34:11;35:140;40:2011;50:0;51:4;52:10;
 paraminfo:0:90113;1:0;2:0;3:0;4:201401;5:0;

2016. 5. 7 오전 11:52:42 org.apache.catalina.core.StandardWrapperValve invoke
정보: ==============================
e:com.microsoft.sqlserver.jdbc.SQLServerException: 열 이름 bgcttradecnt이(가) 잘못되었습니다.
org.apache.jsp.goo.trade_jsp@1777da04
 gameid:farm7296731
 password:0846443n3h0t0r644245
 userinfo:0:2014;1:3;2:0;4:0;10:12;11:141;12:171;13:1881;30:3;40:-1;41:-1;44:-1;45:-1;42:-1;43:0;
 aniitem:1:8,1,0;16:5,25,0;20:7,25,0;24:4,24,0;44:6,22,0;43:6,22,0;
 cusitem:
 tradeinfo:0:127;1:6;10:12;11:2;12:120;20:55;30:2;31:35;61:1;62:1;63:2;64:1;70:1;33:4;34:11;35:140;40:2011;50:0;51:4;52:10;
 paraminfo:0:90113;1:0;2:0;3:0;4:201401;5:0;

2016. 5. 7 오전 11:52:43 org.apache.catalina.core.StandardWrapperValve invoke
정보: ==============================
e:com.microsoft.sqlserver.jdbc.SQLServerException: 열 이름 bgcttradecnt이(가) 잘못되었습니다.
org.apache.jsp.goo.trade_jsp@1777da04
 gameid:farm7296731
 password:0846443n3h0t0r644245
 userinfo:0:2014;1:3;2:0;4:0;10:12;11:141;12:171;13:1881;30:3;40:-1;41:-1;44:-1;45:-1;42:-1;43:0;
 aniitem:1:8,1,0;16:5,25,0;20:7,25,0;24:4,24,0;44:6,22,0;43:6,22,0;
 cusitem:
 tradeinfo:0:127;1:6;10:12;11:2;12:120;20:55;30:2;31:35;61:1;62:1;63:2;64:1;70:1;33:4;34:11;35:140;40:2011;50:0;51:4;52:10;
 paraminfo:0:90113;1:0;2:0;3:0;4:201401;5:0;

2016. 5. 7 오전 11:52:43 org.apache.catalina.core.StandardWrapperValve invoke
정보: ==============================
e:com.microsoft.sqlserver.jdbc.SQLServerException: 열 이름 bgcttradecnt이(가) 잘못되었습니다.
org.apache.jsp.goo.trade_jsp@1777da04
 gameid:farm7296731
 password:0846443n3h0t0r644245
 userinfo:0:2014;1:3;2:0;4:0;10:12;11:141;12:171;13:1881;30:3;40:-1;41:-1;44:-1;45:-1;42:-1;43:0;
 aniitem:1:8,1,0;16:5,25,0;20:7,25,0;24:4,24,0;44:6,22,0;43:6,22,0;
 cusitem:
 tradeinfo:0:127;1:6;10:12;11:2;12:120;20:55;30:2;31:35;61:1;62:1;63:2;64:1;70:1;33:4;34:11;35:140;40:2011;50:0;51:4;52:10;
 paraminfo:0:90113;1:0;2:0;3:0;4:201401;5:0;

2016. 5. 7 오전 11:52:43 org.apache.catalina.core.StandardWrapperValve invoke
정보: ==============================
e:com.microsoft.sqlserver.jdbc.SQLServerException: 열 이름 bgcttradecnt이(가) 잘못되었습니다.
org.apache.jsp.goo.trade_jsp@1777da04
 gameid:farm7296731
 password:0846443n3h0t0r644245
 userinfo:0:2014;1:3;2:0;4:0;10:12;11:141;12:171;13:1881;30:3;40:-1;41:-1;44:-1;45:-1;42:-1;43:0;
 aniitem:1:8,1,0;16:5,25,0;20:7,25,0;24:4,24,0;44:6,22,0;43:6,22,0;
 cusitem:
 tradeinfo:0:127;1:6;10:12;11:2;12:120;20:55;30:2;31:35;61:1;62:1;63:2;64:1;70:1;33:4;34:11;35:140;40:5102;50:0;51:4;52:10;
 paraminfo:0:90113;1:0;2:0;3:0;4:201401;5:0;

2016. 5. 7 오전 11:52:44 org.apache.catalina.core.StandardWrapperValve invoke
정보: ==============================
e:com.microsoft.sqlserver.jdbc.SQLServerException: 열 이름 bgcttradecnt이(가) 잘못되었습니다.
org.apache.jsp.goo.trade_jsp@1777da04
 gameid:farm7296731
 password:0846443n3h0t0r644245
 userinfo:0:2014;1:3;2:0;4:0;10:12;11:141;12:171;13:1881;30:3;40:-1;41:-1;44:-1;45:-1;42:-1;43:0;
 aniitem:1:8,1,0;16:5,25,0;20:7,25,0;24:4,24,0;44:6,22,0;43:6,22,0;
 cusitem:
 tradeinfo:0:127;1:6;10:12;11:2;12:120;20:55;30:2;31:35;61:1;62:1;63:2;64:1;70:1;33:4;34:11;35:140;40:2011;50:0;51:4;52:10;
 paraminfo:0:90113;1:0;2:0;3:0;4:201401;5:0;

2016. 5. 7 오전 11:52:45 org.apache.catalina.core.StandardWrapperValve invoke
정보: ==============================
e:com.microsoft.sqlserver.jdbc.SQLServerException: 열 이름 bgcttradecnt이(가) 잘못되었습니다.
org.apache.jsp.goo.trade_jsp@1777da04
 gameid:farm7296731
 password:0846443n3h0t0r644245
 userinfo:0:2014;1:3;2:0;4:0;10:12;11:141;12:171;13:1881;30:3;40:-1;41:-1;44:-1;45:-1;42:-1;43:0;
 aniitem:1:8,1,0;16:5,25,0;20:7,25,0;24:4,24,0;44:6,22,0;43:6,22,0;
 cusitem:
 tradeinfo:0:127;1:6;10:12;11:2;12:120;20:55;30:2;31:35;61:1;62:1;63:2;64:1;70:1;33:4;34:11;35:140;40:1001;50:0;51:4;52:10;
 paraminfo:0:90113;1:0;2:0;3:0;4:201401;5:0;

2016. 5. 7 오전 11:52:45 org.apache.catalina.core.StandardWrapperValve invoke
정보: ==============================
e:com.microsoft.sqlserver.jdbc.SQLServerException: 열 이름 bgcttradecnt이(가) 잘못되었습니다.
org.apache.jsp.goo.trade_jsp@1777da04
 gameid:farm7296731
 password:0846443n3h0t0r644245
 userinfo:0:2014;1:3;2:0;4:0;10:12;11:141;12:171;13:1881;30:3;40:-1;41:-1;44:-1;45:-1;42:-1;43:0;
 aniitem:1:8,1,0;16:5,25,0;20:7,25,0;24:4,24,0;44:6,22,0;43:6,22,0;
 cusitem:
 tradeinfo:0:127;1:6;10:12;11:2;12:120;20:55;30:2;31:35;61:1;62:1;63:2;64:1;70:1;33:4;34:11;35:140;40:1101;50:0;51:4;52:10;
 paraminfo:0:90113;1:0;2:0;3:0;4:201401;5:0;

2016. 5. 7 오전 11:52:46 org.apache.catalina.core.StandardWrapperValve invoke
정보: ==============================
e:com.microsoft.sqlserver.jdbc.SQLServerException: 열 이름 bgcttradecnt이(가) 잘못되었습니다.
org.apache.jsp.goo.trade_jsp@1777da04
 gameid:farm7296731
 password:0846443n3h0t0r644245
 userinfo:0:2014;1:3;2:0;4:0;10:12;11:141;12:171;13:1881;30:3;40:-1;41:-1;44:-1;45:-1;42:-1;43:0;
 aniitem:1:8,1,0;16:5,25,0;20:7,25,0;24:4,24,0;44:6,22,0;43:6,22,0;
 cusitem:
 tradeinfo:0:127;1:6;10:12;11:2;12:120;20:55;30:2;31:35;61:1;62:1;63:2;64:1;70:1;33:4;34:11;35:140;40:2500;50:0;51:4;52:10;
 paraminfo:0:90113;1:0;2:0;3:0;4:201401;5:0;

2016. 5. 7 오전 11:52:50 org.apache.catalina.core.StandardWrapperValve invoke
정보: ==============================
e:com.microsoft.sqlserver.jdbc.SQLServerException: 열 이름 bgcttradecnt이(가) 잘못되었습니다.
org.apache.jsp.goo.trade_jsp@1777da04
 gameid:farm7296731
 password:0846443n3h0t0r644245
 userinfo:0:2014;1:3;2:0;4:0;10:12;11:141;12:171;13:1881;30:3;40:-1;41:-1;44:-1;45:-1;42:-1;43:0;
 aniitem:1:8,1,0;16:5,25,0;20:7,25,0;24:4,24,0;44:6,22,0;43:6,22,0;
 cusitem:
 tradeinfo:0:127;1:6;10:12;11:2;12:120;20:55;30:2;31:35;61:1;62:1;63:2;64:1;70:1;33:4;34:11;35:140;40:1102;50:0;51:4;52:10;
 paraminfo:0:90113;1:0;2:0;3:0;4:201401;5:0;

2016. 5. 7 오전 11:52:50 org.apache.catalina.core.StandardWrapperValve invoke
정보: ==============================
e:com.microsoft.sqlserver.jdbc.SQLServerException: 열 이름 bgcttradecnt이(가) 잘못되었습니다.
org.apache.jsp.goo.trade_jsp@1777da04
 gameid:farm7296731
 password:0846443n3h0t0r644245
 userinfo:0:2014;1:3;2:0;4:0;10:12;11:141;12:171;13:1881;30:3;40:-1;41:-1;44:-1;45:-1;42:-1;43:0;
 aniitem:1:8,1,0;16:5,25,0;20:7,25,0;24:4,24,0;44:6,22,0;43:6,22,0;
 cusitem:
 tradeinfo:0:127;1:6;10:12;11:2;12:120;20:55;30:2;31:35;61:1;62:1;63:2;64:1;70:1;33:4;34:11;35:140;40:2200;50:0;51:4;52:10;
 paraminfo:0:90113;1:0;2:0;3:0;4:201401;5:0;

2016. 5. 7 오전 11:52:51 org.apache.catalina.core.StandardWrapperValve invoke
정보: ==============================
e:com.microsoft.sqlserver.jdbc.SQLServerException: 열 이름 bgcttradecnt이(가) 잘못되었습니다.
org.apache.jsp.goo.trade_jsp@1777da04
 gameid:farm7296731
 password:0846443n3h0t0r644245
 userinfo:0:2014;1:3;2:0;4:0;10:12;11:141;12:171;13:1881;30:3;40:-1;41:-1;44:-1;45:-1;42:-1;43:0;
 aniitem:1:8,1,0;16:5,25,0;20:7,25,0;24:4,24,0;44:6,22,0;43:6,22,0;
 cusitem:
 tradeinfo:0:127;1:6;10:12;11:2;12:120;20:55;30:2;31:35;61:1;62:1;63:2;64:1;70:1;33:4;34:11;35:140;40:700;50:0;51:4;52:10;
 paraminfo:0:90113;1:0;2:0;3:0;4:201401;5:0;

2016. 5. 7 오전 11:52:51 org.apache.catalina.core.StandardWrapperValve invoke
정보: ==============================
e:com.microsoft.sqlserver.jdbc.SQLServerException: 열 이름 bgcttradecnt이(가) 잘못되었습니다.
org.apache.jsp.goo.trade_jsp@1777da04
 gameid:farm7296731
 password:0846443n3h0t0r644245
 userinfo:0:2014;1:3;2:0;4:0;10:12;11:141;12:171;13:1881;30:3;40:-1;41:-1;44:-1;45:-1;42:-1;43:0;
 aniitem:1:8,1,0;16:5,25,0;20:7,25,0;24:4,24,0;44:6,22,0;43:6,22,0;
 cusitem:
 tradeinfo:0:127;1:6;10:12;11:2;12:120;20:55;30:2;31:35;61:1;62:1;63:2;64:1;70:1;33:4;34:11;35:140;40:5111;50:0;51:4;52:10;
 paraminfo:0:90113;1:0;2:0;3:0;4:201401;5:0;

2016. 5. 7 오전 11:52:51 org.apache.catalina.core.StandardWrapperValve invoke
정보: ==============================
e:com.microsoft.sqlserver.jdbc.SQLServerException: 열 이름 bgcttradecnt이(가) 잘못되었습니다.
org.apache.jsp.goo.trade_jsp@1777da04
 gameid:farm7296731
 password:0846443n3h0t0r644245
 userinfo:0:2014;1:3;2:0;4:0;10:12;11:141;12:171;13:1881;30:3;40:-1;41:-1;44:-1;45:-1;42:-1;43:0;
 aniitem:1:8,1,0;16:5,25,0;20:7,25,0;24:4,24,0;44:6,22,0;43:6,22,0;
 cusitem:
 tradeinfo:0:127;1:6;10:12;11:2;12:120;20:55;30:2;31:35;61:1;62:1;63:2;64:1;70:1;33:4;34:11;35:140;40:801;50:0;51:4;52:10;
 paraminfo:0:90113;1:0;2:0;3:0;4:201401;5:0;

2016. 5. 7 오전 11:52:51 org.apache.catalina.core.StandardWrapperValve invoke
정보: ==============================
e:com.microsoft.sqlserver.jdbc.SQLServerException: 열 이름 bgcttradecnt이(가) 잘못되었습니다.
org.apache.jsp.goo.trade_jsp@1777da04
 gameid:farm7296731
 password:0846443n3h0t0r644245
 userinfo:0:2014;1:3;2:0;4:0;10:12;11:141;12:171;13:1881;30:3;40:-1;41:-1;44:-1;45:-1;42:-1;43:0;
 aniitem:1:8,1,0;16:5,25,0;20:7,25,0;24:4,24,0;44:6,22,0;43:6,22,0;
 cusitem:
 tradeinfo:0:127;1:6;10:12;11:2;12:120;20:55;30:2;31:35;61:1;62:1;63:2;64:1;70:1;33:4;34:11;35:140;40:2100;50:0;51:4;52:10;
 paraminfo:0:90113;1:0;2:0;3:0;4:201401;5:0;

2016. 5. 7 오전 11:52:52 org.apache.catalina.core.StandardWrapperValve invoke
정보: ==============================
e:com.microsoft.sqlserver.jdbc.SQLServerException: 열 이름 bgcttradecnt이(가) 잘못되었습니다.
org.apache.jsp.goo.trade_jsp@1777da04
 gameid:farm7296731
 password:0846443n3h0t0r644245
 userinfo:0:2014;1:3;2:0;4:0;10:12;11:141;12:171;13:1881;30:3;40:-1;41:-1;44:-1;45:-1;42:-1;43:0;
 aniitem:1:8,1,0;16:5,25,0;20:7,25,0;24:4,24,0;44:6,22,0;43:6,22,0;
 cusitem:
 tradeinfo:0:127;1:6;10:12;11:2;12:120;20:55;30:2;31:35;61:1;62:1;63:2;64:1;70:1;33:4;34:11;35:140;40:2011;50:0;51:4;52:10;
 paraminfo:0:90113;1:0;2:0;3:0;4:201401;5:0;

2016. 5. 7 오전 11:52:59 org.apache.catalina.core.StandardWrapperValve invoke
정보: ==============================
e:com.microsoft.sqlserver.jdbc.SQLServerException: 열 이름 bgcttradecnt이(가) 잘못되었습니다.
org.apache.jsp.goo.trade_jsp@1777da04
 gameid:farm7296731
 password:0846443n3h0t0r644245
 userinfo:0:2014;1:3;2:0;4:0;10:12;11:141;12:171;13:1881;30:3;40:-1;41:-1;44:-1;45:-1;42:-1;43:0;
 aniitem:1:8,1,0;16:5,25,0;20:7,25,0;24:4,24,0;44:6,22,0;43:6,22,0;
 cusitem:
 tradeinfo:0:127;1:6;10:12;11:2;12:120;20:55;30:2;31:35;61:1;62:1;63:2;64:1;70:1;33:4;34:11;35:140;40:1001;50:0;51:4;52:10;
 paraminfo:0:90113;1:0;2:0;3:0;4:201401;5:0;

2016. 5. 7 오전 11:53:04 org.apache.catalina.core.StandardWrapperValve invoke
정보: ==============================
e:com.microsoft.sqlserver.jdbc.SQLServerException: 열 이름 bgcttradecnt이(가) 잘못되었습니다.
org.apache.jsp.goo.trade_jsp@1777da04
 gameid:farm7296731
 password:0846443n3h0t0r644245
 userinfo:0:2014;1:3;2:0;4:0;10:12;11:141;12:171;13:1881;30:3;40:-1;41:-1;44:-1;45:-1;42:-1;43:0;
 aniitem:1:8,1,0;16:5,25,0;20:7,25,0;24:4,24,0;44:6,22,0;43:6,22,0;
 cusitem:
 tradeinfo:0:127;1:6;10:12;11:2;12:120;20:55;30:2;31:35;61:1;62:1;63:2;64:1;70:1;33:4;34:11;35:140;40:1101;50:0;51:4;52:10;
 paraminfo:0:90113;1:0;2:0;3:0;4:201401;5:0;

2016. 5. 7 오전 11:53:04 org.apache.catalina.core.StandardWrapperValve invoke
정보: ==============================
e:com.microsoft.sqlserver.jdbc.SQLServerException: 열 이름 bgcttradecnt이(가) 잘못되었습니다.
org.apache.jsp.goo.trade_jsp@1777da04
 gameid:farm7296731
 password:0846443n3h0t0r644245
 userinfo:0:2014;1:3;2:0;4:0;10:12;11:141;12:171;13:1881;30:3;40:-1;41:-1;44:-1;45:-1;42:-1;43:0;
 aniitem:1:8,1,0;16:5,25,0;20:7,25,0;24:4,24,0;44:6,22,0;43:6,22,0;
 cusitem:
 tradeinfo:0:127;1:6;10:12;11:2;12:120;20:55;30:2;31:35;61:1;62:1;63:2;64:1;70:1;33:4;34:11;35:140;40:900;50:0;51:4;52:10;
 paraminfo:0:90113;1:0;2:0;3:0;4:201401;5:0;

2016. 5. 7 오전 11:53:04 org.apache.catalina.core.StandardWrapperValve invoke
정보: ==============================
e:com.microsoft.sqlserver.jdbc.SQLServerException: 열 이름 bgcttradecnt이(가) 잘못되었습니다.
org.apache.jsp.goo.trade_jsp@1777da04
 gameid:farm7296731
 password:0846443n3h0t0r644245
 userinfo:0:2014;1:3;2:0;4:0;10:12;11:141;12:171;13:1881;30:3;40:-1;41:-1;44:-1;45:-1;42:-1;43:0;
 aniitem:1:8,1,0;16:5,25,0;20:7,25,0;24:4,24,0;44:6,22,0;43:6,22,0;
 cusitem:
 tradeinfo:0:127;1:6;10:12;11:2;12:120;20:55;30:2;31:35;61:1;62:1;63:2;64:1;70:1;33:4;34:11;35:140;40:700;50:0;51:4;52:10;
 paraminfo:0:90113;1:0;2:0;3:0;4:201401;5:0;

2016. 5. 7 오전 11:53:05 org.apache.catalina.core.StandardWrapperValve invoke
정보: ==============================
e:com.microsoft.sqlserver.jdbc.SQLServerException: 열 이름 bgcttradecnt이(가) 잘못되었습니다.
org.apache.jsp.goo.trade_jsp@1777da04
 gameid:farm7296731
 password:0846443n3h0t0r644245
 userinfo:0:2014;1:3;2:0;4:0;10:12;11:141;12:171;13:1881;30:3;40:-1;41:-1;44:-1;45:-1;42:-1;43:0;
 aniitem:1:8,1,0;16:5,25,0;20:7,25,0;24:4,24,0;44:6,22,0;43:6,22,0;
 cusitem:
 tradeinfo:0:127;1:6;10:12;11:2;12:120;20:55;30:2;31:35;61:1;62:1;63:2;64:1;70:1;33:4;34:11;35:140;40:5101;50:0;51:4;52:10;
 paraminfo:0:90113;1:0;2:0;3:0;4:201401;5:0;

2016. 5. 7 오전 11:53:08 org.apache.catalina.core.StandardWrapperValve invoke
정보: ==============================
e:com.microsoft.sqlserver.jdbc.SQLServerException: 열 이름 bgcttradecnt이(가) 잘못되었습니다.
org.apache.jsp.goo.trade_jsp@1777da04
 gameid:farm7296731
 password:0846443n3h0t0r644245
 userinfo:0:2014;1:3;2:0;4:0;10:12;11:141;12:141;13:1551;30:3;40:-1;41:-1;44:-1;45:-1;42:-1;43:0;
 aniitem:1:8,1,0;16:5,25,0;20:7,25,0;24:4,24,0;44:6,22,0;43:6,22,0;
 cusitem:
 tradeinfo:0:127;1:6;10:12;11:2;12:120;20:55;30:2;31:35;61:1;62:1;63:2;64:1;70:1;33:5;34:11;35:175;40:5102;50:0;51:4;52:10;
 paraminfo:0:90113;1:0;2:0;3:0;4:201401;5:0;

2016. 5. 7 오전 11:53:08 org.apache.catalina.core.StandardWrapperValve invoke
정보: ==============================
e:com.microsoft.sqlserver.jdbc.SQLServerException: 열 이름 bgcttradecnt이(가) 잘못되었습니다.
org.apache.jsp.goo.trade_jsp@1777da04
 gameid:farm7296731
 password:0846443n3h0t0r644245
 userinfo:0:2014;1:3;2:0;4:0;10:12;11:141;12:141;13:1551;30:3;40:-1;41:-1;44:-1;45:-1;42:-1;43:0;
 aniitem:1:8,1,0;16:5,25,0;20:7,25,0;24:4,24,0;44:6,22,0;43:6,22,0;
 cusitem:
 tradeinfo:0:127;1:6;10:12;11:2;12:120;20:55;30:2;31:35;61:1;62:1;63:2;64:1;70:1;33:5;34:11;35:175;40:5102;50:0;51:4;52:10;
 paraminfo:0:90113;1:0;2:0;3:0;4:201401;5:0;

2016. 5. 7 오전 11:53:09 org.apache.catalina.core.StandardWrapperValve invoke
정보: ==============================
e:com.microsoft.sqlserver.jdbc.SQLServerException: 열 이름 bgcttradecnt이(가) 잘못되었습니다.
org.apache.jsp.goo.trade_jsp@1777da04
 gameid:farm7296731
 password:0846443n3h0t0r644245
 userinfo:0:2014;1:3;2:0;4:0;10:12;11:141;12:141;13:1551;30:3;40:-1;41:-1;44:-1;45:-1;42:-1;43:0;
 aniitem:1:8,1,0;16:5,25,0;20:7,25,0;24:4,24,0;44:6,22,0;43:6,22,0;
 cusitem:
 tradeinfo:0:127;1:6;10:12;11:2;12:120;20:55;30:2;31:35;61:1;62:1;63:2;64:1;70:1;33:5;34:11;35:175;40:2500;50:0;51:4;52:10;
 paraminfo:0:90113;1:0;2:0;3:0;4:201401;5:0;

2016. 5. 7 오전 11:53:15 org.apache.catalina.core.StandardWrapperValve invoke
정보: ==============================
e:com.microsoft.sqlserver.jdbc.SQLServerException: 열 이름 bgcttradecnt이(가) 잘못되었습니다.
org.apache.jsp.goo.trade_jsp@1777da04
 gameid:farm7296731
 password:0846443n3h0t0r644245
 userinfo:0:2014;1:3;2:0;4:0;10:12;11:141;12:21;13:231;30:3;40:-1;41:-1;44:-1;45:-1;42:-1;43:0;
 aniitem:1:8,1,0;16:5,25,0;20:7,25,0;24:4,24,0;44:6,22,0;43:6,22,0;
 cusitem:
 tradeinfo:0:127;1:6;10:12;11:2;12:120;20:55;30:2;31:35;61:1;62:1;63:2;64:1;70:1;33:9;34:11;35:315;40:2012;50:0;51:4;52:10;
 paraminfo:0:90113;1:0;2:0;3:0;4:201401;5:0;

2016. 5. 7 오전 11:53:15 org.apache.catalina.core.StandardWrapperValve invoke
정보: ==============================
e:com.microsoft.sqlserver.jdbc.SQLServerException: 열 이름 bgcttradecnt이(가) 잘못되었습니다.
org.apache.jsp.goo.trade_jsp@1777da04
 gameid:farm7296731
 password:0846443n3h0t0r644245
 userinfo:0:2014;1:3;2:0;4:0;10:12;11:141;12:21;13:231;30:3;40:-1;41:-1;44:-1;45:-1;42:-1;43:0;
 aniitem:1:8,1,0;16:5,25,0;20:7,25,0;24:4,24,0;44:6,22,0;43:6,22,0;
 cusitem:
 tradeinfo:0:127;1:6;10:12;11:2;12:120;20:55;30:2;31:35;61:1;62:1;63:2;64:1;70:1;33:9;34:11;35:315;40:2011;50:0;51:4;52:10;
 paraminfo:0:90113;1:0;2:0;3:0;4:201401;5:0;

2016. 5. 7 오전 11:53:16 org.apache.catalina.core.StandardWrapperValve invoke
정보: ==============================
e:com.microsoft.sqlserver.jdbc.SQLServerException: 열 이름 bgcttradecnt이(가) 잘못되었습니다.
org.apache.jsp.goo.trade_jsp@1777da04
 gameid:farm7296731
 password:0846443n3h0t0r644245
 userinfo:0:2014;1:3;2:0;4:0;10:12;11:141;12:21;13:231;30:3;40:-1;41:-1;44:-1;45:-1;42:-1;43:0;
 aniitem:1:8,1,0;16:5,25,0;20:7,25,0;24:4,24,0;44:6,22,0;43:6,22,0;
 cusitem:
 tradeinfo:0:127;1:6;10:12;11:2;12:120;20:55;30:2;31:35;61:1;62:1;63:2;64:1;70:1;33:9;34:11;35:315;40:2011;50:0;51:4;52:10;
 paraminfo:0:90113;1:0;2:0;3:0;4:201401;5:0;

2016. 5. 7 오전 11:53:16 org.apache.catalina.core.StandardWrapperValve invoke
정보: ==============================
e:com.microsoft.sqlserver.jdbc.SQLServerException: 열 이름 bgcttradecnt이(가) 잘못되었습니다.
org.apache.jsp.goo.trade_jsp@1777da04
 gameid:farm7296731
 password:0846443n3h0t0r644245
 userinfo:0:2014;1:3;2:0;4:0;10:12;11:141;12:21;13:231;30:3;40:-1;41:-1;44:-1;45:-1;42:-1;43:0;
 aniitem:1:8,1,0;16:5,25,0;20:7,25,0;24:4,24,0;44:6,22,0;43:6,22,0;
 cusitem:
 tradeinfo:0:127;1:6;10:12;11:2;12:120;20:55;30:2;31:35;61:1;62:1;63:2;64:1;70:1;33:9;34:11;35:315;40:1102;50:0;51:4;52:10;
 paraminfo:0:90113;1:0;2:0;3:0;4:201401;5:0;

2016. 5. 7 오전 11:53:27 org.apache.catalina.core.StandardWrapperValve invoke
정보: ==============================
e:com.microsoft.sqlserver.jdbc.SQLServerException: 열 이름 bgcttradecnt이(가) 잘못되었습니다.
org.apache.jsp.goo.trade_jsp@1777da04
 gameid:farm7296731
 password:0846443n3h0t0r644245
 userinfo:0:2014;1:3;2:0;4:0;10:12;11:141;12:21;13:231;30:3;40:-1;41:-1;44:-1;45:-1;42:-1;43:0;
 aniitem:1:8,1,0;16:5,25,0;20:7,25,0;24:4,24,0;44:6,22,0;43:6,22,0;
 cusitem:
 tradeinfo:0:127;1:6;10:12;11:2;12:120;20:55;30:2;31:35;61:1;62:1;63:2;64:1;70:1;33:9;34:11;35:315;40:1102;50:0;51:4;52:10;
 paraminfo:0:90113;1:0;2:0;3:0;4:201401;5:0;

2016. 5. 7 오전 11:53:28 org.apache.catalina.core.StandardWrapperValve invoke
정보: ==============================
e:com.microsoft.sqlserver.jdbc.SQLServerException: 열 이름 bgcttradecnt이(가) 잘못되었습니다.
org.apache.jsp.goo.trade_jsp@1777da04
 gameid:farm7296731
 password:0846443n3h0t0r644245
 userinfo:0:2014;1:3;2:0;4:0;10:12;11:141;12:21;13:231;30:3;40:-1;41:-1;44:-1;45:-1;42:-1;43:0;
 aniitem:1:8,1,0;16:5,25,0;20:7,25,0;24:4,24,0;44:6,22,0;43:6,22,0;
 cusitem:
 tradeinfo:0:127;1:6;10:12;11:2;12:120;20:55;30:2;31:35;61:1;62:1;63:2;64:1;70:1;33:9;34:11;35:315;40:5111;50:0;51:4;52:10;
 paraminfo:0:90113;1:0;2:0;3:0;4:201401;5:0;

2016. 5. 7 오전 11:53:28 org.apache.catalina.core.StandardWrapperValve invoke
정보: ==============================
e:com.microsoft.sqlserver.jdbc.SQLServerException: 열 이름 bgcttradecnt이(가) 잘못되었습니다.
org.apache.jsp.goo.trade_jsp@1777da04
 gameid:farm7296731
 password:0846443n3h0t0r644245
 userinfo:0:2014;1:3;2:0;4:0;10:12;11:141;12:21;13:231;30:3;40:-1;41:-1;44:-1;45:-1;42:-1;43:0;
 aniitem:1:8,1,0;16:5,25,0;20:7,25,0;24:4,24,0;44:6,22,0;43:6,22,0;
 cusitem:
 tradeinfo:0:127;1:6;10:12;11:2;12:120;20:55;30:2;31:35;61:1;62:1;63:2;64:1;70:1;33:9;34:11;35:315;40:1100;50:0;51:4;52:10;
 paraminfo:0:90113;1:0;2:0;3:0;4:201401;5:0;

2016. 5. 7 오전 11:53:28 org.apache.catalina.core.StandardWrapperValve invoke
정보: ==============================
e:com.microsoft.sqlserver.jdbc.SQLServerException: 열 이름 bgcttradecnt이(가) 잘못되었습니다.
org.apache.jsp.goo.trade_jsp@1777da04
 gameid:farm7296731
 password:0846443n3h0t0r644245
 userinfo:0:2014;1:3;2:0;4:0;10:12;11:141;12:21;13:231;30:3;40:-1;41:-1;44:-1;45:-1;42:-1;43:0;
 aniitem:1:8,1,0;16:5,25,0;20:7,25,0;24:4,24,0;44:6,22,0;43:6,22,0;
 cusitem:
 tradeinfo:0:127;1:6;10:12;11:2;12:120;20:55;30:2;31:35;61:1;62:1;63:2;64:1;70:1;33:9;34:11;35:315;40:801;50:0;51:4;52:10;
 paraminfo:0:90113;1:0;2:0;3:0;4:201401;5:0;

2016. 5. 7 오전 11:53:29 org.apache.catalina.core.StandardWrapperValve invoke
정보: ==============================
e:com.microsoft.sqlserver.jdbc.SQLServerException: 열 이름 bgcttradecnt이(가) 잘못되었습니다.
org.apache.jsp.goo.trade_jsp@1777da04
 gameid:farm7296731
 password:0846443n3h0t0r644245
 userinfo:0:2014;1:3;2:0;4:0;10:12;11:141;12:21;13:231;30:3;40:-1;41:-1;44:-1;45:-1;42:-1;43:0;
 aniitem:1:8,1,0;16:5,25,0;20:7,25,0;24:4,24,0;44:6,22,0;43:6,22,0;
 cusitem:
 tradeinfo:0:127;1:6;10:12;11:2;12:120;20:55;30:2;31:35;61:1;62:1;63:2;64:1;70:1;33:9;34:11;35:315;40:5111;50:0;51:4;52:10;
 paraminfo:0:90113;1:0;2:0;3:0;4:201401;5:0;

2016. 5. 7 오전 11:53:29 org.apache.catalina.core.StandardWrapperValve invoke
정보: ==============================
e:com.microsoft.sqlserver.jdbc.SQLServerException: 열 이름 bgcttradecnt이(가) 잘못되었습니다.
org.apache.jsp.goo.trade_jsp@1777da04
 gameid:farm7296731
 password:0846443n3h0t0r644245
 userinfo:0:2014;1:3;2:0;4:0;10:12;11:141;12:21;13:231;30:3;40:-1;41:-1;44:-1;45:-1;42:-1;43:0;
 aniitem:1:8,1,0;16:5,25,0;20:7,25,0;24:4,24,0;44:6,22,0;43:6,22,0;
 cusitem:
 tradeinfo:0:127;1:6;10:12;11:2;12:120;20:55;30:2;31:35;61:1;62:1;63:2;64:1;70:1;33:9;34:11;35:315;40:2012;50:0;51:4;52:10;
 paraminfo:0:90113;1:0;2:0;3:0;4:201401;5:0;

2016. 5. 7 오전 11:53:29 org.apache.catalina.core.StandardWrapperValve invoke
정보: ==============================
e:com.microsoft.sqlserver.jdbc.SQLServerException: 열 이름 bgcttradecnt이(가) 잘못되었습니다.
org.apache.jsp.goo.trade_jsp@1777da04
 gameid:farm7296731
 password:0846443n3h0t0r644245
 userinfo:0:2014;1:3;2:0;4:0;10:12;11:141;12:21;13:231;30:3;40:-1;41:-1;44:-1;45:-1;42:-1;43:0;
 aniitem:1:8,1,0;16:5,25,0;20:7,25,0;24:4,24,0;44:6,22,0;43:6,22,0;
 cusitem:
 tradeinfo:0:127;1:6;10:12;11:2;12:120;20:55;30:2;31:35;61:1;62:1;63:2;64:1;70:1;33:9;34:11;35:315;40:2011;50:0;51:4;52:10;
 paraminfo:0:90113;1:0;2:0;3:0;4:201401;5:0;

2016. 5. 7 오전 11:53:30 org.apache.catalina.core.StandardWrapperValve invoke
정보: ==============================
e:com.microsoft.sqlserver.jdbc.SQLServerException: 열 이름 bgcttradecnt이(가) 잘못되었습니다.
org.apache.jsp.goo.trade_jsp@1777da04
 gameid:farm7296731
 password:0846443n3h0t0r644245
 userinfo:0:2014;1:3;2:0;4:0;10:12;11:141;12:21;13:231;30:3;40:-1;41:-1;44:-1;45:-1;42:-1;43:0;
 aniitem:1:8,1,0;16:5,25,0;20:7,25,0;24:4,24,0;44:6,22,0;43:6,22,0;
 cusitem:
 tradeinfo:0:127;1:6;10:12;11:2;12:120;20:55;30:2;31:35;61:1;62:1;63:2;64:1;70:1;33:9;34:11;35:315;40:2100;50:0;51:4;52:10;
 paraminfo:0:90113;1:0;2:0;3:0;4:201401;5:0;

2016. 5. 7 오전 11:53:31 org.apache.catalina.core.StandardWrapperValve invoke
정보: ==============================
e:com.microsoft.sqlserver.jdbc.SQLServerException: 열 이름 bgcttradecnt이(가) 잘못되었습니다.
org.apache.jsp.goo.trade_jsp@1777da04
 gameid:farm7296731
 password:0846443n3h0t0r644245
 userinfo:0:2014;1:3;2:0;4:0;10:12;11:141;12:21;13:231;30:3;40:-1;41:-1;44:-1;45:-1;42:-1;43:0;
 aniitem:1:8,1,0;16:5,25,0;20:7,25,0;24:4,24,0;44:6,22,0;43:6,22,0;
 cusitem:
 tradeinfo:0:127;1:6;10:12;11:2;12:120;20:55;30:2;31:35;61:1;62:1;63:2;64:1;70:1;33:9;34:11;35:315;40:1001;50:0;51:4;52:10;
 paraminfo:0:90113;1:0;2:0;3:0;4:201401;5:0;

2016. 5. 7 오전 11:53:34 org.apache.catalina.core.StandardWrapperValve invoke
정보: ==============================
e:com.microsoft.sqlserver.jdbc.SQLServerException: 열 이름 bgcttradecnt이(가) 잘못되었습니다.
org.apache.jsp.goo.trade_jsp@1777da04
 gameid:farm7296731
 password:0846443n3h0t0r644245
 userinfo:0:2014;1:3;2:0;4:0;10:12;11:141;12:51;13:561;30:3;40:-1;41:-1;44:-1;45:-1;42:-1;43:0;
 aniitem:1:8,1,0;16:5,25,0;20:7,25,0;24:4,24,0;44:6,22,0;43:6,22,0;
 cusitem:
 tradeinfo:0:127;1:6;10:12;11:2;12:120;20:55;30:2;31:35;61:1;62:1;63:2;64:1;70:1;33:8;34:11;35:280;40:5101;50:0;51:4;52:10;
 paraminfo:0:90113;1:0;2:0;3:0;4:201401;5:0;

2016. 5. 7 오전 11:53:34 org.apache.catalina.core.StandardWrapperValve invoke
정보: ==============================
e:com.microsoft.sqlserver.jdbc.SQLServerException: 열 이름 bgcttradecnt이(가) 잘못되었습니다.
org.apache.jsp.goo.trade_jsp@1777da04
 gameid:farm7296731
 password:0846443n3h0t0r644245
 userinfo:0:2014;1:3;2:0;4:0;10:12;11:141;12:51;13:561;30:3;40:-1;41:-1;44:-1;45:-1;42:-1;43:0;
 aniitem:1:8,1,0;16:5,25,0;20:7,25,0;24:4,24,0;44:6,22,0;43:6,22,0;
 cusitem:
 tradeinfo:0:127;1:6;10:12;11:2;12:120;20:55;30:2;31:35;61:1;62:1;63:2;64:1;70:1;33:8;34:11;35:280;40:5111;50:0;51:4;52:10;
 paraminfo:0:90113;1:0;2:0;3:0;4:201401;5:0;

2016. 5. 7 오전 11:53:34 org.apache.catalina.core.StandardWrapperValve invoke
정보: ==============================
e:com.microsoft.sqlserver.jdbc.SQLServerException: 열 이름 bgcttradecnt이(가) 잘못되었습니다.
org.apache.jsp.goo.trade_jsp@1777da04
 gameid:farm7296731
 password:0846443n3h0t0r644245
 userinfo:0:2014;1:3;2:0;4:0;10:12;11:141;12:51;13:561;30:3;40:-1;41:-1;44:-1;45:-1;42:-1;43:0;
 aniitem:1:8,1,0;16:5,25,0;20:7,25,0;24:4,24,0;44:6,22,0;43:6,22,0;
 cusitem:
 tradeinfo:0:127;1:6;10:12;11:2;12:120;20:55;30:2;31:35;61:1;62:1;63:2;64:1;70:1;33:8;34:11;35:280;40:5102;50:0;51:4;52:10;
 paraminfo:0:90113;1:0;2:0;3:0;4:201401;5:0;

2016. 5. 7 오전 11:53:35 org.apache.catalina.core.StandardWrapperValve invoke
정보: ==============================
e:com.microsoft.sqlserver.jdbc.SQLServerException: 열 이름 bgcttradecnt이(가) 잘못되었습니다.
org.apache.jsp.goo.trade_jsp@1777da04
 gameid:farm7296731
 password:0846443n3h0t0r644245
 userinfo:0:2014;1:3;2:0;4:0;10:12;11:141;12:51;13:561;30:3;40:-1;41:-1;44:-1;45:-1;42:-1;43:0;
 aniitem:1:8,1,0;16:5,25,0;20:7,25,0;24:4,24,0;44:6,22,0;43:6,22,0;
 cusitem:
 tradeinfo:0:127;1:6;10:12;11:2;12:120;20:55;30:2;31:35;61:1;62:1;63:2;64:1;70:1;33:8;34:11;35:280;40:702;50:0;51:4;52:10;
 paraminfo:0:90113;1:0;2:0;3:0;4:201401;5:0;

2016. 5. 7 오전 11:53:35 org.apache.catalina.core.StandardWrapperValve invoke
정보: ==============================
e:com.microsoft.sqlserver.jdbc.SQLServerException: 열 이름 bgcttradecnt이(가) 잘못되었습니다.
org.apache.jsp.goo.trade_jsp@1777da04
 gameid:farm7296731
 password:0846443n3h0t0r644245
 userinfo:0:2014;1:3;2:0;4:0;10:12;11:141;12:51;13:561;30:3;40:-1;41:-1;44:-1;45:-1;42:-1;43:0;
 aniitem:1:8,1,0;16:5,25,0;20:7,25,0;24:4,24,0;44:6,22,0;43:6,22,0;
 cusitem:
 tradeinfo:0:127;1:6;10:12;11:2;12:120;20:55;30:2;31:35;61:1;62:1;63:2;64:1;70:1;33:8;34:11;35:280;40:5102;50:0;51:4;52:10;
 paraminfo:0:90113;1:0;2:0;3:0;4:201401;5:0;

2016. 5. 7 오전 11:53:35 org.apache.catalina.core.StandardWrapperValve invoke
정보: ==============================
e:com.microsoft.sqlserver.jdbc.SQLServerException: 열 이름 bgcttradecnt이(가) 잘못되었습니다.
org.apache.jsp.goo.trade_jsp@1777da04
 gameid:farm7296731
 password:0846443n3h0t0r644245
 userinfo:0:2014;1:3;2:0;4:0;10:12;11:141;12:51;13:561;30:3;40:-1;41:-1;44:-1;45:-1;42:-1;43:0;
 aniitem:1:8,1,0;16:5,25,0;20:7,25,0;24:4,24,0;44:6,22,0;43:6,22,0;
 cusitem:
 tradeinfo:0:127;1:6;10:12;11:2;12:120;20:55;30:2;31:35;61:1;62:1;63:2;64:1;70:1;33:8;34:11;35:280;40:801;50:0;51:4;52:10;
 paraminfo:0:90113;1:0;2:0;3:0;4:201401;5:0;

2016. 5. 7 오전 11:53:38 org.apache.catalina.core.StandardWrapperValve invoke
정보: ==============================
e:com.microsoft.sqlserver.jdbc.SQLServerException: 열 이름 bgcttradecnt이(가) 잘못되었습니다.
org.apache.jsp.goo.trade_jsp@1777da04
 gameid:farm7296731
 password:0846443n3h0t0r644245
 userinfo:0:2014;1:3;2:0;4:0;10:12;11:141;12:81;13:891;30:3;40:-1;41:-1;44:-1;45:-1;42:-1;43:0;
 aniitem:1:8,1,0;16:5,25,0;20:7,25,0;24:4,24,0;44:6,22,0;43:6,22,0;
 cusitem:
 tradeinfo:0:127;1:6;10:12;11:2;12:120;20:55;30:2;31:35;61:1;62:1;63:2;64:1;70:1;33:7;34:11;35:245;40:2012;50:0;51:4;52:10;
 paraminfo:0:90113;1:0;2:0;3:0;4:201401;5:0;

2016. 5. 7 오전 11:53:38 org.apache.catalina.core.StandardWrapperValve invoke
정보: ==============================
e:com.microsoft.sqlserver.jdbc.SQLServerException: 열 이름 bgcttradecnt이(가) 잘못되었습니다.
org.apache.jsp.goo.trade_jsp@1777da04
 gameid:farm7296731
 password:0846443n3h0t0r644245
 userinfo:0:2014;1:3;2:0;4:0;10:12;11:141;12:81;13:891;30:3;40:-1;41:-1;44:-1;45:-1;42:-1;43:0;
 aniitem:1:8,1,0;16:5,25,0;20:7,25,0;24:4,24,0;44:6,22,0;43:6,22,0;
 cusitem:
 tradeinfo:0:127;1:6;10:12;11:2;12:120;20:55;30:2;31:35;61:1;62:1;63:2;64:1;70:1;33:7;34:11;35:245;40:900;50:0;51:4;52:10;
 paraminfo:0:90113;1:0;2:0;3:0;4:201401;5:0;

2016. 5. 7 오전 11:53:38 org.apache.catalina.core.StandardWrapperValve invoke
정보: ==============================
e:com.microsoft.sqlserver.jdbc.SQLServerException: 열 이름 bgcttradecnt이(가) 잘못되었습니다.
org.apache.jsp.goo.trade_jsp@1777da04
 gameid:farm7296731
 password:0846443n3h0t0r644245
 userinfo:0:2014;1:3;2:0;4:0;10:12;11:141;12:81;13:891;30:3;40:-1;41:-1;44:-1;45:-1;42:-1;43:0;
 aniitem:1:8,1,0;16:5,25,0;20:7,25,0;24:4,24,0;44:6,22,0;43:6,22,0;
 cusitem:
 tradeinfo:0:127;1:6;10:12;11:2;12:120;20:55;30:2;31:35;61:1;62:1;63:2;64:1;70:1;33:7;34:11;35:245;40:5101;50:0;51:4;52:10;
 paraminfo:0:90113;1:0;2:0;3:0;4:201401;5:0;

2016. 5. 7 오전 11:53:39 org.apache.catalina.core.StandardWrapperValve invoke
정보: ==============================
e:com.microsoft.sqlserver.jdbc.SQLServerException: 열 이름 bgcttradecnt이(가) 잘못되었습니다.
org.apache.jsp.goo.trade_jsp@1777da04
 gameid:farm7296731
 password:0846443n3h0t0r644245
 userinfo:0:2014;1:3;2:0;4:0;10:12;11:141;12:81;13:891;30:3;40:-1;41:-1;44:-1;45:-1;42:-1;43:0;
 aniitem:1:8,1,0;16:5,25,0;20:7,25,0;24:4,24,0;44:6,22,0;43:6,22,0;
 cusitem:
 tradeinfo:0:127;1:6;10:12;11:2;12:120;20:55;30:2;31:35;61:1;62:1;63:2;64:1;70:1;33:7;34:11;35:245;40:2011;50:0;51:4;52:10;
 paraminfo:0:90113;1:0;2:0;3:0;4:201401;5:0;

2016. 5. 7 오전 11:53:43 org.apache.catalina.core.StandardWrapperValve invoke
정보: ==============================
e:com.microsoft.sqlserver.jdbc.SQLServerException: 열 이름 bgcttradecnt이(가) 잘못되었습니다.
org.apache.jsp.goo.trade_jsp@1777da04
 gameid:farm7296731
 password:0846443n3h0t0r644245
 userinfo:0:2014;1:3;2:0;4:0;10:12;11:141;12:81;13:891;30:3;40:-1;41:-1;44:-1;45:-1;42:-1;43:0;
 aniitem:1:8,1,0;16:5,25,0;20:7,25,0;24:4,24,0;44:6,22,0;43:6,22,0;
 cusitem:
 tradeinfo:0:127;1:6;10:12;11:2;12:120;20:55;30:2;31:35;61:1;62:1;63:2;64:1;70:1;33:7;34:11;35:245;40:2011;50:0;51:4;52:10;
 paraminfo:0:90113;1:0;2:0;3:0;4:201401;5:0;

2016. 5. 7 오전 11:53:43 org.apache.catalina.core.StandardWrapperValve invoke
정보: ==============================
e:com.microsoft.sqlserver.jdbc.SQLServerException: 열 이름 bgcttradecnt이(가) 잘못되었습니다.
org.apache.jsp.goo.trade_jsp@1777da04
 gameid:farm7296731
 password:0846443n3h0t0r644245
 userinfo:0:2014;1:3;2:0;4:0;10:12;11:141;12:81;13:891;30:3;40:-1;41:-1;44:-1;45:-1;42:-1;43:0;
 aniitem:1:8,1,0;16:5,25,0;20:7,25,0;24:4,24,0;44:6,22,0;43:6,22,0;
 cusitem:
 tradeinfo:0:127;1:6;10:12;11:2;12:120;20:55;30:2;31:35;61:1;62:1;63:2;64:1;70:1;33:7;34:11;35:245;40:5101;50:0;51:4;52:10;
 paraminfo:0:90113;1:0;2:0;3:0;4:201401;5:0;

2016. 5. 7 오전 11:53:44 org.apache.catalina.core.StandardWrapperValve invoke
정보: ==============================
e:com.microsoft.sqlserver.jdbc.SQLServerException: 열 이름 bgcttradecnt이(가) 잘못되었습니다.
org.apache.jsp.goo.trade_jsp@1777da04
 gameid:farm7296731
 password:0846443n3h0t0r644245
 userinfo:0:2014;1:3;2:0;4:0;10:12;11:141;12:81;13:891;30:3;40:-1;41:-1;44:-1;45:-1;42:-1;43:0;
 aniitem:1:8,1,0;16:5,25,0;20:7,25,0;24:4,24,0;44:6,22,0;43:6,22,0;
 cusitem:
 tradeinfo:0:127;1:6;10:12;11:2;12:120;20:55;30:2;31:35;61:1;62:1;63:2;64:1;70:1;33:7;34:11;35:245;40:1101;50:0;51:4;52:10;
 paraminfo:0:90113;1:0;2:0;3:0;4:201401;5:0;

2016. 5. 7 오전 11:53:44 org.apache.catalina.core.StandardWrapperValve invoke
정보: ==============================
e:com.microsoft.sqlserver.jdbc.SQLServerException: 열 이름 bgcttradecnt이(가) 잘못되었습니다.
org.apache.jsp.goo.trade_jsp@1777da04
 gameid:farm7296731
 password:0846443n3h0t0r644245
 userinfo:0:2014;1:3;2:0;4:0;10:12;11:141;12:81;13:891;30:3;40:-1;41:-1;44:-1;45:-1;42:-1;43:0;
 aniitem:1:8,1,0;16:5,25,0;20:7,25,0;24:4,24,0;44:6,22,0;43:6,22,0;
 cusitem:
 tradeinfo:0:127;1:6;10:12;11:2;12:120;20:55;30:2;31:35;61:1;62:1;63:2;64:1;70:1;33:7;34:11;35:245;40:1101;50:0;51:4;52:10;
 paraminfo:0:90113;1:0;2:0;3:0;4:201401;5:0;

2016. 5. 7 오전 11:53:47 org.apache.catalina.core.StandardWrapperValve invoke
정보: ==============================
e:com.microsoft.sqlserver.jdbc.SQLServerException: 열 이름 bgcttradecnt이(가) 잘못되었습니다.
org.apache.jsp.goo.trade_jsp@1777da04
 gameid:farm7296731
 password:0846443n3h0t0r644245
 userinfo:0:2014;1:3;2:0;4:0;10:12;11:141;12:81;13:891;30:3;40:-1;41:-1;44:-1;45:-1;42:-1;43:0;
 aniitem:1:8,1,0;16:5,25,0;20:7,25,0;24:4,24,0;44:6,22,0;43:6,22,0;
 cusitem:
 tradeinfo:0:127;1:6;10:12;11:2;12:120;20:55;30:2;31:35;61:1;62:1;63:2;64:1;70:1;33:7;34:11;35:245;40:5111;50:0;51:4;52:10;
 paraminfo:0:90113;1:0;2:0;3:0;4:201401;5:0;

2016. 5. 7 오전 11:53:48 org.apache.catalina.core.StandardWrapperValve invoke
정보: ==============================
e:com.microsoft.sqlserver.jdbc.SQLServerException: 열 이름 bgcttradecnt이(가) 잘못되었습니다.
org.apache.jsp.goo.trade_jsp@1777da04
 gameid:farm7296731
 password:0846443n3h0t0r644245
 userinfo:0:2014;1:3;2:0;4:0;10:12;11:141;12:81;13:891;30:3;40:-1;41:-1;44:-1;45:-1;42:-1;43:0;
 aniitem:1:8,1,0;16:5,25,0;20:7,25,0;24:4,24,0;44:6,22,0;43:6,22,0;
 cusitem:
 tradeinfo:0:127;1:6;10:12;11:2;12:120;20:55;30:2;31:35;61:1;62:1;63:2;64:1;70:1;33:7;34:11;35:245;40:5111;50:0;51:4;52:10;
 paraminfo:0:90113;1:0;2:0;3:0;4:201401;5:0;

2016. 5. 7 오전 11:53:48 org.apache.catalina.core.StandardWrapperValve invoke
정보: ==============================
e:com.microsoft.sqlserver.jdbc.SQLServerException: 열 이름 bgcttradecnt이(가) 잘못되었습니다.
org.apache.jsp.goo.trade_jsp@1777da04
 gameid:farm7296731
 password:0846443n3h0t0r644245
 userinfo:0:2014;1:3;2:0;4:0;10:12;11:141;12:81;13:891;30:3;40:-1;41:-1;44:-1;45:-1;42:-1;43:0;
 aniitem:1:8,1,0;16:5,25,0;20:7,25,0;24:4,24,0;44:6,22,0;43:6,22,0;
 cusitem:
 tradeinfo:0:127;1:6;10:12;11:2;12:120;20:55;30:2;31:35;61:1;62:1;63:2;64:1;70:1;33:7;34:11;35:245;40:1001;50:0;51:4;52:10;
 paraminfo:0:90113;1:0;2:0;3:0;4:201401;5:0;

2016. 5. 7 오전 11:53:48 org.apache.catalina.core.StandardWrapperValve invoke
정보: ==============================
e:com.microsoft.sqlserver.jdbc.SQLServerException: 열 이름 bgcttradecnt이(가) 잘못되었습니다.
org.apache.jsp.goo.trade_jsp@1777da04
 gameid:farm7296731
 password:0846443n3h0t0r644245
 userinfo:0:2014;1:3;2:0;4:0;10:12;11:141;12:81;13:891;30:3;40:-1;41:-1;44:-1;45:-1;42:-1;43:0;
 aniitem:1:8,1,0;16:5,25,0;20:7,25,0;24:4,24,0;44:6,22,0;43:6,22,0;
 cusitem:
 tradeinfo:0:127;1:6;10:12;11:2;12:120;20:55;30:2;31:35;61:1;62:1;63:2;64:1;70:1;33:7;34:11;35:245;40:5111;50:0;51:4;52:10;
 paraminfo:0:90113;1:0;2:0;3:0;4:201401;5:0;

2016. 5. 7 오전 11:53:52 org.apache.catalina.core.StandardWrapperValve invoke
정보: ==============================
e:com.microsoft.sqlserver.jdbc.SQLServerException: 열 이름 bgcttradecnt이(가) 잘못되었습니다.
org.apache.jsp.goo.trade_jsp@1777da04
 gameid:farm7296731
 password:0846443n3h0t0r644245
 userinfo:0:2014;1:3;2:0;4:0;10:12;11:141;12:81;13:891;30:3;40:-1;41:-1;44:-1;45:-1;42:-1;43:0;
 aniitem:1:8,1,0;16:5,25,0;20:7,25,0;24:4,24,0;44:6,22,0;43:6,22,0;
 cusitem:
 tradeinfo:0:127;1:6;10:12;11:2;12:120;20:55;30:2;31:35;61:1;62:1;63:2;64:1;70:1;33:7;34:11;35:245;40:800;50:0;51:4;52:10;
 paraminfo:0:90113;1:0;2:0;3:0;4:201401;5:0;

2016. 5. 7 오전 11:53:52 org.apache.catalina.core.StandardWrapperValve invoke
정보: ==============================
e:com.microsoft.sqlserver.jdbc.SQLServerException: 열 이름 bgcttradecnt이(가) 잘못되었습니다.
org.apache.jsp.goo.trade_jsp@1777da04
 gameid:farm7296731
 password:0846443n3h0t0r644245
 userinfo:0:2014;1:3;2:0;4:0;10:12;11:141;12:81;13:891;30:3;40:-1;41:-1;44:-1;45:-1;42:-1;43:0;
 aniitem:1:8,1,0;16:5,25,0;20:7,25,0;24:4,24,0;44:6,22,0;43:6,22,0;
 cusitem:
 tradeinfo:0:127;1:6;10:12;11:2;12:120;20:55;30:2;31:35;61:1;62:1;63:2;64:1;70:1;33:7;34:11;35:245;40:2011;50:0;51:4;52:10;
 paraminfo:0:90113;1:0;2:0;3:0;4:201401;5:0;

2016. 5. 7 오전 11:53:53 org.apache.catalina.core.StandardWrapperValve invoke
정보: ==============================
e:com.microsoft.sqlserver.jdbc.SQLServerException: 열 이름 bgcttradecnt이(가) 잘못되었습니다.
org.apache.jsp.goo.trade_jsp@1777da04
 gameid:farm7296731
 password:0846443n3h0t0r644245
 userinfo:0:2014;1:3;2:0;4:0;10:12;11:141;12:81;13:891;30:3;40:-1;41:-1;44:-1;45:-1;42:-1;43:0;
 aniitem:1:8,1,0;16:5,25,0;20:7,25,0;24:4,24,0;44:6,22,0;43:6,22,0;
 cusitem:
 tradeinfo:0:127;1:6;10:12;11:2;12:120;20:55;30:2;31:35;61:1;62:1;63:2;64:1;70:1;33:7;34:11;35:245;40:5111;50:0;51:4;52:10;
 paraminfo:0:90113;1:0;2:0;3:0;4:201401;5:0;

2016. 5. 7 오전 11:53:54 org.apache.catalina.core.StandardWrapperValve invoke
정보: ==============================
e:com.microsoft.sqlserver.jdbc.SQLServerException: 열 이름 bgcttradecnt이(가) 잘못되었습니다.
org.apache.jsp.goo.trade_jsp@1777da04
 gameid:farm7296731
 password:0846443n3h0t0r644245
 userinfo:0:2014;1:3;2:0;4:0;10:12;11:141;12:81;13:891;30:3;40:-1;41:-1;44:-1;45:-1;42:-1;43:0;
 aniitem:1:8,1,0;16:5,25,0;20:7,25,0;24:4,24,0;44:6,22,0;43:6,22,0;
 cusitem:
 tradeinfo:0:127;1:6;10:12;11:2;12:120;20:55;30:2;31:35;61:1;62:1;63:2;64:1;70:1;33:7;34:11;35:245;40:5102;50:0;51:4;52:10;
 paraminfo:0:90113;1:0;2:0;3:0;4:201401;5:0;

2016. 5. 7 오전 11:53:54 org.apache.catalina.core.StandardWrapperValve invoke
정보: ==============================
e:com.microsoft.sqlserver.jdbc.SQLServerException: 열 이름 bgcttradecnt이(가) 잘못되었습니다.
org.apache.jsp.goo.trade_jsp@1777da04
 gameid:farm7296731
 password:0846443n3h0t0r644245
 userinfo:0:2014;1:3;2:0;4:0;10:12;11:141;12:81;13:891;30:3;40:-1;41:-1;44:-1;45:-1;42:-1;43:0;
 aniitem:1:8,1,0;16:5,25,0;20:7,25,0;24:4,24,0;44:6,22,0;43:6,22,0;
 cusitem:
 tradeinfo:0:127;1:6;10:12;11:2;12:120;20:55;30:2;31:35;61:1;62:1;63:2;64:1;70:1;33:7;34:11;35:245;40:1001;50:0;51:4;52:10;
 paraminfo:0:90113;1:0;2:0;3:0;4:201401;5:0;

2016. 5. 7 오전 11:53:54 org.apache.catalina.core.StandardWrapperValve invoke
정보: ==============================
e:com.microsoft.sqlserver.jdbc.SQLServerException: 열 이름 bgcttradecnt이(가) 잘못되었습니다.
org.apache.jsp.goo.trade_jsp@1777da04
 gameid:farm7296731
 password:0846443n3h0t0r644245
 userinfo:0:2014;1:3;2:0;4:0;10:12;11:141;12:81;13:891;30:3;40:-1;41:-1;44:-1;45:-1;42:-1;43:0;
 aniitem:1:8,1,0;16:5,25,0;20:7,25,0;24:4,24,0;44:6,22,0;43:6,22,0;
 cusitem:
 tradeinfo:0:127;1:6;10:12;11:2;12:120;20:55;30:2;31:35;61:1;62:1;63:2;64:1;70:1;33:7;34:11;35:245;40:2012;50:0;51:4;52:10;
 paraminfo:0:90113;1:0;2:0;3:0;4:201401;5:0;

2016. 5. 7 오전 11:53:55 org.apache.catalina.core.StandardWrapperValve invoke
정보: ==============================
e:com.microsoft.sqlserver.jdbc.SQLServerException: 열 이름 bgcttradecnt이(가) 잘못되었습니다.
org.apache.jsp.goo.trade_jsp@1777da04
 gameid:farm7296731
 password:0846443n3h0t0r644245
 userinfo:0:2014;1:3;2:0;4:0;10:12;11:141;12:81;13:891;30:3;40:-1;41:-1;44:-1;45:-1;42:-1;43:0;
 aniitem:1:8,1,0;16:5,25,0;20:7,25,0;24:4,24,0;44:6,22,0;43:6,22,0;
 cusitem:
 tradeinfo:0:127;1:6;10:12;11:2;12:120;20:55;30:2;31:35;61:1;62:1;63:2;64:1;70:1;33:7;34:11;35:245;40:900;50:0;51:4;52:10;
 paraminfo:0:90113;1:0;2:0;3:0;4:201401;5:0;

2016. 5. 7 오전 11:53:55 org.apache.catalina.core.StandardWrapperValve invoke
정보: ==============================
e:com.microsoft.sqlserver.jdbc.SQLServerException: 열 이름 bgcttradecnt이(가) 잘못되었습니다.
org.apache.jsp.goo.trade_jsp@1777da04
 gameid:farm7296731
 password:0846443n3h0t0r644245
 userinfo:0:2014;1:3;2:0;4:0;10:12;11:141;12:81;13:891;30:3;40:-1;41:-1;44:-1;45:-1;42:-1;43:0;
 aniitem:1:8,1,0;16:5,25,0;20:7,25,0;24:4,24,0;44:6,22,0;43:6,22,0;
 cusitem:
 tradeinfo:0:127;1:6;10:12;11:2;12:120;20:55;30:2;31:35;61:1;62:1;63:2;64:1;70:1;33:7;34:11;35:245;40:5101;50:0;51:4;52:10;
 paraminfo:0:90113;1:0;2:0;3:0;4:201401;5:0;

2016. 5. 7 오전 11:53:55 org.apache.catalina.core.StandardWrapperValve invoke
정보: ==============================
e:com.microsoft.sqlserver.jdbc.SQLServerException: 열 이름 bgcttradecnt이(가) 잘못되었습니다.
org.apache.jsp.goo.trade_jsp@1777da04
 gameid:farm7296731
 password:0846443n3h0t0r644245
 userinfo:0:2014;1:3;2:0;4:0;10:12;11:141;12:81;13:891;30:3;40:-1;41:-1;44:-1;45:-1;42:-1;43:0;
 aniitem:1:8,1,0;16:5,25,0;20:7,25,0;24:4,24,0;44:6,22,0;43:6,22,0;
 cusitem:
 tradeinfo:0:127;1:6;10:12;11:2;12:120;20:55;30:2;31:35;61:1;62:1;63:2;64:1;70:1;33:7;34:11;35:245;40:5111;50:0;51:4;52:10;
 paraminfo:0:90113;1:0;2:0;3:0;4:201401;5:0;

2016. 5. 7 오전 11:53:56 org.apache.catalina.core.StandardWrapperValve invoke
정보: ==============================
e:com.microsoft.sqlserver.jdbc.SQLServerException: 열 이름 bgcttradecnt이(가) 잘못되었습니다.
org.apache.jsp.goo.trade_jsp@1777da04
 gameid:farm7296731
 password:0846443n3h0t0r644245
 userinfo:0:2014;1:3;2:0;4:0;10:12;11:141;12:81;13:891;30:3;40:-1;41:-1;44:-1;45:-1;42:-1;43:0;
 aniitem:1:8,1,0;16:5,25,0;20:7,25,0;24:4,24,0;44:6,22,0;43:6,22,0;
 cusitem:
 tradeinfo:0:127;1:6;10:12;11:2;12:120;20:55;30:2;31:35;61:1;62:1;63:2;64:1;70:1;33:7;34:11;35:245;40:700;50:0;51:4;52:10;
 paraminfo:0:90113;1:0;2:0;3:0;4:201401;5:0;

2016. 5. 7 오전 11:53:56 org.apache.catalina.core.StandardWrapperValve invoke
정보: ==============================
e:com.microsoft.sqlserver.jdbc.SQLServerException: 열 이름 bgcttradecnt이(가) 잘못되었습니다.
org.apache.jsp.goo.trade_jsp@1777da04
 gameid:farm7296731
 password:0846443n3h0t0r644245
 userinfo:0:2014;1:3;2:0;4:0;10:12;11:141;12:81;13:891;30:3;40:-1;41:-1;44:-1;45:-1;42:-1;43:0;
 aniitem:1:8,1,0;16:5,25,0;20:7,25,0;24:4,24,0;44:6,22,0;43:6,22,0;
 cusitem:
 tradeinfo:0:127;1:6;10:12;11:2;12:120;20:55;30:2;31:35;61:1;62:1;63:2;64:1;70:1;33:7;34:11;35:245;40:5102;50:0;51:4;52:10;
 paraminfo:0:90113;1:0;2:0;3:0;4:201401;5:0;

2016. 5. 7 오전 11:53:56 org.apache.catalina.core.StandardWrapperValve invoke
정보: ==============================
e:com.microsoft.sqlserver.jdbc.SQLServerException: 열 이름 bgcttradecnt이(가) 잘못되었습니다.
org.apache.jsp.goo.trade_jsp@1777da04
 gameid:farm7296731
 password:0846443n3h0t0r644245
 userinfo:0:2014;1:3;2:0;4:0;10:12;11:141;12:81;13:891;30:3;40:-1;41:-1;44:-1;45:-1;42:-1;43:0;
 aniitem:1:8,1,0;16:5,25,0;20:7,25,0;24:4,24,0;44:6,22,0;43:6,22,0;
 cusitem:
 tradeinfo:0:127;1:6;10:12;11:2;12:120;20:55;30:2;31:35;61:1;62:1;63:2;64:1;70:1;33:7;34:11;35:245;40:1001;50:0;51:4;52:10;
 paraminfo:0:90113;1:0;2:0;3:0;4:201401;5:0;

2016. 5. 7 오전 11:53:58 org.apache.catalina.core.StandardWrapperValve invoke
정보: ==============================
e:com.microsoft.sqlserver.jdbc.SQLServerException: 열 이름 bgcttradecnt이(가) 잘못되었습니다.
org.apache.jsp.goo.trade_jsp@1777da04
 gameid:farm7296731
 password:0846443n3h0t0r644245
 userinfo:0:2014;1:3;2:0;4:0;10:12;11:141;12:81;13:891;30:3;40:-1;41:-1;44:-1;45:-1;42:-1;43:0;
 aniitem:1:8,1,0;16:5,25,0;20:7,25,0;24:4,24,0;44:6,22,0;43:6,22,0;
 cusitem:
 tradeinfo:0:127;1:6;10:12;11:2;12:120;20:55;30:2;31:35;61:1;62:1;63:2;64:1;70:1;33:7;34:11;35:245;40:1101;50:0;51:4;52:10;
 paraminfo:0:90113;1:0;2:0;3:0;4:201401;5:0;

2016. 5. 7 오전 11:53:59 org.apache.catalina.core.StandardWrapperValve invoke
정보: ==============================
e:com.microsoft.sqlserver.jdbc.SQLServerException: 열 이름 bgcttradecnt이(가) 잘못되었습니다.
org.apache.jsp.goo.trade_jsp@1777da04
 gameid:farm7296731
 password:0846443n3h0t0r644245
 userinfo:0:2014;1:3;2:0;4:0;10:12;11:141;12:81;13:891;30:3;40:-1;41:-1;44:-1;45:-1;42:-1;43:0;
 aniitem:1:8,1,0;16:5,25,0;20:7,25,0;24:4,24,0;44:6,22,0;43:6,22,0;
 cusitem:
 tradeinfo:0:127;1:6;10:12;11:2;12:120;20:55;30:2;31:35;61:1;62:1;63:2;64:1;70:1;33:7;34:11;35:245;40:5101;50:0;51:4;52:10;
 paraminfo:0:90113;1:0;2:0;3:0;4:201401;5:0;

2016. 5. 7 오전 11:53:59 org.apache.catalina.core.StandardWrapperValve invoke
정보: ==============================
e:com.microsoft.sqlserver.jdbc.SQLServerException: 열 이름 bgcttradecnt이(가) 잘못되었습니다.
org.apache.jsp.goo.trade_jsp@1777da04
 gameid:farm7296731
 password:0846443n3h0t0r644245
 userinfo:0:2014;1:3;2:0;4:0;10:12;11:141;12:81;13:891;30:3;40:-1;41:-1;44:-1;45:-1;42:-1;43:0;
 aniitem:1:8,1,0;16:5,25,0;20:7,25,0;24:4,24,0;44:6,22,0;43:6,22,0;
 cusitem:
 tradeinfo:0:127;1:6;10:12;11:2;12:120;20:55;30:2;31:35;61:1;62:1;63:2;64:1;70:1;33:7;34:11;35:245;40:2011;50:0;51:4;52:10;
 paraminfo:0:90113;1:0;2:0;3:0;4:201401;5:0;

2016. 5. 7 오후 12:34:53 org.apache.catalina.core.StandardWrapperValve invoke
정보: ==============================
e:com.microsoft.sqlserver.jdbc.SQLServerException: 열 이름 bgcttradecnt이(가) 잘못되었습니다.
org.apache.jsp.goo.trade_jsp@1777da04
 gameid:farm6991761
 password:7591423d7q3c5d271751
 userinfo:0:2018;1:8;2:0;4:0;10:19;11:1611;12:30;13:1470;30:14;40:-1;41:-1;44:-1;45:-1;42:-1;43:2;
 aniitem:33:2,6,0;139:3,8,0;76:2,5,0;72:5,23,0;67:5,7,0;70:4,23,0;20:5,18,0;142:6,16,0;143:4,11,0;
 cusitem:26:3;69:3;31:1;25:1;
 tradeinfo:0:651;1:15;10:4;11:0;12:0;20:72;30:7;31:51;61:1;62:1;63:7;64:1;70:1;33:8;34:49;35:408;40:5113;50:0;51:7;52:46;
 paraminfo:0:90135;1:2;2:0;3:0;4:201803;5:0;

