2016. 5. 2 오후 12:36:25 org.apache.catalina.core.StandardWrapperValve invoke
정보: ==============================
e:com.microsoft.sqlserver.jdbc.SQLServerException: LEFT 또는 SUBSTRING 함수에 전달된 길이 매개 변수가 잘못되었습니다.
org.apache.jsp.goo.anibattlestart_jsp@2e607080
 ?gameid=farm209375
 &password=6289310t7d4x9s914465
 &farmidx:6900
 &listset:

2016. 5. 2 오후 12:36:33 org.apache.catalina.core.StandardWrapperValve invoke
정보: ==============================
e:com.microsoft.sqlserver.jdbc.SQLServerException: LEFT 또는 SUBSTRING 함수에 전달된 길이 매개 변수가 잘못되었습니다.
org.apache.jsp.goo.anibattlestart_jsp@2e607080
 ?gameid=farm209375
 &password=6289310t7d4x9s914465
 &farmidx:6900
 &listset:

2016. 5. 2 오후 12:36:40 org.apache.catalina.core.StandardWrapperValve invoke
정보: ==============================
e:com.microsoft.sqlserver.jdbc.SQLServerException: LEFT 또는 SUBSTRING 함수에 전달된 길이 매개 변수가 잘못되었습니다.
org.apache.jsp.goo.anibattlestart_jsp@2e607080
 ?gameid=farm209375
 &password=6289310t7d4x9s914465
 &farmidx:6900
 &listset:

2016. 5. 2 오후 12:36:41 org.apache.catalina.core.StandardWrapperValve invoke
정보: ==============================
e:com.microsoft.sqlserver.jdbc.SQLServerException: LEFT 또는 SUBSTRING 함수에 전달된 길이 매개 변수가 잘못되었습니다.
org.apache.jsp.goo.anibattlestart_jsp@2e607080
 ?gameid=farm209375
 &password=6289310t7d4x9s914465
 &farmidx:6900
 &listset:

2016. 5. 2 오후 12:36:41 org.apache.catalina.core.StandardWrapperValve invoke
정보: ==============================
e:com.microsoft.sqlserver.jdbc.SQLServerException: LEFT 또는 SUBSTRING 함수에 전달된 길이 매개 변수가 잘못되었습니다.
org.apache.jsp.goo.anibattlestart_jsp@2e607080
 ?gameid=farm209375
 &password=6289310t7d4x9s914465
 &farmidx:6900
 &listset:

2016. 5. 2 오후 12:36:41 org.apache.catalina.core.StandardWrapperValve invoke
정보: ==============================
e:com.microsoft.sqlserver.jdbc.SQLServerException: LEFT 또는 SUBSTRING 함수에 전달된 길이 매개 변수가 잘못되었습니다.
org.apache.jsp.goo.anibattlestart_jsp@2e607080
 ?gameid=farm209375
 &password=6289310t7d4x9s914465
 &farmidx:6900
 &listset:

2016. 5. 2 오후 12:36:41 org.apache.catalina.core.StandardWrapperValve invoke
정보: ==============================
e:com.microsoft.sqlserver.jdbc.SQLServerException: LEFT 또는 SUBSTRING 함수에 전달된 길이 매개 변수가 잘못되었습니다.
org.apache.jsp.goo.anibattlestart_jsp@2e607080
 ?gameid=farm209375
 &password=6289310t7d4x9s914465
 &farmidx:6900
 &listset:

