2016. 5. 23 오후 12:18:46 org.apache.catalina.core.StandardWrapperValve invoke
심각: Servlet.service() for servlet jsp threw exception
java.lang.NumberFormatException: For input string: "14162 "
	at java.lang.NumberFormatException.forInputString(Unknown Source)
	at java.lang.Integer.parseInt(Unknown Source)
	at java.lang.Integer.parseInt(Unknown Source)
	at formutil.FormUtil.getParamInt(FormUtil.java:124)
	at org.apache.jsp.admin.usersetting_005fok_jsp._jspService(usersetting_005fok_jsp.java:1610)
	at org.apache.jasper.runtime.HttpJspBase.service(HttpJspBase.java:70)
	at javax.servlet.http.HttpServlet.service(HttpServlet.java:723)
	at org.apache.jasper.servlet.JspServletWrapper.service(JspServletWrapper.java:388)
	at org.apache.jasper.servlet.JspServlet.serviceJspFile(JspServlet.java:313)
	at org.apache.jasper.servlet.JspServlet.service(JspServlet.java:260)
	at javax.servlet.http.HttpServlet.service(HttpServlet.java:723)
	at org.apache.catalina.core.ApplicationFilterChain.internalDoFilter(ApplicationFilterChain.java:290)
	at org.apache.catalina.core.ApplicationFilterChain.doFilter(ApplicationFilterChain.java:206)
	at org.apache.catalina.core.StandardWrapperValve.invoke(StandardWrapperValve.java:219)
	at org.apache.catalina.core.StandardContextValve.invoke(StandardContextValve.java:191)
	at org.apache.catalina.core.StandardHostValve.invoke(StandardHostValve.java:127)
	at org.apache.catalina.valves.ErrorReportValve.invoke(ErrorReportValve.java:103)
	at org.apache.catalina.core.StandardEngineValve.invoke(StandardEngineValve.java:109)
	at org.apache.catalina.connector.CoyoteAdapter.service(CoyoteAdapter.java:293)
	at org.apache.coyote.http11.Http11Processor.process(Http11Processor.java:861)
	at org.apache.coyote.http11.Http11Protocol$Http11ConnectionHandler.process(Http11Protocol.java:606)
	at org.apache.tomcat.util.net.JIoEndpoint$Worker.run(JIoEndpoint.java:489)
	at java.lang.Thread.run(Unknown Source)
2016. 5. 23 오후 3:13:37 org.apache.catalina.core.StandardWrapperValve invoke
정보: ==============================
e:com.microsoft.sqlserver.jdbc.SQLServerException: 열 이름 bgcttradecnt이(가) 잘못되었습니다.
org.apache.jsp.goo.trade_jsp@72b1edbe
 gameid=farm11727651
 password=8030737w7f2g6u529687
 userinfo=0:2014;1:4;2:0;4:3;10:1;11:7;12:29;13:290;30:7;40:-1;41:-1;44:-1;45:-1;42:-1;43:1;
 aniitem=0:7,11,0;1:3,3,0;2:7,24,0;3:6,0,0;15:6,2,0;23:6,13,0;24:6,20,0;33:7,20,0;
 cusitem=7:1;8:1;
 tradeinfo=0:135;1:7;10:13;11:2;12:0;20:8;30:1;31:56;61:1;62:1;63:2;64:1;70:1;33:5;34:10;35:280;40:1002;50:1;51:1;52:1;
 paraminfo=0:90111;1:2;2:0;3:0;4:201404;5:0;

2016. 5. 23 오후 6:04:06 org.apache.catalina.core.StandardWrapperValve invoke
정보: ==============================
e:com.microsoft.sqlserver.jdbc.SQLServerException: 열 이름 bgcttradecnt이(가) 잘못되었습니다.
org.apache.jsp.goo.trade_jsp@72b1edbe
 gameid=gameid
 password=password
 userinfo=
 aniitem=
 cusitem=
 tradeinfo=
 paraminfo=

