2016. 5. 8 오전 1:34:23 org.apache.catalina.core.StandardWrapperValve invoke
정보: ==============================
e:com.microsoft.sqlserver.jdbc.SQLServerException: 열 이름 bgcttradecnt이(가) 잘못되었습니다.
org.apache.jsp.goo.trade_jsp@1777da04
 gameid:farm7834117
 password:4713356y4f5q3c717924
 userinfo:0:2016;1:2;2:0;4:1;10:20;11:392;12:2;13:34;30:10;40:-1;41:-1;44:-1;45:-1;42:-1;43:1;
 aniitem:25:3,10,0;3:5,21,0;39:3,16,0;44:5,19,0;17:4,23,0;22:4,18,0;63:6,22,0;
 cusitem:20:2;38:1;10:1;
 tradeinfo:0:359;1:11;10:3;11:0;12:0;20:20;30:0;31:29;61:1;62:1;63:4;64:1;70:1;33:6;34:17;35:174;40:1001;50:0;51:3;52:5;
 paraminfo:0:90124;1:0;2:0;3:0;4:201512;5:0;

2016. 5. 8 오전 1:37:09 org.apache.catalina.core.StandardWrapperValve invoke
정보: ==============================
e:com.microsoft.sqlserver.jdbc.SQLServerException: 열 이름 bgcttradecnt이(가) 잘못되었습니다.
org.apache.jsp.goo.trade_jsp@1777da04
 gameid:farm7913874
 password:5368205g6i5z0j662352
 userinfo:0:2014;1:11;2:0;4:2;10:20;11:284;12:136;13:1768;30:8;40:-1;41:-1;44:-1;45:-1;42:-1;43:0;
 aniitem:0:2,20,0;1:2,9,0;24:8,26,0;25:5,19,0;45:7,21,0;3:5,12,0;19:4,13,0;22:7,12,0;46:7,27,0;
 cusitem:35:2;
 tradeinfo:0:234;1:9;10:19;11:3;12:0;20:61;30:2;31:24;61:1;62:-1;63:2;64:-1;70:1;33:5;34:13;35:120;40:5101;50:0;51:2;52:8;
 paraminfo:0:90121;1:0;2:0;3:0;4:201411;5:0;

2016. 5. 8 오전 2:05:06 org.apache.catalina.core.StandardWrapperValve invoke
정보: ==============================
e:com.microsoft.sqlserver.jdbc.SQLServerException: 트랜잭션(프로세스 ID 132)이 잠금 리소스에서 다른 프로세스와의 교착 상태가 발생하여 실행이 중지되었습니다. 트랜잭션을 다시 실행하십시오.
org.apache.jsp.goo.trade_jsp@1777da04
 gameid:farm8018306
 password:3201545q5a2j9m936493
 userinfo:0:2014;1:1;2:0;4:0;10:0;11:0;12:19;13:228;30:2;40:-1;41:-1;44:-1;45:-1;42:-1;43:0;
 aniitem:3:4,15,0;18:5,15,0;24:4,5,0;22:4,3,0;23:3,26,0;34:4,10,0;
 cusitem:8:1;9:1;
 tradeinfo:0:106;1:6;10:10;11:1;12:0;20:1;30:2;31:31;61:1;62:1;63:2;64:1;70:1;33:5;34:12;35:155;40:900;50:2;51:4;52:12;
 paraminfo:0:90113;1:0;2:0;3:0;4:201401;5:0;

2016. 5. 8 오전 2:30:44 org.apache.catalina.core.StandardWrapperValve invoke
정보: ==============================
e:com.microsoft.sqlserver.jdbc.SQLServerException: 열 이름 bgcttradecnt이(가) 잘못되었습니다.
org.apache.jsp.goo.trade_jsp@1777da04
 gameid:farm7913874
 password:5368205g6i5z0j662352
 userinfo:0:2015;1:2;2:0;4:4;10:0;11:0;12:83;13:1079;30:7;40:-1;41:-1;44:-1;45:-1;42:-1;43:2;
 aniitem:0:2,20,0;1:2,9,0;24:2,16,0;25:2,1,0;45:2,4,0;3:2,22,0;19:3,28,0;22:3,20,0;46:3,12,0;52:5,25,0;53:5,25,0;54:3,13,0;
 cusitem:35:2;8:1;9:1;
 tradeinfo:0:267;1:9;10:22;11:3;12:0;20:46;30:2;31:36;61:1;62:1;63:3;64:1;70:1;33:7;34:13;35:252;40:5101;50:0;51:3;52:11;
 paraminfo:0:90121;1:0;2:0;3:0;4:201411;5:0;

2016. 5. 8 오전 4:15:46 org.apache.catalina.core.StandardWrapperValve invoke
정보: ==============================
e:com.microsoft.sqlserver.jdbc.SQLServerException: 열 이름 bgcttradecnt이(가) 잘못되었습니다.
org.apache.jsp.goo.trade_jsp@1777da04
 gameid:farm7913874
 password:5368205g6i5z0j662352
 userinfo:0:2015;1:1;2:0;4:4;10:6;11:83;12:90;13:1170;30:8;40:-1;41:-1;44:-1;45:-1;42:-1;43:3;
 aniitem:0:2,20,0;1:2,9,0;24:5,9,0;25:6,23,0;45:7,26,0;3:4,18,0;19:3,21,0;22:5,14,0;46:7,7,0;52:5,25,0;53:5,25,0;54:4,8,0;
 cusitem:35:4;8:2;
 tradeinfo:0:255;1:9;10:21;11:3;12:0;20:60;30:0;31:30;61:1;62:1;63:3;64:1;70:1;33:8;34:13;35:240;40:2012;50:3;51:3;52:3;
 paraminfo:0:90121;1:0;2:0;3:0;4:201411;5:0;

2016. 5. 8 오전 4:22:02 org.apache.catalina.core.StandardWrapperValve invoke
정보: ==============================
e:com.microsoft.sqlserver.jdbc.SQLServerException: expression을(를) 데이터 형식 int(으)로 변환하는 중 산술 오버플로 오류가 발생했습니다.
org.apache.jsp.goo.itembuy_jsp@2e46f365
 gameid:farm8081275
 password:0926746n2t5f0k744344
 itemcode:1002
 buycnt:2147400000
 listidx:9
 fieldidx:-1
 quickkind:-1
 randserial:63598WHH91N568N880

2016. 5. 8 오전 4:22:02 org.apache.catalina.core.StandardWrapperValve invoke
정보: ==============================
e:com.microsoft.sqlserver.jdbc.SQLServerException: expression을(를) 데이터 형식 int(으)로 변환하는 중 산술 오버플로 오류가 발생했습니다.
org.apache.jsp.goo.itembuy_jsp@2e46f365
 gameid:farm8081275
 password:0926746n2t5f0k744344
 itemcode:1002
 buycnt:2147400000
 listidx:9
 fieldidx:-1
 quickkind:-1
 randserial:63598WHH91N568N880

2016. 5. 8 오전 4:22:03 org.apache.catalina.core.StandardWrapperValve invoke
정보: ==============================
e:com.microsoft.sqlserver.jdbc.SQLServerException: expression을(를) 데이터 형식 int(으)로 변환하는 중 산술 오버플로 오류가 발생했습니다.
org.apache.jsp.goo.itembuy_jsp@2e46f365
 gameid:farm8081275
 password:0926746n2t5f0k744344
 itemcode:1002
 buycnt:2147400000
 listidx:9
 fieldidx:-1
 quickkind:-1
 randserial:63598WHH91N568N880

2016. 5. 8 오전 4:22:03 org.apache.catalina.core.StandardWrapperValve invoke
정보: ==============================
e:com.microsoft.sqlserver.jdbc.SQLServerException: expression을(를) 데이터 형식 int(으)로 변환하는 중 산술 오버플로 오류가 발생했습니다.
org.apache.jsp.goo.itembuy_jsp@2e46f365
 gameid:farm8081275
 password:0926746n2t5f0k744344
 itemcode:1002
 buycnt:2147400000
 listidx:9
 fieldidx:-1
 quickkind:-1
 randserial:63598WHH91N568N880

2016. 5. 8 오전 4:22:03 org.apache.catalina.core.StandardWrapperValve invoke
정보: ==============================
e:com.microsoft.sqlserver.jdbc.SQLServerException: expression을(를) 데이터 형식 int(으)로 변환하는 중 산술 오버플로 오류가 발생했습니다.
org.apache.jsp.goo.itembuy_jsp@2e46f365
 gameid:farm8081275
 password:0926746n2t5f0k744344
 itemcode:1002
 buycnt:2147400000
 listidx:9
 fieldidx:-1
 quickkind:-1
 randserial:63598WHH91N568N880

2016. 5. 8 오전 4:22:04 org.apache.catalina.core.StandardWrapperValve invoke
정보: ==============================
e:com.microsoft.sqlserver.jdbc.SQLServerException: expression을(를) 데이터 형식 int(으)로 변환하는 중 산술 오버플로 오류가 발생했습니다.
org.apache.jsp.goo.itembuy_jsp@2e46f365
 gameid:farm8081275
 password:0926746n2t5f0k744344
 itemcode:1002
 buycnt:2147400000
 listidx:9
 fieldidx:-1
 quickkind:-1
 randserial:63598WHH91N568N880

2016. 5. 8 오전 4:22:05 org.apache.catalina.core.StandardWrapperValve invoke
정보: ==============================
e:com.microsoft.sqlserver.jdbc.SQLServerException: expression을(를) 데이터 형식 int(으)로 변환하는 중 산술 오버플로 오류가 발생했습니다.
org.apache.jsp.goo.itembuy_jsp@2e46f365
 gameid:farm8081275
 password:0926746n2t5f0k744344
 itemcode:1002
 buycnt:2147400000
 listidx:9
 fieldidx:-1
 quickkind:-1
 randserial:63598WHH91N568N880

2016. 5. 8 오전 4:22:07 org.apache.catalina.core.StandardWrapperValve invoke
정보: ==============================
e:com.microsoft.sqlserver.jdbc.SQLServerException: expression을(를) 데이터 형식 int(으)로 변환하는 중 산술 오버플로 오류가 발생했습니다.
org.apache.jsp.goo.itembuy_jsp@2e46f365
 gameid:farm8081275
 password:0926746n2t5f0k744344
 itemcode:1002
 buycnt:2147400000
 listidx:9
 fieldidx:-1
 quickkind:-1
 randserial:63598WHH91N568N880

2016. 5. 8 오전 4:22:07 org.apache.catalina.core.StandardWrapperValve invoke
정보: ==============================
e:com.microsoft.sqlserver.jdbc.SQLServerException: expression을(를) 데이터 형식 int(으)로 변환하는 중 산술 오버플로 오류가 발생했습니다.
org.apache.jsp.goo.itembuy_jsp@2e46f365
 gameid:farm8081275
 password:0926746n2t5f0k744344
 itemcode:1002
 buycnt:2147400000
 listidx:9
 fieldidx:-1
 quickkind:-1
 randserial:63598WHH91N568N880

2016. 5. 8 오전 4:22:07 org.apache.catalina.core.StandardWrapperValve invoke
정보: ==============================
e:com.microsoft.sqlserver.jdbc.SQLServerException: expression을(를) 데이터 형식 int(으)로 변환하는 중 산술 오버플로 오류가 발생했습니다.
org.apache.jsp.goo.itembuy_jsp@2e46f365
 gameid:farm8081275
 password:0926746n2t5f0k744344
 itemcode:1002
 buycnt:2147400000
 listidx:9
 fieldidx:-1
 quickkind:-1
 randserial:63598WHH91N568N880

2016. 5. 8 오전 4:22:07 org.apache.catalina.core.StandardWrapperValve invoke
정보: ==============================
e:com.microsoft.sqlserver.jdbc.SQLServerException: expression을(를) 데이터 형식 int(으)로 변환하는 중 산술 오버플로 오류가 발생했습니다.
org.apache.jsp.goo.itembuy_jsp@2e46f365
 gameid:farm8081275
 password:0926746n2t5f0k744344
 itemcode:1002
 buycnt:2147400000
 listidx:9
 fieldidx:-1
 quickkind:-1
 randserial:63598WHH91N568N880

2016. 5. 8 오전 4:22:07 org.apache.catalina.core.StandardWrapperValve invoke
정보: ==============================
e:com.microsoft.sqlserver.jdbc.SQLServerException: expression을(를) 데이터 형식 int(으)로 변환하는 중 산술 오버플로 오류가 발생했습니다.
org.apache.jsp.goo.itembuy_jsp@2e46f365
 gameid:farm8081275
 password:0926746n2t5f0k744344
 itemcode:1002
 buycnt:2147400000
 listidx:9
 fieldidx:-1
 quickkind:-1
 randserial:63598WHH91N568N880

2016. 5. 8 오전 4:22:07 org.apache.catalina.core.StandardWrapperValve invoke
정보: ==============================
e:com.microsoft.sqlserver.jdbc.SQLServerException: expression을(를) 데이터 형식 int(으)로 변환하는 중 산술 오버플로 오류가 발생했습니다.
org.apache.jsp.goo.itembuy_jsp@2e46f365
 gameid:farm8081275
 password:0926746n2t5f0k744344
 itemcode:1002
 buycnt:2147400000
 listidx:9
 fieldidx:-1
 quickkind:-1
 randserial:63598WHH91N568N880

2016. 5. 8 오전 4:26:40 org.apache.catalina.core.StandardWrapperValve invoke
정보: ==============================
e:com.microsoft.sqlserver.jdbc.SQLServerException: expression을(를) 데이터 형식 int(으)로 변환하는 중 산술 오버플로 오류가 발생했습니다.
org.apache.jsp.goo.itembuy_jsp@2e46f365
 gameid:farm8074769
 password:9580210b5c9d2v646379
 itemcode:702
 buycnt:99999999
 listidx:-1
 fieldidx:-1
 quickkind:1
 randserial:6XC982F660122XXX00

2016. 5. 8 오전 4:26:41 org.apache.catalina.core.StandardWrapperValve invoke
정보: ==============================
e:com.microsoft.sqlserver.jdbc.SQLServerException: expression을(를) 데이터 형식 int(으)로 변환하는 중 산술 오버플로 오류가 발생했습니다.
org.apache.jsp.goo.itembuy_jsp@2e46f365
 gameid:farm8074769
 password:9580210b5c9d2v646379
 itemcode:702
 buycnt:99999999
 listidx:-1
 fieldidx:-1
 quickkind:1
 randserial:6XC982F660122XXX00

2016. 5. 8 오전 4:26:42 org.apache.catalina.core.StandardWrapperValve invoke
정보: ==============================
e:com.microsoft.sqlserver.jdbc.SQLServerException: expression을(를) 데이터 형식 int(으)로 변환하는 중 산술 오버플로 오류가 발생했습니다.
org.apache.jsp.goo.itembuy_jsp@2e46f365
 gameid:farm8074769
 password:9580210b5c9d2v646379
 itemcode:702
 buycnt:99999999
 listidx:-1
 fieldidx:-1
 quickkind:1
 randserial:6XC982F660122XXX00

2016. 5. 8 오전 4:26:42 org.apache.catalina.core.StandardWrapperValve invoke
정보: ==============================
e:com.microsoft.sqlserver.jdbc.SQLServerException: expression을(를) 데이터 형식 int(으)로 변환하는 중 산술 오버플로 오류가 발생했습니다.
org.apache.jsp.goo.itembuy_jsp@2e46f365
 gameid:farm8074769
 password:9580210b5c9d2v646379
 itemcode:702
 buycnt:99999999
 listidx:-1
 fieldidx:-1
 quickkind:1
 randserial:6XC982F660122XXX00

2016. 5. 8 오전 4:26:42 org.apache.catalina.core.StandardWrapperValve invoke
정보: ==============================
e:com.microsoft.sqlserver.jdbc.SQLServerException: expression을(를) 데이터 형식 int(으)로 변환하는 중 산술 오버플로 오류가 발생했습니다.
org.apache.jsp.goo.itembuy_jsp@2e46f365
 gameid:farm8074769
 password:9580210b5c9d2v646379
 itemcode:702
 buycnt:99999999
 listidx:-1
 fieldidx:-1
 quickkind:1
 randserial:6XC982F660122XXX00

2016. 5. 8 오전 4:26:42 org.apache.catalina.core.StandardWrapperValve invoke
정보: ==============================
e:com.microsoft.sqlserver.jdbc.SQLServerException: expression을(를) 데이터 형식 int(으)로 변환하는 중 산술 오버플로 오류가 발생했습니다.
org.apache.jsp.goo.itembuy_jsp@2e46f365
 gameid:farm8074769
 password:9580210b5c9d2v646379
 itemcode:702
 buycnt:99999999
 listidx:-1
 fieldidx:-1
 quickkind:1
 randserial:6XC982F660122XXX00

2016. 5. 8 오전 4:26:43 org.apache.catalina.core.StandardWrapperValve invoke
정보: ==============================
e:com.microsoft.sqlserver.jdbc.SQLServerException: expression을(를) 데이터 형식 int(으)로 변환하는 중 산술 오버플로 오류가 발생했습니다.
org.apache.jsp.goo.itembuy_jsp@2e46f365
 gameid:farm8074769
 password:9580210b5c9d2v646379
 itemcode:702
 buycnt:99999999
 listidx:-1
 fieldidx:-1
 quickkind:1
 randserial:6XC982F660122XXX00

2016. 5. 8 오전 4:26:43 org.apache.catalina.core.StandardWrapperValve invoke
정보: ==============================
e:com.microsoft.sqlserver.jdbc.SQLServerException: expression을(를) 데이터 형식 int(으)로 변환하는 중 산술 오버플로 오류가 발생했습니다.
org.apache.jsp.goo.itembuy_jsp@2e46f365
 gameid:farm8074769
 password:9580210b5c9d2v646379
 itemcode:702
 buycnt:99999999
 listidx:-1
 fieldidx:-1
 quickkind:1
 randserial:6XC982F660122XXX00

2016. 5. 8 오전 4:26:43 org.apache.catalina.core.StandardWrapperValve invoke
정보: ==============================
e:com.microsoft.sqlserver.jdbc.SQLServerException: expression을(를) 데이터 형식 int(으)로 변환하는 중 산술 오버플로 오류가 발생했습니다.
org.apache.jsp.goo.itembuy_jsp@2e46f365
 gameid:farm8074769
 password:9580210b5c9d2v646379
 itemcode:702
 buycnt:99999999
 listidx:-1
 fieldidx:-1
 quickkind:1
 randserial:6XC982F660122XXX00

2016. 5. 8 오전 4:26:43 org.apache.catalina.core.StandardWrapperValve invoke
정보: ==============================
e:com.microsoft.sqlserver.jdbc.SQLServerException: expression을(를) 데이터 형식 int(으)로 변환하는 중 산술 오버플로 오류가 발생했습니다.
org.apache.jsp.goo.itembuy_jsp@2e46f365
 gameid:farm8074769
 password:9580210b5c9d2v646379
 itemcode:702
 buycnt:99999999
 listidx:-1
 fieldidx:-1
 quickkind:1
 randserial:6XC982F660122XXX00

2016. 5. 8 오전 4:26:43 org.apache.catalina.core.StandardWrapperValve invoke
정보: ==============================
e:com.microsoft.sqlserver.jdbc.SQLServerException: expression을(를) 데이터 형식 int(으)로 변환하는 중 산술 오버플로 오류가 발생했습니다.
org.apache.jsp.goo.itembuy_jsp@2e46f365
 gameid:farm8074769
 password:9580210b5c9d2v646379
 itemcode:702
 buycnt:99999999
 listidx:-1
 fieldidx:-1
 quickkind:1
 randserial:6XC982F660122XXX00

2016. 5. 8 오전 4:26:44 org.apache.catalina.core.StandardWrapperValve invoke
정보: ==============================
e:com.microsoft.sqlserver.jdbc.SQLServerException: expression을(를) 데이터 형식 int(으)로 변환하는 중 산술 오버플로 오류가 발생했습니다.
org.apache.jsp.goo.itembuy_jsp@2e46f365
 gameid:farm8074769
 password:9580210b5c9d2v646379
 itemcode:702
 buycnt:99999999
 listidx:-1
 fieldidx:-1
 quickkind:1
 randserial:6XC982F660122XXX00

2016. 5. 8 오전 4:26:54 org.apache.catalina.core.StandardWrapperValve invoke
정보: ==============================
e:com.microsoft.sqlserver.jdbc.SQLServerException: expression을(를) 데이터 형식 int(으)로 변환하는 중 산술 오버플로 오류가 발생했습니다.
org.apache.jsp.goo.itembuy_jsp@2e46f365
 gameid:farm8074769
 password:9580210b5c9d2v646379
 itemcode:702
 buycnt:99999999
 listidx:-1
 fieldidx:-1
 quickkind:1
 randserial:6XC982F660122XXX00

2016. 5. 8 오전 4:26:54 org.apache.catalina.core.StandardWrapperValve invoke
정보: ==============================
e:com.microsoft.sqlserver.jdbc.SQLServerException: expression을(를) 데이터 형식 int(으)로 변환하는 중 산술 오버플로 오류가 발생했습니다.
org.apache.jsp.goo.itembuy_jsp@2e46f365
 gameid:farm8074769
 password:9580210b5c9d2v646379
 itemcode:702
 buycnt:99999999
 listidx:-1
 fieldidx:-1
 quickkind:1
 randserial:6XC982F660122XXX00

2016. 5. 8 오전 4:26:55 org.apache.catalina.core.StandardWrapperValve invoke
정보: ==============================
e:com.microsoft.sqlserver.jdbc.SQLServerException: expression을(를) 데이터 형식 int(으)로 변환하는 중 산술 오버플로 오류가 발생했습니다.
org.apache.jsp.goo.itembuy_jsp@2e46f365
 gameid:farm8074769
 password:9580210b5c9d2v646379
 itemcode:702
 buycnt:99999999
 listidx:-1
 fieldidx:-1
 quickkind:1
 randserial:6XC982F660122XXX00

2016. 5. 8 오전 4:26:55 org.apache.catalina.core.StandardWrapperValve invoke
정보: ==============================
e:com.microsoft.sqlserver.jdbc.SQLServerException: expression을(를) 데이터 형식 int(으)로 변환하는 중 산술 오버플로 오류가 발생했습니다.
org.apache.jsp.goo.itembuy_jsp@2e46f365
 gameid:farm8074769
 password:9580210b5c9d2v646379
 itemcode:702
 buycnt:99999999
 listidx:-1
 fieldidx:-1
 quickkind:1
 randserial:6XC982F660122XXX00

2016. 5. 8 오전 4:26:56 org.apache.catalina.core.StandardWrapperValve invoke
정보: ==============================
e:com.microsoft.sqlserver.jdbc.SQLServerException: expression을(를) 데이터 형식 int(으)로 변환하는 중 산술 오버플로 오류가 발생했습니다.
org.apache.jsp.goo.itembuy_jsp@2e46f365
 gameid:farm8074769
 password:9580210b5c9d2v646379
 itemcode:702
 buycnt:99999999
 listidx:-1
 fieldidx:-1
 quickkind:1
 randserial:6XC982F660122XXX00

2016. 5. 8 오전 4:26:56 org.apache.catalina.core.StandardWrapperValve invoke
정보: ==============================
e:com.microsoft.sqlserver.jdbc.SQLServerException: expression을(를) 데이터 형식 int(으)로 변환하는 중 산술 오버플로 오류가 발생했습니다.
org.apache.jsp.goo.itembuy_jsp@2e46f365
 gameid:farm8074769
 password:9580210b5c9d2v646379
 itemcode:702
 buycnt:99999999
 listidx:-1
 fieldidx:-1
 quickkind:1
 randserial:6XC982F660122XXX00

2016. 5. 8 오전 4:26:56 org.apache.catalina.core.StandardWrapperValve invoke
정보: ==============================
e:com.microsoft.sqlserver.jdbc.SQLServerException: expression을(를) 데이터 형식 int(으)로 변환하는 중 산술 오버플로 오류가 발생했습니다.
org.apache.jsp.goo.itembuy_jsp@2e46f365
 gameid:farm8074769
 password:9580210b5c9d2v646379
 itemcode:702
 buycnt:99999999
 listidx:-1
 fieldidx:-1
 quickkind:1
 randserial:6XC982F660122XXX00

2016. 5. 8 오전 4:26:56 org.apache.catalina.core.StandardWrapperValve invoke
정보: ==============================
e:com.microsoft.sqlserver.jdbc.SQLServerException: expression을(를) 데이터 형식 int(으)로 변환하는 중 산술 오버플로 오류가 발생했습니다.
org.apache.jsp.goo.itembuy_jsp@2e46f365
 gameid:farm8074769
 password:9580210b5c9d2v646379
 itemcode:702
 buycnt:99999999
 listidx:-1
 fieldidx:-1
 quickkind:1
 randserial:6XC982F660122XXX00

