2016. 9. 10 오전 9:23:05 org.apache.catalina.core.StandardWrapperValve invoke
정보: ==============================
e:com.microsoft.sqlserver.jdbc.SQLServerException: expression을(를) 데이터 형식 int(으)로 변환하는 중 산술 오버플로 오류가 발생했습니다.
org.apache.jsp.goo.trade_jsp@65808588
 gameid=farm23188281
 password=5057382e1a4y7w379497
 userinfo=0:2013;1:10;2:0;4:1;10:31;11:372;12:210;13:2100;30:8;40:-1;41:-1;44:-1;45:-1;42:-1;43:0;
 aniitem=1:4,2,0;21:4,8,0;17:4,1,0;2:4,10,0;3:4,11,0;20:6,10,0;0:5,0,0;
 cusitem=
 tradeinfo=0:70;1:5;10:7;11:1;12:0;20:2000000000;30:0;31:23;61:1;62:1;63:1;64:1;70:1;33:2;34:10;35:46;40:900;50:2;51:2;52:2;
 paraminfo=0:90112;1:0;2:0;3:0;4:201310;5:0;

2016. 9. 10 오전 9:28:03 org.apache.catalina.core.StandardWrapperValve invoke
정보: ==============================
e:com.microsoft.sqlserver.jdbc.SQLServerException: expression을(를) 데이터 형식 int(으)로 변환하는 중 산술 오버플로 오류가 발생했습니다.
org.apache.jsp.goo.trade_jsp@65808588
 gameid=farm23188281
 password=5057382e1a4y7w379497
 userinfo=0:2013;1:12;2:0;4:3;10:8;11:152;12:211;13:2743;30:2;40:-1;41:-1;44:-1;45:-1;42:-1;43:1;
 aniitem=1:4,2,0;21:2,6,0;17:2,26,0;2:5,9,0;3:5,10,0;20:7,9,0;0:5,0,0;25:5,25,0;
 cusitem=7:1;8:2;
 tradeinfo=0:91;1:5;10:9;11:1;12:0;20:-1100000000;30:1;31:29;61:1;62:1;63:1;64:1;70:1;33:2;34:13;35:58;40:900;50:0;51:2;52:7;
 paraminfo=0:90112;1:1;2:0;3:0;4:201310;5:0;

