2016. 6. 5 오후 12:21:38 org.apache.catalina.core.StandardWrapperValve invoke
정보: ==============================
e:com.microsoft.sqlserver.jdbc.SQLServerException: 열 이름 bgcttradecnt이(가) 잘못되었습니다.
org.apache.jsp.goo.trade_jsp@65808588
 gameid=farm13661270
 password=5111748h9g9g5w357537
 userinfo=0:2014;1:12;2:0;4:0;10:4;11:128;12:97;13:2037;30:4;40:-1;41:-1;44:-1;45:-1;42:-1;43:0;
 aniitem=0:6,1,0;1:7,11,0;2:4,9,0;3:7,20,0;38:5,25,0;32:6,21,0;23:5,16,0;33:5,20,0;21:5,12,0;41:5,25,0;
 cusitem=7:6;
 tradeinfo=0:222;1:9;10:21;11:3;12:0;20:58;30:2;31:36;61:1;62:1;63:3;64:1;70:1;33:5;34:21;35:180;40:5111;50:0;51:3;52:10;
 paraminfo=0:90114;1:0;2:0;3:0;4:201403;5:0;

2016. 6. 5 오후 12:22:40 org.apache.catalina.core.StandardWrapperValve invoke
정보: ==============================
e:com.microsoft.sqlserver.jdbc.SQLServerException: 열 이름 bgcttradecnt이(가) 잘못되었습니다.
org.apache.jsp.goo.trade_jsp@65808588
 gameid=farm13661270
 password=5111748h9g9g5w357537
 userinfo=0:2015;1:1;2:0;4:0;10:13;11:328;12:21;13:483;30:6;40:-1;41:-1;44:-1;45:-1;42:-1;43:2;
 aniitem=0:6,1,0;1:7,11,0;2:4,9,0;3:7,20,0;38:5,25,0;32:6,21,0;23:4,19,0;33:4,23,0;21:4,15,0;41:5,25,0;
 cusitem=7:5;10:1;
 tradeinfo=0:235;1:9;10:22;11:3;12:0;20:8;30:3;31:37;61:1;62:1;63:3;64:1;70:1;33:5;34:23;35:185;40:1102;50:1;51:4;52:17;
 paraminfo=0:90114;1:0;2:0;3:0;4:201403;5:0;

