2016. 12. 12 오전 10:57:56 org.apache.catalina.core.StandardWrapperValve invoke
정보: ==============================
e:com.microsoft.sqlserver.jdbc.SQLServerException: 열 이름 bgcttradecnt이(가) 잘못되었습니다.
org.apache.jsp.goo.trade_jsp@65808588
 gameid=gameid
 password=password
 userinfo=
 aniitem=
 cusitem=
 tradeinfo=
 paraminfo=

2016. 12. 12 오후 5:21:08 org.apache.catalina.core.StandardWrapperValve invoke
정보: ==============================
e:com.microsoft.sqlserver.jdbc.SQLServerException: 열 이름 bgcttradecnt이(가) 잘못되었습니다.
org.apache.jsp.goo.trade_jsp@65808588
 gameid=gameid
 password=password
 userinfo=
 aniitem=
 cusitem=
 tradeinfo=
 paraminfo=

