2016. 5. 6 오후 3:13:35 org.apache.catalina.core.StandardWrapperValve invoke
정보: ==============================
e:com.microsoft.sqlserver.jdbc.SQLServerException: 열 이름 bgcttradecnt이(가) 잘못되었습니다.
org.apache.jsp.goo.trade_jsp@6d0ae400
 gameid:farm6390911
 password:4438685h4h6i6r885242
 userinfo:0:2013;1:12;2:0;4:0;10:0;11:0;12:53;13:530;30:0;40:-1;41:-1;44:-1;45:-1;42:-1;43:1;
 aniitem:24:5,25,0;3:2,13,0;18:2,6,0;20:2,17,0;0:2,13,0;1:2,13,0;2:2,0,0;
 cusitem:7:1;8:1;9:1;
 tradeinfo:0:92;1:5;10:9;11:1;12:0;20:7;30:0;31:26;61:1;62:1;63:1;70:1;33:6;34:10;35:156;40:5119;50:0;51:3;52:4;
 paraminfo:0:90114;1:1;2:0;3:0;4:201312;5:0;

2016. 5. 6 오후 5:21:07 org.apache.catalina.core.StandardWrapperValve invoke
정보: ==============================
e:com.microsoft.sqlserver.jdbc.SQLServerException: 열 이름 bgcttradecnt이(가) 잘못되었습니다.
org.apache.jsp.goo.trade_jsp@1777da04
 gameid:farm4991172
 password:2909998k3l3r5k394583
 userinfo:0:2019;1:9;2:0;4:3;10:10;11:151;12:140;13:2240;30:2;40:-1;41:-1;44:-1;45:-1;42:-1;43:2;
 aniitem:21:7,15,0;27:5,8,0;44:6,9,0;51:6,24,0;68:5,12,0;36:5,11,0;62:5,18,0;69:4,25,0;25:5,7,0;
 cusitem:72:1;35:2;26:3;
 tradeinfo:0:563;1:14;10:4;11:0;12:0;20:7;30:3;31:37;61:1;62:1;63:1;70:1;33:8;34:17;35:296;40:2011;50:0;51:4;52:17;
 paraminfo:0:90136;1:1027;2:0;3:0;4:201903;5:0;

