2016. 5. 27 오후 12:01:19 org.apache.catalina.core.StandardWrapperValve invoke
정보: error:com.microsoft.sqlserver.jdbc.SQLServerException: 문에서 결과 집합을 반환하지 않았습니다.

2016. 5. 27 오후 4:04:57 org.apache.catalina.core.StandardWrapperValve invoke
정보: ==============================
e:com.microsoft.sqlserver.jdbc.SQLServerException: 열 이름 bgcttradecnt이(가) 잘못되었습니다.
org.apache.jsp.goo.trade_jsp@65808588
 gameid=gameid
 password=password
 userinfo=
 aniitem=
 cusitem=
 tradeinfo=
 paraminfo=

2016. 5. 27 오후 11:50:02 org.apache.catalina.core.StandardWrapperValve invoke
정보: ==============================
e:com.microsoft.sqlserver.jdbc.SQLServerException: 열 이름 bgcttradecnt이(가) 잘못되었습니다.
org.apache.jsp.goo.trade_jsp@65808588
 gameid=gameid
 password=password
 userinfo=
 aniitem=
 cusitem=
 tradeinfo=
 paraminfo=

