2016. 11. 21 오전 10:32:23 org.apache.catalina.core.StandardWrapperValve invoke
정보: ==============================
e:com.microsoft.sqlserver.jdbc.SQLServerException: 열 이름 bgcttradecnt이(가) 잘못되었습니다.
org.apache.jsp.goo.trade_jsp@65808588
 gameid=farm24912411
 password=1411148b4q4o5u975494
 userinfo=0:2094;1:8;2:0;4:3;10:66;11:11596;12:6;13:1044;30:43;40:-1;41:-1;44:-1;45:-1;42:-1;43:1;
 aniitem=1695:5,25,0;1419:7,0,0;1910:5,25,0;1684:5,25,0;1687:5,25,0;1387:5,25,0;837:3,10,0;1625:7,23,0;2186:5,25,0;2086:5,25,0;2087:5,25,0;819:5,25,0;861:5,5,0;1030:5,25,0;1119:3,21,0;1163:5,25,0;1382:5,25,0;1383:5,25,0;1384:5,25,0;1033:5,25,0;1691:5,25,0;1692:5,25,0;1250:4,17,0;1694:4,9,0;1689:4,33,0;1690:4,32,0;97:4,0,0;1867:1,18,0;965:4,26,0;657:3,6,0;2187:5,25,0;2188:5,25,0;2189:5,25,0;
 cusitem=92:1;860:1;249:1;
 tradeinfo=0:7003;1:54;10:170;11:28;12:0;20:69;30:19;31:112;61:1;62:1;63:22;64:-1;70:1;33:23;34:191;35:2576;40:2014;50:0;51:12;52:144;
 paraminfo=0:90290;1:1;2:0;3:0;4:209408;5:0;

2016. 11. 21 오전 10:32:26 org.apache.catalina.core.StandardWrapperValve invoke
정보: ==============================
e:com.microsoft.sqlserver.jdbc.SQLServerException: 열 이름 bgcttradecnt이(가) 잘못되었습니다.
org.apache.jsp.goo.trade_jsp@65808588
 gameid=farm24912411
 password=1411148b4q4o5u975494
 userinfo=0:2094;1:8;2:0;4:3;10:66;11:11596;12:6;13:1044;30:43;40:-1;41:-1;44:-1;45:-1;42:-1;43:1;
 aniitem=1695:5,25,0;1419:7,0,0;1910:5,25,0;1684:5,25,0;1687:5,25,0;1387:5,25,0;837:3,10,0;1625:7,23,0;2186:5,25,0;2086:5,25,0;2087:5,25,0;819:5,25,0;861:5,5,0;1030:5,25,0;1119:3,21,0;1163:5,25,0;1382:5,25,0;1383:5,25,0;1384:5,25,0;1033:5,25,0;1691:5,25,0;1692:5,25,0;1250:4,17,0;1694:4,9,0;1689:4,33,0;1690:4,32,0;97:4,0,0;1867:1,18,0;965:4,26,0;657:3,6,0;2187:5,25,0;2188:5,25,0;2189:5,25,0;
 cusitem=
 tradeinfo=0:7003;1:54;10:170;11:28;12:0;20:69;30:19;31:112;61:1;62:1;63:22;64:-1;70:1;33:23;34:191;35:2576;40:5121;50:0;51:12;52:144;
 paraminfo=0:90290;1:1;2:0;3:0;4:209408;5:0;

2016. 11. 21 오전 10:32:29 org.apache.catalina.core.StandardWrapperValve invoke
정보: ==============================
e:com.microsoft.sqlserver.jdbc.SQLServerException: 열 이름 bgcttradecnt이(가) 잘못되었습니다.
org.apache.jsp.goo.trade_jsp@65808588
 gameid=farm24912411
 password=1411148b4q4o5u975494
 userinfo=0:2094;1:8;2:0;4:3;10:66;11:11596;12:6;13:1044;30:43;40:-1;41:-1;44:-1;45:-1;42:-1;43:1;
 aniitem=1695:5,25,0;1419:7,0,0;1910:5,25,0;1684:5,25,0;1687:5,25,0;1387:5,25,0;837:3,10,0;1625:7,23,0;2186:5,25,0;2086:5,25,0;2087:5,25,0;819:5,25,0;861:5,5,0;1030:5,25,0;1119:3,21,0;1163:5,25,0;1382:5,25,0;1383:5,25,0;1384:5,25,0;1033:5,25,0;1691:5,25,0;1692:5,25,0;1250:4,17,0;1694:4,9,0;1689:4,33,0;1690:4,32,0;97:4,0,0;1867:1,18,0;965:4,26,0;657:3,6,0;2187:5,25,0;2188:5,25,0;2189:5,25,0;
 cusitem=
 tradeinfo=0:7003;1:54;10:170;11:28;12:0;20:69;30:19;31:112;61:1;62:1;63:22;64:-1;70:1;33:23;34:191;35:2576;40:801;50:0;51:12;52:144;
 paraminfo=0:90290;1:1;2:0;3:0;4:209408;5:0;

2016. 11. 21 오전 10:32:31 org.apache.catalina.core.StandardWrapperValve invoke
정보: ==============================
e:com.microsoft.sqlserver.jdbc.SQLServerException: 열 이름 bgcttradecnt이(가) 잘못되었습니다.
org.apache.jsp.goo.trade_jsp@65808588
 gameid=farm24912411
 password=1411148b4q4o5u975494
 userinfo=0:2094;1:8;2:0;4:3;10:66;11:11596;12:6;13:1044;30:43;40:-1;41:-1;44:-1;45:-1;42:-1;43:1;
 aniitem=1695:5,25,0;1419:7,0,0;1910:5,25,0;1684:5,25,0;1687:5,25,0;1387:5,25,0;837:3,10,0;1625:7,23,0;2186:5,25,0;2086:5,25,0;2087:5,25,0;819:5,25,0;861:5,5,0;1030:5,25,0;1119:3,21,0;1163:5,25,0;1382:5,25,0;1383:5,25,0;1384:5,25,0;1033:5,25,0;1691:5,25,0;1692:5,25,0;1250:4,17,0;1694:4,9,0;1689:4,33,0;1690:4,32,0;97:4,0,0;1867:1,18,0;965:4,26,0;657:3,6,0;2187:5,25,0;2188:5,25,0;2189:5,25,0;
 cusitem=
 tradeinfo=0:7003;1:54;10:170;11:28;12:0;20:69;30:19;31:112;61:1;62:1;63:22;64:-1;70:1;33:23;34:191;35:2576;40:701;50:0;51:12;52:144;
 paraminfo=0:90290;1:1;2:0;3:0;4:209408;5:0;

2016. 11. 21 오전 10:32:31 org.apache.catalina.core.StandardWrapperValve invoke
정보: ==============================
e:com.microsoft.sqlserver.jdbc.SQLServerException: 열 이름 bgcttradecnt이(가) 잘못되었습니다.
org.apache.jsp.goo.trade_jsp@65808588
 gameid=farm24912411
 password=1411148b4q4o5u975494
 userinfo=0:2094;1:8;2:0;4:3;10:66;11:11596;12:6;13:1044;30:43;40:-1;41:-1;44:-1;45:-1;42:-1;43:1;
 aniitem=1695:5,25,0;1419:7,0,0;1910:5,25,0;1684:5,25,0;1687:5,25,0;1387:5,25,0;837:3,10,0;1625:7,23,0;2186:5,25,0;2086:5,25,0;2087:5,25,0;819:5,25,0;861:5,5,0;1030:5,25,0;1119:3,21,0;1163:5,25,0;1382:5,25,0;1383:5,25,0;1384:5,25,0;1033:5,25,0;1691:5,25,0;1692:5,25,0;1250:4,17,0;1694:4,9,0;1689:4,33,0;1690:4,32,0;97:4,0,0;1867:1,18,0;965:4,26,0;657:3,6,0;2187:5,25,0;2188:5,25,0;2189:5,25,0;
 cusitem=
 tradeinfo=0:7003;1:54;10:170;11:28;12:0;20:69;30:19;31:112;61:1;62:1;63:22;64:-1;70:1;33:23;34:191;35:2576;40:5113;50:0;51:12;52:144;
 paraminfo=0:90290;1:1;2:0;3:0;4:209408;5:0;

2016. 11. 21 오전 10:32:32 org.apache.catalina.core.StandardWrapperValve invoke
정보: ==============================
e:com.microsoft.sqlserver.jdbc.SQLServerException: 열 이름 bgcttradecnt이(가) 잘못되었습니다.
org.apache.jsp.goo.trade_jsp@65808588
 gameid=farm24912411
 password=1411148b4q4o5u975494
 userinfo=0:2094;1:8;2:0;4:3;10:66;11:11596;12:6;13:1044;30:43;40:-1;41:-1;44:-1;45:-1;42:-1;43:1;
 aniitem=1695:5,25,0;1419:7,0,0;1910:5,25,0;1684:5,25,0;1687:5,25,0;1387:5,25,0;837:3,10,0;1625:7,23,0;2186:5,25,0;2086:5,25,0;2087:5,25,0;819:5,25,0;861:5,5,0;1030:5,25,0;1119:3,21,0;1163:5,25,0;1382:5,25,0;1383:5,25,0;1384:5,25,0;1033:5,25,0;1691:5,25,0;1692:5,25,0;1250:4,17,0;1694:4,9,0;1689:4,33,0;1690:4,32,0;97:4,0,0;1867:1,18,0;965:4,26,0;657:3,6,0;2187:5,25,0;2188:5,25,0;2189:5,25,0;
 cusitem=
 tradeinfo=0:7003;1:54;10:170;11:28;12:0;20:69;30:19;31:112;61:1;62:1;63:22;64:-1;70:1;33:23;34:191;35:2576;40:2012;50:0;51:12;52:144;
 paraminfo=0:90290;1:1;2:0;3:0;4:209408;5:0;

2016. 11. 21 오전 10:32:32 org.apache.catalina.core.StandardWrapperValve invoke
정보: ==============================
e:com.microsoft.sqlserver.jdbc.SQLServerException: 열 이름 bgcttradecnt이(가) 잘못되었습니다.
org.apache.jsp.goo.trade_jsp@65808588
 gameid=farm24912411
 password=1411148b4q4o5u975494
 userinfo=0:2094;1:8;2:0;4:3;10:66;11:11596;12:6;13:1044;30:43;40:-1;41:-1;44:-1;45:-1;42:-1;43:1;
 aniitem=1695:5,25,0;1419:7,0,0;1910:5,25,0;1684:5,25,0;1687:5,25,0;1387:5,25,0;837:3,10,0;1625:7,23,0;2186:5,25,0;2086:5,25,0;2087:5,25,0;819:5,25,0;861:5,5,0;1030:5,25,0;1119:3,21,0;1163:5,25,0;1382:5,25,0;1383:5,25,0;1384:5,25,0;1033:5,25,0;1691:5,25,0;1692:5,25,0;1250:4,17,0;1694:4,9,0;1689:4,33,0;1690:4,32,0;97:4,0,0;1867:1,18,0;965:4,26,0;657:3,6,0;2187:5,25,0;2188:5,25,0;2189:5,25,0;
 cusitem=
 tradeinfo=0:7003;1:54;10:170;11:28;12:0;20:69;30:19;31:112;61:1;62:1;63:22;64:-1;70:1;33:23;34:191;35:2576;40:1103;50:0;51:12;52:144;
 paraminfo=0:90290;1:1;2:0;3:0;4:209408;5:0;

2016. 11. 21 오전 10:32:32 org.apache.catalina.core.StandardWrapperValve invoke
정보: ==============================
e:com.microsoft.sqlserver.jdbc.SQLServerException: 열 이름 bgcttradecnt이(가) 잘못되었습니다.
org.apache.jsp.goo.trade_jsp@65808588
 gameid=farm24912411
 password=1411148b4q4o5u975494
 userinfo=0:2094;1:8;2:0;4:3;10:66;11:11596;12:6;13:1044;30:43;40:-1;41:-1;44:-1;45:-1;42:-1;43:1;
 aniitem=1695:5,25,0;1419:7,0,0;1910:5,25,0;1684:5,25,0;1687:5,25,0;1387:5,25,0;837:3,10,0;1625:7,23,0;2186:5,25,0;2086:5,25,0;2087:5,25,0;819:5,25,0;861:5,5,0;1030:5,25,0;1119:3,21,0;1163:5,25,0;1382:5,25,0;1383:5,25,0;1384:5,25,0;1033:5,25,0;1691:5,25,0;1692:5,25,0;1250:4,17,0;1694:4,9,0;1689:4,33,0;1690:4,32,0;97:4,0,0;1867:1,18,0;965:4,26,0;657:3,6,0;2187:5,25,0;2188:5,25,0;2189:5,25,0;
 cusitem=
 tradeinfo=0:7003;1:54;10:170;11:28;12:0;20:69;30:19;31:112;61:1;62:1;63:22;64:-1;70:1;33:23;34:191;35:2576;40:2012;50:0;51:12;52:144;
 paraminfo=0:90290;1:1;2:0;3:0;4:209408;5:0;

2016. 11. 21 오전 10:32:33 org.apache.catalina.core.StandardWrapperValve invoke
정보: ==============================
e:com.microsoft.sqlserver.jdbc.SQLServerException: 열 이름 bgcttradecnt이(가) 잘못되었습니다.
org.apache.jsp.goo.trade_jsp@65808588
 gameid=farm24912411
 password=1411148b4q4o5u975494
 userinfo=0:2094;1:8;2:0;4:3;10:66;11:11596;12:6;13:1044;30:43;40:-1;41:-1;44:-1;45:-1;42:-1;43:1;
 aniitem=1695:5,25,0;1419:7,0,0;1910:5,25,0;1684:5,25,0;1687:5,25,0;1387:5,25,0;837:3,10,0;1625:7,23,0;2186:5,25,0;2086:5,25,0;2087:5,25,0;819:5,25,0;861:5,5,0;1030:5,25,0;1119:3,21,0;1163:5,25,0;1382:5,25,0;1383:5,25,0;1384:5,25,0;1033:5,25,0;1691:5,25,0;1692:5,25,0;1250:4,17,0;1694:4,9,0;1689:4,33,0;1690:4,32,0;97:4,0,0;1867:1,18,0;965:4,26,0;657:3,6,0;2187:5,25,0;2188:5,25,0;2189:5,25,0;
 cusitem=
 tradeinfo=0:7003;1:54;10:170;11:28;12:0;20:69;30:19;31:112;61:1;62:1;63:22;64:-1;70:1;33:23;34:191;35:2576;40:2012;50:0;51:12;52:144;
 paraminfo=0:90290;1:1;2:0;3:0;4:209408;5:0;

2016. 11. 21 오전 10:32:33 org.apache.catalina.core.StandardWrapperValve invoke
정보: ==============================
e:com.microsoft.sqlserver.jdbc.SQLServerException: 열 이름 bgcttradecnt이(가) 잘못되었습니다.
org.apache.jsp.goo.trade_jsp@65808588
 gameid=farm24912411
 password=1411148b4q4o5u975494
 userinfo=0:2094;1:8;2:0;4:3;10:66;11:11596;12:6;13:1044;30:43;40:-1;41:-1;44:-1;45:-1;42:-1;43:1;
 aniitem=1695:5,25,0;1419:7,0,0;1910:5,25,0;1684:5,25,0;1687:5,25,0;1387:5,25,0;837:3,10,0;1625:7,23,0;2186:5,25,0;2086:5,25,0;2087:5,25,0;819:5,25,0;861:5,5,0;1030:5,25,0;1119:3,21,0;1163:5,25,0;1382:5,25,0;1383:5,25,0;1384:5,25,0;1033:5,25,0;1691:5,25,0;1692:5,25,0;1250:4,17,0;1694:4,9,0;1689:4,33,0;1690:4,32,0;97:4,0,0;1867:1,18,0;965:4,26,0;657:3,6,0;2187:5,25,0;2188:5,25,0;2189:5,25,0;
 cusitem=
 tradeinfo=0:7003;1:54;10:170;11:28;12:0;20:69;30:19;31:112;61:1;62:1;63:22;64:-1;70:1;33:23;34:191;35:2576;40:5113;50:0;51:12;52:144;
 paraminfo=0:90290;1:1;2:0;3:0;4:209408;5:0;

2016. 11. 21 오전 10:32:33 org.apache.catalina.core.StandardWrapperValve invoke
정보: ==============================
e:com.microsoft.sqlserver.jdbc.SQLServerException: 열 이름 bgcttradecnt이(가) 잘못되었습니다.
org.apache.jsp.goo.trade_jsp@65808588
 gameid=farm24912411
 password=1411148b4q4o5u975494
 userinfo=0:2094;1:8;2:0;4:3;10:66;11:11596;12:6;13:1044;30:43;40:-1;41:-1;44:-1;45:-1;42:-1;43:1;
 aniitem=1695:5,25,0;1419:7,0,0;1910:5,25,0;1684:5,25,0;1687:5,25,0;1387:5,25,0;837:3,10,0;1625:7,23,0;2186:5,25,0;2086:5,25,0;2087:5,25,0;819:5,25,0;861:5,5,0;1030:5,25,0;1119:3,21,0;1163:5,25,0;1382:5,25,0;1383:5,25,0;1384:5,25,0;1033:5,25,0;1691:5,25,0;1692:5,25,0;1250:4,17,0;1694:4,9,0;1689:4,33,0;1690:4,32,0;97:4,0,0;1867:1,18,0;965:4,26,0;657:3,6,0;2187:5,25,0;2188:5,25,0;2189:5,25,0;
 cusitem=
 tradeinfo=0:7003;1:54;10:170;11:28;12:0;20:69;30:19;31:112;61:1;62:1;63:22;64:-1;70:1;33:23;34:191;35:2576;40:1102;50:0;51:12;52:144;
 paraminfo=0:90290;1:1;2:0;3:0;4:209408;5:0;

2016. 11. 21 오전 10:32:33 org.apache.catalina.core.StandardWrapperValve invoke
정보: ==============================
e:com.microsoft.sqlserver.jdbc.SQLServerException: 열 이름 bgcttradecnt이(가) 잘못되었습니다.
org.apache.jsp.goo.trade_jsp@65808588
 gameid=farm24912411
 password=1411148b4q4o5u975494
 userinfo=0:2094;1:8;2:0;4:3;10:66;11:11596;12:6;13:1044;30:43;40:-1;41:-1;44:-1;45:-1;42:-1;43:1;
 aniitem=1695:5,25,0;1419:7,0,0;1910:5,25,0;1684:5,25,0;1687:5,25,0;1387:5,25,0;837:3,10,0;1625:7,23,0;2186:5,25,0;2086:5,25,0;2087:5,25,0;819:5,25,0;861:5,5,0;1030:5,25,0;1119:3,21,0;1163:5,25,0;1382:5,25,0;1383:5,25,0;1384:5,25,0;1033:5,25,0;1691:5,25,0;1692:5,25,0;1250:4,17,0;1694:4,9,0;1689:4,33,0;1690:4,32,0;97:4,0,0;1867:1,18,0;965:4,26,0;657:3,6,0;2187:5,25,0;2188:5,25,0;2189:5,25,0;
 cusitem=
 tradeinfo=0:7003;1:54;10:170;11:28;12:0;20:69;30:19;31:112;61:1;62:1;63:22;64:-1;70:1;33:23;34:191;35:2576;40:2012;50:0;51:12;52:144;
 paraminfo=0:90290;1:1;2:0;3:0;4:209408;5:0;

2016. 11. 21 오전 10:32:33 org.apache.catalina.core.StandardWrapperValve invoke
정보: ==============================
e:com.microsoft.sqlserver.jdbc.SQLServerException: 열 이름 bgcttradecnt이(가) 잘못되었습니다.
org.apache.jsp.goo.trade_jsp@65808588
 gameid=farm24912411
 password=1411148b4q4o5u975494
 userinfo=0:2094;1:8;2:0;4:3;10:66;11:11596;12:6;13:1044;30:43;40:-1;41:-1;44:-1;45:-1;42:-1;43:1;
 aniitem=1695:5,25,0;1419:7,0,0;1910:5,25,0;1684:5,25,0;1687:5,25,0;1387:5,25,0;837:3,10,0;1625:7,23,0;2186:5,25,0;2086:5,25,0;2087:5,25,0;819:5,25,0;861:5,5,0;1030:5,25,0;1119:3,21,0;1163:5,25,0;1382:5,25,0;1383:5,25,0;1384:5,25,0;1033:5,25,0;1691:5,25,0;1692:5,25,0;1250:4,17,0;1694:4,9,0;1689:4,33,0;1690:4,32,0;97:4,0,0;1867:1,18,0;965:4,26,0;657:3,6,0;2187:5,25,0;2188:5,25,0;2189:5,25,0;
 cusitem=
 tradeinfo=0:7003;1:54;10:170;11:28;12:0;20:69;30:19;31:112;61:1;62:1;63:22;64:-1;70:1;33:23;34:191;35:2576;40:5121;50:0;51:12;52:144;
 paraminfo=0:90290;1:1;2:0;3:0;4:209408;5:0;

2016. 11. 21 오전 10:32:34 org.apache.catalina.core.StandardWrapperValve invoke
정보: ==============================
e:com.microsoft.sqlserver.jdbc.SQLServerException: 열 이름 bgcttradecnt이(가) 잘못되었습니다.
org.apache.jsp.goo.trade_jsp@65808588
 gameid=farm24912411
 password=1411148b4q4o5u975494
 userinfo=0:2094;1:8;2:0;4:3;10:66;11:11596;12:6;13:1044;30:43;40:-1;41:-1;44:-1;45:-1;42:-1;43:1;
 aniitem=1695:5,25,0;1419:7,0,0;1910:5,25,0;1684:5,25,0;1687:5,25,0;1387:5,25,0;837:3,10,0;1625:7,23,0;2186:5,25,0;2086:5,25,0;2087:5,25,0;819:5,25,0;861:5,5,0;1030:5,25,0;1119:3,21,0;1163:5,25,0;1382:5,25,0;1383:5,25,0;1384:5,25,0;1033:5,25,0;1691:5,25,0;1692:5,25,0;1250:4,17,0;1694:4,9,0;1689:4,33,0;1690:4,32,0;97:4,0,0;1867:1,18,0;965:4,26,0;657:3,6,0;2187:5,25,0;2188:5,25,0;2189:5,25,0;
 cusitem=
 tradeinfo=0:7003;1:54;10:170;11:28;12:0;20:69;30:19;31:112;61:1;62:1;63:22;64:-1;70:1;33:23;34:191;35:2576;40:5121;50:0;51:12;52:144;
 paraminfo=0:90290;1:1;2:0;3:0;4:209408;5:0;

2016. 11. 21 오전 10:32:34 org.apache.catalina.core.StandardWrapperValve invoke
정보: ==============================
e:com.microsoft.sqlserver.jdbc.SQLServerException: 열 이름 bgcttradecnt이(가) 잘못되었습니다.
org.apache.jsp.goo.trade_jsp@65808588
 gameid=farm24912411
 password=1411148b4q4o5u975494
 userinfo=0:2094;1:8;2:0;4:3;10:66;11:11596;12:6;13:1044;30:43;40:-1;41:-1;44:-1;45:-1;42:-1;43:1;
 aniitem=1695:5,25,0;1419:7,0,0;1910:5,25,0;1684:5,25,0;1687:5,25,0;1387:5,25,0;837:3,10,0;1625:7,23,0;2186:5,25,0;2086:5,25,0;2087:5,25,0;819:5,25,0;861:5,5,0;1030:5,25,0;1119:3,21,0;1163:5,25,0;1382:5,25,0;1383:5,25,0;1384:5,25,0;1033:5,25,0;1691:5,25,0;1692:5,25,0;1250:4,17,0;1694:4,9,0;1689:4,33,0;1690:4,32,0;97:4,0,0;1867:1,18,0;965:4,26,0;657:3,6,0;2187:5,25,0;2188:5,25,0;2189:5,25,0;
 cusitem=
 tradeinfo=0:7003;1:54;10:170;11:28;12:0;20:69;30:19;31:112;61:1;62:1;63:22;64:-1;70:1;33:23;34:191;35:2576;40:2200;50:0;51:12;52:144;
 paraminfo=0:90290;1:1;2:0;3:0;4:209408;5:0;

2016. 11. 21 오전 10:32:40 org.apache.catalina.core.StandardWrapperValve invoke
정보: ==============================
e:com.microsoft.sqlserver.jdbc.SQLServerException: 열 이름 bgcttradecnt이(가) 잘못되었습니다.
org.apache.jsp.goo.trade_jsp@65808588
 gameid=farm24912411
 password=1411148b4q4o5u975494
 userinfo=0:2094;1:8;2:0;4:3;10:66;11:11596;12:6;13:1044;30:43;40:-1;41:-1;44:-1;45:-1;42:-1;43:1;
 aniitem=1695:5,25,0;1419:7,0,0;1910:5,25,0;1684:5,25,0;1687:5,25,0;1387:5,25,0;837:3,10,0;1625:7,23,0;2186:5,25,0;2086:5,25,0;2087:5,25,0;819:5,25,0;861:5,5,0;1030:5,25,0;1119:3,21,0;1163:5,25,0;1382:5,25,0;1383:5,25,0;1384:5,25,0;1033:5,25,0;1691:5,25,0;1692:5,25,0;1250:4,17,0;1694:4,9,0;1689:4,33,0;1690:4,32,0;97:4,0,0;1867:1,18,0;965:4,26,0;657:3,6,0;2187:5,25,0;2188:5,25,0;2189:5,25,0;
 cusitem=
 tradeinfo=0:7003;1:54;10:170;11:28;12:0;20:69;30:19;31:112;61:1;62:1;63:22;64:-1;70:1;33:23;34:191;35:2576;40:2012;50:0;51:12;52:144;
 paraminfo=0:90290;1:1;2:0;3:0;4:209408;5:0;

2016. 11. 21 오전 10:32:40 org.apache.catalina.core.StandardWrapperValve invoke
정보: ==============================
e:com.microsoft.sqlserver.jdbc.SQLServerException: 열 이름 bgcttradecnt이(가) 잘못되었습니다.
org.apache.jsp.goo.trade_jsp@65808588
 gameid=farm24912411
 password=1411148b4q4o5u975494
 userinfo=0:2094;1:8;2:0;4:3;10:66;11:11596;12:6;13:1044;30:43;40:-1;41:-1;44:-1;45:-1;42:-1;43:1;
 aniitem=1695:5,25,0;1419:7,0,0;1910:5,25,0;1684:5,25,0;1687:5,25,0;1387:5,25,0;837:3,10,0;1625:7,23,0;2186:5,25,0;2086:5,25,0;2087:5,25,0;819:5,25,0;861:5,5,0;1030:5,25,0;1119:3,21,0;1163:5,25,0;1382:5,25,0;1383:5,25,0;1384:5,25,0;1033:5,25,0;1691:5,25,0;1692:5,25,0;1250:4,17,0;1694:4,9,0;1689:4,33,0;1690:4,32,0;97:4,0,0;1867:1,18,0;965:4,26,0;657:3,6,0;2187:5,25,0;2188:5,25,0;2189:5,25,0;
 cusitem=
 tradeinfo=0:7003;1:54;10:170;11:28;12:0;20:69;30:19;31:112;61:1;62:1;63:22;64:-1;70:1;33:23;34:191;35:2576;40:2200;50:0;51:12;52:144;
 paraminfo=0:90290;1:1;2:0;3:0;4:209408;5:0;

2016. 11. 21 오전 10:32:41 org.apache.catalina.core.StandardWrapperValve invoke
정보: ==============================
e:com.microsoft.sqlserver.jdbc.SQLServerException: 열 이름 bgcttradecnt이(가) 잘못되었습니다.
org.apache.jsp.goo.trade_jsp@65808588
 gameid=farm24912411
 password=1411148b4q4o5u975494
 userinfo=0:2094;1:8;2:0;4:3;10:66;11:11596;12:6;13:1044;30:43;40:-1;41:-1;44:-1;45:-1;42:-1;43:1;
 aniitem=1695:5,25,0;1419:7,0,0;1910:5,25,0;1684:5,25,0;1687:5,25,0;1387:5,25,0;837:3,10,0;1625:7,23,0;2186:5,25,0;2086:5,25,0;2087:5,25,0;819:5,25,0;861:5,5,0;1030:5,25,0;1119:3,21,0;1163:5,25,0;1382:5,25,0;1383:5,25,0;1384:5,25,0;1033:5,25,0;1691:5,25,0;1692:5,25,0;1250:4,17,0;1694:4,9,0;1689:4,33,0;1690:4,32,0;97:4,0,0;1867:1,18,0;965:4,26,0;657:3,6,0;2187:5,25,0;2188:5,25,0;2189:5,25,0;
 cusitem=
 tradeinfo=0:7003;1:54;10:170;11:28;12:0;20:69;30:19;31:112;61:1;62:1;63:22;64:-1;70:1;33:23;34:191;35:2576;40:1200;50:0;51:12;52:144;
 paraminfo=0:90290;1:1;2:0;3:0;4:209408;5:0;

