2017. 1. 8 오전 4:09:50 org.apache.catalina.core.StandardWrapperValve invoke
정보: ==============================
e:com.microsoft.sqlserver.jdbc.SQLServerException: 열 이름 bgcttradecnt이(가) 잘못되었습니다.
org.apache.jsp.goo.trade_jsp@65808588
 gameid=farm26824902
 password=6570186n5v7e6o545323
 userinfo=0:2014;1:3;2:0;4:1;10:0;11:0;12:120;13:1200;30:6;40:-1;41:-1;44:-1;45:-1;42:-1;43:0;
 aniitem=0:5,4,0;1:5,2,0;2:6,11,0;3:5,8,0;19:4,19,0;24:5,27,0;36:1,17,0;
 cusitem=25:1;8:1;
 tradeinfo=0:123;1:6;10:12;11:2;12:120;20:11;30:0;31:26;61:1;62:1;63:2;64:1;70:1;33:5;34:10;35:130;40:5119;50:0;51:3;52:4;
 paraminfo=0:90111;1:2;2:0;3:0;4:201403;5:0;

2017. 1. 8 오전 4:56:10 org.apache.catalina.core.StandardWrapperValve invoke
정보: ==============================
e:com.microsoft.sqlserver.jdbc.SQLServerException: 열 이름 bgcttradecnt이(가) 잘못되었습니다.
org.apache.jsp.goo.trade_jsp@65808588
 gameid=farm26824902
 password=6570186n5v7e6o545323
 userinfo=0:2015;1:6;2:0;4:0;10:10;11:129;12:27;13:405;30:9;40:-1;41:-1;44:-1;45:-1;42:-1;43:0;
 aniitem=42:5,7,0;2:5,6,0;3:4,24,0;19:4,6,0;24:3,21,0;50:5,19,0;40:3,11,0;41:6,9,0;
 cusitem=25:2;8:1;17:1;
 tradeinfo=0:284;1:10;10:14;11:2;12:0;20:63;30:2;31:34;61:1;62:1;63:4;64:1;70:1;33:8;34:15;35:272;40:2012;50:0;51:3;52:9;
 paraminfo=0:90120;1:2;2:0;3:0;4:201502;5:0;

