2016. 5. 21 오전 2:11:01 org.apache.catalina.core.StandardWrapperValve invoke
정보: ==============================
e:com.microsoft.sqlserver.jdbc.SQLServerException: 열 이름 bgcttradecnt이(가) 잘못되었습니다.
org.apache.jsp.goo.trade_jsp@72b1edbe
 gameid=gameid
 password=password
 userinfo=
 aniitem=
 cusitem=
 tradeinfo=
 paraminfo=

2016. 5. 21 오후 9:40:49 org.apache.catalina.core.StandardWrapperValve invoke
정보: ==============================
e:com.microsoft.sqlserver.jdbc.SQLServerException: 열 이름 bgcttradecnt이(가) 잘못되었습니다.
org.apache.jsp.goo.trade_jsp@72b1edbe
 gameid=gameid
 password=password
 userinfo=
 aniitem=
 cusitem=
 tradeinfo=
 paraminfo=

