2016. 5. 19 오전 7:31:35 org.apache.catalina.core.StandardWrapperValve invoke
정보: ==============================
e:com.microsoft.sqlserver.jdbc.SQLServerException: 열 이름 bgcttradecnt이(가) 잘못되었습니다.
org.apache.jsp.goo.trade_jsp@14d1d65c
 gameid:farm11023223
 password:9294864c9q6i0r861437
 userinfo:0:2017;1:4;2:0;4:4;10:30;11:478;12:35;13:525;30:6;40:-1;41:-1;44:-1;45:-1;42:-1;43:0;
 aniitem:73:5,25,0;74:5,25,0;69:8,17,0;58:3,4,0;72:3,24,0;78:5,25,0;71:7,15,0;75:6,24,0;57:6,21,0;21:5,14,0;15:5,1,0;38:7,7,0;76:4,18,0;70:6,15,0;84:6,19,0;86:5,25,0;
 cusitem:7:1;8:2;19:1;
 tradeinfo:0:495;1:13;10:4;11:0;12:0;20:13;30:3;31:38;61:1;62:1;63:6;64:1;70:1;33:9;34:16;35:342;40:702;50:3;51:4;52:15;
 paraminfo:0:90136;1:1204;2:0;3:0;4:201610;5:0;

2016. 5. 19 오전 7:34:18 org.apache.catalina.core.StandardWrapperValve invoke
정보: ==============================
e:com.microsoft.sqlserver.jdbc.SQLServerException: 열 이름 bgcttradecnt이(가) 잘못되었습니다.
org.apache.jsp.goo.trade_jsp@14d1d65c
 gameid:farm11023223
 password:9294864c9q6i0r861437
 userinfo:0:2017;1:5;2:0;4:2;10:13;11:224;12:14;13:238;30:3;40:-1;41:-1;44:-1;45:-1;42:-1;43:0;
 aniitem:73:5,25,0;74:5,25,0;69:8,17,0;58:3,4,0;72:3,24,0;78:5,25,0;71:3,17,0;75:4,26,0;57:4,22,0;21:4,14,0;15:2,4,0;38:4,10,0;76:5,0,0;70:5,17,0;84:5,23,0;86:5,25,0;
 cusitem:8:3;19:2;
 tradeinfo:0:508;1:13;10:5;11:0;12:0;20:50;30:3;31:38;61:1;62:1;63:6;64:1;70:1;33:11;34:18;35:418;40:5102;50:0;51:4;52:17;
 paraminfo:0:90137;1:4;2:0;3:0;4:201705;5:0;

2016. 5. 19 오후 4:56:00 org.apache.catalina.core.StandardWrapperValve invoke
정보: error:com.microsoft.sqlserver.jdbc.SQLServerException: LEFT 또는 SUBSTRING 함수에 전달된 길이 매개 변수가 잘못되었습니다.

2016. 5. 19 오후 4:56:49 org.apache.catalina.core.StandardWrapperValve invoke
정보: error:com.microsoft.sqlserver.jdbc.SQLServerException: LEFT 또는 SUBSTRING 함수에 전달된 길이 매개 변수가 잘못되었습니다.

