2016. 6. 3 오후 2:17:43 org.apache.catalina.core.StandardWrapperValve invoke
정보: ==============================
e:com.microsoft.sqlserver.jdbc.SQLServerException: 열 이름 bgcttradecnt이(가) 잘못되었습니다.
org.apache.jsp.goo.trade_jsp@65808588
 gameid=gameid
 password=password
 userinfo=
 aniitem=
 cusitem=
 tradeinfo=
 paraminfo=

2016. 6. 3 오후 2:17:52 org.apache.catalina.core.StandardWrapperValve invoke
정보: ==============================
e:com.microsoft.sqlserver.jdbc.SQLServerException: 열 이름 bgcttradecnt이(가) 잘못되었습니다.
org.apache.jsp.goo.trade_jsp@65808588
 gameid=gameid
 password=password
 userinfo=
 aniitem=
 cusitem=
 tradeinfo=
 paraminfo=

