2016. 9. 11 오전 11:02:13 org.apache.catalina.core.StandardWrapperValve invoke
정보: ==============================
e:com.microsoft.sqlserver.jdbc.SQLServerException: 열 이름 bgcttradecnt이(가) 잘못되었습니다.
org.apache.jsp.goo.trade_jsp@65808588
 gameid=farm23246340
 password=3177254f7m7c7n895177
 userinfo=0:2014;1:1;2:0;4:0;10:0;11:0;12:243;13:1944;30:2;40:-1;41:-1;44:-1;45:-1;42:-1;43:0;
 aniitem=0:4,17,0;1:4,17,0;2:5,12,0;17:6,8,0;25:5,25,0;3:2,8,0;27:2,23,0;18:2,14,0;26:2,22,0;16:2,16,0;37:2,9,0;
 cusitem=9:1;
 tradeinfo=0:2011;1:32;10:10;11:1;12:0;20:6;30:1;31:30;61:1;62:1;63:2;64:1;70:1;33:2;34:9;35:60;40:5111;50:0;51:2;52:5;
 paraminfo=0:90109;1:2;2:0;3:0;4:201312;5:0;

2016. 9. 11 오전 11:02:18 org.apache.catalina.core.StandardWrapperValve invoke
정보: ==============================
e:com.microsoft.sqlserver.jdbc.SQLServerException: 열 이름 bgcttradecnt이(가) 잘못되었습니다.
org.apache.jsp.goo.trade_jsp@65808588
 gameid=farm23246340
 password=3177254f7m7c7n895177
 userinfo=0:2014;1:1;2:0;4:0;10:0;11:0;12:243;13:1944;30:2;40:-1;41:-1;44:-1;45:-1;42:-1;43:0;
 aniitem=0:4,17,0;1:4,17,0;2:5,12,0;17:6,8,0;25:5,25,0;3:2,8,0;27:2,23,0;18:2,14,0;26:2,22,0;16:2,16,0;37:2,9,0;
 cusitem=
 tradeinfo=0:2011;1:32;10:10;11:1;12:0;20:6;30:1;31:30;61:1;62:1;63:2;64:1;70:1;33:2;34:9;35:60;40:900;50:0;51:2;52:5;
 paraminfo=0:90109;1:2;2:0;3:0;4:201312;5:0;

2016. 9. 11 오전 11:02:22 org.apache.catalina.core.StandardWrapperValve invoke
정보: ==============================
e:com.microsoft.sqlserver.jdbc.SQLServerException: 열 이름 bgcttradecnt이(가) 잘못되었습니다.
org.apache.jsp.goo.trade_jsp@65808588
 gameid=farm23246340
 password=3177254f7m7c7n895177
 userinfo=0:2014;1:1;2:0;4:0;10:0;11:0;12:243;13:1944;30:2;40:-1;41:-1;44:-1;45:-1;42:-1;43:0;
 aniitem=0:4,17,0;1:4,17,0;2:5,12,0;17:6,8,0;25:5,25,0;3:2,8,0;27:2,23,0;18:2,14,0;26:2,22,0;16:2,16,0;37:2,9,0;
 cusitem=
 tradeinfo=0:2011;1:32;10:10;11:1;12:0;20:6;30:1;31:30;61:1;62:1;63:2;64:1;70:1;33:2;34:9;35:60;40:701;50:0;51:2;52:5;
 paraminfo=0:90109;1:2;2:0;3:0;4:201312;5:0;

2016. 9. 11 오전 11:02:22 org.apache.catalina.core.StandardWrapperValve invoke
정보: ==============================
e:com.microsoft.sqlserver.jdbc.SQLServerException: 열 이름 bgcttradecnt이(가) 잘못되었습니다.
org.apache.jsp.goo.trade_jsp@65808588
 gameid=farm23246340
 password=3177254f7m7c7n895177
 userinfo=0:2014;1:1;2:0;4:0;10:0;11:0;12:243;13:1944;30:2;40:-1;41:-1;44:-1;45:-1;42:-1;43:0;
 aniitem=0:4,17,0;1:4,17,0;2:5,12,0;17:6,8,0;25:5,25,0;3:2,8,0;27:2,23,0;18:2,14,0;26:2,22,0;16:2,16,0;37:2,9,0;
 cusitem=
 tradeinfo=0:2011;1:32;10:10;11:1;12:0;20:6;30:1;31:30;61:1;62:1;63:2;64:1;70:1;33:2;34:9;35:60;40:2500;50:0;51:2;52:5;
 paraminfo=0:90109;1:2;2:0;3:0;4:201312;5:0;

2016. 9. 11 오전 11:02:23 org.apache.catalina.core.StandardWrapperValve invoke
정보: ==============================
e:com.microsoft.sqlserver.jdbc.SQLServerException: 열 이름 bgcttradecnt이(가) 잘못되었습니다.
org.apache.jsp.goo.trade_jsp@65808588
 gameid=farm23246340
 password=3177254f7m7c7n895177
 userinfo=0:2014;1:1;2:0;4:0;10:0;11:0;12:213;13:1704;30:2;40:-1;41:-1;44:-1;45:-1;42:-1;43:0;
 aniitem=0:4,17,0;1:4,17,0;2:5,12,0;17:6,8,0;25:5,25,0;3:2,8,0;27:2,23,0;18:2,14,0;26:2,22,0;16:2,16,0;37:2,9,0;
 cusitem=
 tradeinfo=0:2011;1:32;10:10;11:1;12:0;20:6;30:1;31:30;61:1;62:1;63:2;64:1;70:1;33:3;34:9;35:90;40:5101;50:0;51:2;52:5;
 paraminfo=0:90109;1:2;2:0;3:0;4:201312;5:0;

2016. 9. 11 오전 11:02:23 org.apache.catalina.core.StandardWrapperValve invoke
정보: ==============================
e:com.microsoft.sqlserver.jdbc.SQLServerException: 열 이름 bgcttradecnt이(가) 잘못되었습니다.
org.apache.jsp.goo.trade_jsp@65808588
 gameid=farm23246340
 password=3177254f7m7c7n895177
 userinfo=0:2014;1:1;2:0;4:0;10:0;11:0;12:213;13:1704;30:2;40:-1;41:-1;44:-1;45:-1;42:-1;43:0;
 aniitem=0:4,17,0;1:4,17,0;2:5,12,0;17:6,8,0;25:5,25,0;3:2,8,0;27:2,23,0;18:2,14,0;26:2,22,0;16:2,16,0;37:2,9,0;
 cusitem=
 tradeinfo=0:2011;1:32;10:10;11:1;12:0;20:6;30:1;31:30;61:1;62:1;63:2;64:1;70:1;33:3;34:9;35:90;40:2012;50:0;51:2;52:5;
 paraminfo=0:90109;1:2;2:0;3:0;4:201312;5:0;

2016. 9. 11 오전 11:02:23 org.apache.catalina.core.StandardWrapperValve invoke
정보: ==============================
e:com.microsoft.sqlserver.jdbc.SQLServerException: 열 이름 bgcttradecnt이(가) 잘못되었습니다.
org.apache.jsp.goo.trade_jsp@65808588
 gameid=farm23246340
 password=3177254f7m7c7n895177
 userinfo=0:2014;1:1;2:0;4:0;10:0;11:0;12:213;13:1704;30:2;40:-1;41:-1;44:-1;45:-1;42:-1;43:0;
 aniitem=0:4,17,0;1:4,17,0;2:5,12,0;17:6,8,0;25:5,25,0;3:2,8,0;27:2,23,0;18:2,14,0;26:2,22,0;16:2,16,0;37:2,9,0;
 cusitem=
 tradeinfo=0:2011;1:32;10:10;11:1;12:0;20:6;30:1;31:30;61:1;62:1;63:2;64:1;70:1;33:3;34:9;35:90;40:801;50:0;51:2;52:5;
 paraminfo=0:90109;1:2;2:0;3:0;4:201312;5:0;

2016. 9. 11 오전 11:02:24 org.apache.catalina.core.StandardWrapperValve invoke
정보: ==============================
e:com.microsoft.sqlserver.jdbc.SQLServerException: 열 이름 bgcttradecnt이(가) 잘못되었습니다.
org.apache.jsp.goo.trade_jsp@65808588
 gameid=farm23246340
 password=3177254f7m7c7n895177
 userinfo=0:2014;1:1;2:0;4:0;10:0;11:0;12:213;13:1704;30:2;40:-1;41:-1;44:-1;45:-1;42:-1;43:0;
 aniitem=0:4,17,0;1:4,17,0;2:5,12,0;17:6,8,0;25:5,25,0;3:2,8,0;27:2,23,0;18:2,14,0;26:2,22,0;16:2,16,0;37:2,9,0;
 cusitem=
 tradeinfo=0:2011;1:32;10:10;11:1;12:0;20:6;30:1;31:30;61:1;62:1;63:2;64:1;70:1;33:3;34:9;35:90;40:2012;50:0;51:2;52:5;
 paraminfo=0:90109;1:2;2:0;3:0;4:201312;5:0;

2016. 9. 11 오전 11:02:24 org.apache.catalina.core.StandardWrapperValve invoke
정보: ==============================
e:com.microsoft.sqlserver.jdbc.SQLServerException: 열 이름 bgcttradecnt이(가) 잘못되었습니다.
org.apache.jsp.goo.trade_jsp@65808588
 gameid=farm23246340
 password=3177254f7m7c7n895177
 userinfo=0:2014;1:1;2:0;4:0;10:0;11:0;12:213;13:1704;30:2;40:-1;41:-1;44:-1;45:-1;42:-1;43:0;
 aniitem=0:4,17,0;1:4,17,0;2:5,12,0;17:6,8,0;25:5,25,0;3:2,8,0;27:2,23,0;18:2,14,0;26:2,22,0;16:2,16,0;37:2,9,0;
 cusitem=
 tradeinfo=0:2011;1:32;10:10;11:1;12:0;20:6;30:1;31:30;61:1;62:1;63:2;64:1;70:1;33:3;34:9;35:90;40:2012;50:0;51:2;52:5;
 paraminfo=0:90109;1:2;2:0;3:0;4:201312;5:0;

2016. 9. 11 오전 11:02:28 org.apache.catalina.core.StandardWrapperValve invoke
정보: ==============================
e:com.microsoft.sqlserver.jdbc.SQLServerException: 열 이름 bgcttradecnt이(가) 잘못되었습니다.
org.apache.jsp.goo.trade_jsp@65808588
 gameid=farm23246340
 password=3177254f7m7c7n895177
 userinfo=0:2014;1:1;2:0;4:0;10:0;11:0;12:213;13:1704;30:2;40:-1;41:-1;44:-1;45:-1;42:-1;43:0;
 aniitem=0:4,17,0;1:4,17,0;2:5,12,0;17:6,8,0;25:5,25,0;3:2,8,0;27:2,23,0;18:2,14,0;26:2,22,0;16:2,16,0;37:2,9,0;
 cusitem=
 tradeinfo=0:2011;1:32;10:10;11:1;12:0;20:6;30:1;31:30;61:1;62:1;63:2;64:1;70:1;33:3;34:9;35:90;40:2500;50:0;51:2;52:5;
 paraminfo=0:90109;1:2;2:0;3:0;4:201312;5:0;

2016. 9. 11 오전 11:02:29 org.apache.catalina.core.StandardWrapperValve invoke
정보: ==============================
e:com.microsoft.sqlserver.jdbc.SQLServerException: 열 이름 bgcttradecnt이(가) 잘못되었습니다.
org.apache.jsp.goo.trade_jsp@65808588
 gameid=farm23246340
 password=3177254f7m7c7n895177
 userinfo=0:2014;1:1;2:0;4:0;10:0;11:0;12:213;13:1704;30:2;40:-1;41:-1;44:-1;45:-1;42:-1;43:0;
 aniitem=0:4,17,0;1:4,17,0;2:5,12,0;17:6,8,0;25:5,25,0;3:2,8,0;27:2,23,0;18:2,14,0;26:2,22,0;16:2,16,0;37:2,9,0;
 cusitem=
 tradeinfo=0:2011;1:32;10:10;11:1;12:0;20:6;30:1;31:30;61:1;62:1;63:2;64:1;70:1;33:3;34:9;35:90;40:2011;50:0;51:2;52:5;
 paraminfo=0:90109;1:2;2:0;3:0;4:201312;5:0;

2016. 9. 11 오전 11:02:29 org.apache.catalina.core.StandardWrapperValve invoke
정보: ==============================
e:com.microsoft.sqlserver.jdbc.SQLServerException: 열 이름 bgcttradecnt이(가) 잘못되었습니다.
org.apache.jsp.goo.trade_jsp@65808588
 gameid=farm23246340
 password=3177254f7m7c7n895177
 userinfo=0:2014;1:1;2:0;4:0;10:0;11:0;12:213;13:1704;30:2;40:-1;41:-1;44:-1;45:-1;42:-1;43:0;
 aniitem=0:4,17,0;1:4,17,0;2:5,12,0;17:6,8,0;25:5,25,0;3:2,8,0;27:2,23,0;18:2,14,0;26:2,22,0;16:2,16,0;37:2,9,0;
 cusitem=
 tradeinfo=0:2011;1:32;10:10;11:1;12:0;20:6;30:1;31:30;61:1;62:1;63:2;64:1;70:1;33:3;34:9;35:90;40:1200;50:0;51:2;52:5;
 paraminfo=0:90109;1:2;2:0;3:0;4:201312;5:0;

2016. 9. 11 오전 11:02:29 org.apache.catalina.core.StandardWrapperValve invoke
정보: ==============================
e:com.microsoft.sqlserver.jdbc.SQLServerException: 열 이름 bgcttradecnt이(가) 잘못되었습니다.
org.apache.jsp.goo.trade_jsp@65808588
 gameid=farm23246340
 password=3177254f7m7c7n895177
 userinfo=0:2014;1:1;2:0;4:0;10:0;11:0;12:213;13:1704;30:2;40:-1;41:-1;44:-1;45:-1;42:-1;43:0;
 aniitem=0:4,17,0;1:4,17,0;2:5,12,0;17:6,8,0;25:5,25,0;3:2,8,0;27:2,23,0;18:2,14,0;26:2,22,0;16:2,16,0;37:2,9,0;
 cusitem=
 tradeinfo=0:2011;1:32;10:10;11:1;12:0;20:6;30:1;31:30;61:1;62:1;63:2;64:1;70:1;33:3;34:9;35:90;40:2012;50:0;51:2;52:5;
 paraminfo=0:90109;1:2;2:0;3:0;4:201312;5:0;

2016. 9. 11 오전 11:02:32 org.apache.catalina.core.StandardWrapperValve invoke
정보: ==============================
e:com.microsoft.sqlserver.jdbc.SQLServerException: 열 이름 bgcttradecnt이(가) 잘못되었습니다.
org.apache.jsp.goo.trade_jsp@65808588
 gameid=farm23246340
 password=3177254f7m7c7n895177
 userinfo=0:2014;1:1;2:0;4:0;10:0;11:0;12:213;13:1704;30:2;40:-1;41:-1;44:-1;45:-1;42:-1;43:0;
 aniitem=0:4,17,0;1:4,17,0;2:5,12,0;17:6,8,0;25:5,25,0;3:2,8,0;27:2,23,0;18:2,14,0;26:2,22,0;16:2,16,0;37:2,9,0;
 cusitem=
 tradeinfo=0:2011;1:32;10:10;11:1;12:0;20:6;30:1;31:30;61:1;62:1;63:2;64:1;70:1;33:3;34:9;35:90;40:2011;50:0;51:2;52:5;
 paraminfo=0:90109;1:2;2:0;3:0;4:201312;5:0;

2016. 9. 11 오전 11:02:32 org.apache.catalina.core.StandardWrapperValve invoke
정보: ==============================
e:com.microsoft.sqlserver.jdbc.SQLServerException: 열 이름 bgcttradecnt이(가) 잘못되었습니다.
org.apache.jsp.goo.trade_jsp@65808588
 gameid=farm23246340
 password=3177254f7m7c7n895177
 userinfo=0:2014;1:1;2:0;4:0;10:0;11:0;12:213;13:1704;30:2;40:-1;41:-1;44:-1;45:-1;42:-1;43:0;
 aniitem=0:4,17,0;1:4,17,0;2:5,12,0;17:6,8,0;25:5,25,0;3:2,8,0;27:2,23,0;18:2,14,0;26:2,22,0;16:2,16,0;37:2,9,0;
 cusitem=
 tradeinfo=0:2011;1:32;10:10;11:1;12:0;20:6;30:1;31:30;61:1;62:1;63:2;64:1;70:1;33:3;34:9;35:90;40:1001;50:0;51:2;52:5;
 paraminfo=0:90109;1:2;2:0;3:0;4:201312;5:0;

2016. 9. 11 오전 11:02:32 org.apache.catalina.core.StandardWrapperValve invoke
정보: ==============================
e:com.microsoft.sqlserver.jdbc.SQLServerException: 열 이름 bgcttradecnt이(가) 잘못되었습니다.
org.apache.jsp.goo.trade_jsp@65808588
 gameid=farm23246340
 password=3177254f7m7c7n895177
 userinfo=0:2014;1:1;2:0;4:0;10:0;11:0;12:213;13:1704;30:2;40:-1;41:-1;44:-1;45:-1;42:-1;43:0;
 aniitem=0:4,17,0;1:4,17,0;2:5,12,0;17:6,8,0;25:5,25,0;3:2,8,0;27:2,23,0;18:2,14,0;26:2,22,0;16:2,16,0;37:2,9,0;
 cusitem=
 tradeinfo=0:2011;1:32;10:10;11:1;12:0;20:6;30:1;31:30;61:1;62:1;63:2;64:1;70:1;33:3;34:9;35:90;40:701;50:0;51:2;52:5;
 paraminfo=0:90109;1:2;2:0;3:0;4:201312;5:0;

2016. 9. 11 오전 11:07:03 org.apache.catalina.core.StandardWrapperValve invoke
정보: ==============================
e:com.microsoft.sqlserver.jdbc.SQLServerException: 열 이름 bgcttradecnt이(가) 잘못되었습니다.
org.apache.jsp.goo.trade_jsp@65808588
 gameid=farm23246340
 password=3177254f7m7c7n895177
 userinfo=0:2014;1:2;2:0;4:0;10:0;11:0;12:240;13:1920;30:4;40:-1;41:-1;44:-1;45:-1;42:-1;43:2;
 aniitem=0:4,17,0;1:4,17,0;2:5,12,0;17:6,8,0;25:5,25,0;16:2,21,0;26:2,0,0;18:2,19,0;3:2,13,0;27:2,2,0;37:2,14,0;
 cusitem=39:2;9:1;
 tradeinfo=0:3333;1:49;10:11;11:1;12:0;20:9;30:1;31:30;61:1;62:1;63:2;64:1;70:1;33:3;34:9;35:90;40:900;50:0;51:3;52:7;
 paraminfo=0:90110;1:0;2:0;3:0;4:201402;5:0;

2016. 9. 11 오전 11:07:04 org.apache.catalina.core.StandardWrapperValve invoke
정보: ==============================
e:com.microsoft.sqlserver.jdbc.SQLServerException: 열 이름 bgcttradecnt이(가) 잘못되었습니다.
org.apache.jsp.goo.trade_jsp@65808588
 gameid=farm23246340
 password=3177254f7m7c7n895177
 userinfo=0:2014;1:2;2:0;4:0;10:0;11:0;12:240;13:1920;30:4;40:-1;41:-1;44:-1;45:-1;42:-1;43:2;
 aniitem=0:4,17,0;1:4,17,0;2:5,12,0;17:6,8,0;25:5,25,0;16:2,21,0;26:2,0,0;18:2,19,0;3:2,13,0;27:2,2,0;37:2,14,0;
 cusitem=
 tradeinfo=0:3333;1:49;10:11;11:1;12:0;20:9;30:1;31:30;61:1;62:1;63:2;64:1;70:1;33:3;34:9;35:90;40:5111;50:0;51:3;52:7;
 paraminfo=0:90110;1:0;2:0;3:0;4:201402;5:0;

2016. 9. 11 오전 11:07:06 org.apache.catalina.core.StandardWrapperValve invoke
정보: ==============================
e:com.microsoft.sqlserver.jdbc.SQLServerException: 열 이름 bgcttradecnt이(가) 잘못되었습니다.
org.apache.jsp.goo.trade_jsp@65808588
 gameid=farm23246340
 password=3177254f7m7c7n895177
 userinfo=0:2014;1:2;2:0;4:0;10:0;11:0;12:240;13:1920;30:4;40:-1;41:-1;44:-1;45:-1;42:-1;43:2;
 aniitem=0:4,17,0;1:4,17,0;2:5,12,0;17:6,8,0;25:5,25,0;16:2,21,0;26:2,0,0;18:2,19,0;3:2,13,0;27:2,2,0;37:2,14,0;
 cusitem=
 tradeinfo=0:3333;1:49;10:11;11:1;12:0;20:9;30:1;31:30;61:1;62:1;63:2;64:1;70:1;33:3;34:9;35:90;40:900;50:0;51:3;52:7;
 paraminfo=0:90110;1:0;2:0;3:0;4:201402;5:0;

2016. 9. 11 오전 11:07:07 org.apache.catalina.core.StandardWrapperValve invoke
정보: ==============================
e:com.microsoft.sqlserver.jdbc.SQLServerException: 열 이름 bgcttradecnt이(가) 잘못되었습니다.
org.apache.jsp.goo.trade_jsp@65808588
 gameid=farm23246340
 password=3177254f7m7c7n895177
 userinfo=0:2014;1:2;2:0;4:0;10:0;11:0;12:150;13:1200;30:4;40:-1;41:-1;44:-1;45:-1;42:-1;43:2;
 aniitem=0:4,17,0;1:4,17,0;2:5,12,0;17:6,8,0;25:5,25,0;16:2,21,0;26:2,0,0;18:2,19,0;3:2,13,0;27:2,2,0;37:2,14,0;
 cusitem=
 tradeinfo=0:3333;1:49;10:11;11:1;12:0;20:9;30:1;31:30;61:1;62:1;63:2;64:1;70:1;33:6;34:9;35:180;40:1102;50:0;51:3;52:7;
 paraminfo=0:90110;1:0;2:0;3:0;4:201402;5:0;

2016. 9. 11 오전 11:07:09 org.apache.catalina.core.StandardWrapperValve invoke
정보: ==============================
e:com.microsoft.sqlserver.jdbc.SQLServerException: 열 이름 bgcttradecnt이(가) 잘못되었습니다.
org.apache.jsp.goo.trade_jsp@65808588
 gameid=farm23246340
 password=3177254f7m7c7n895177
 userinfo=0:2014;1:2;2:0;4:0;10:0;11:0;12:210;13:1680;30:4;40:-1;41:-1;44:-1;45:-1;42:-1;43:2;
 aniitem=0:4,17,0;1:4,17,0;2:5,12,0;17:6,8,0;25:5,25,0;16:2,21,0;26:2,0,0;18:2,19,0;3:2,13,0;27:2,2,0;37:2,14,0;
 cusitem=
 tradeinfo=0:3333;1:49;10:11;11:1;12:0;20:9;30:1;31:30;61:1;62:1;63:2;64:1;70:1;33:4;34:9;35:120;40:5119;50:0;51:3;52:7;
 paraminfo=0:90110;1:0;2:0;3:0;4:201402;5:0;

2016. 9. 11 오전 11:07:09 org.apache.catalina.core.StandardWrapperValve invoke
정보: ==============================
e:com.microsoft.sqlserver.jdbc.SQLServerException: 열 이름 bgcttradecnt이(가) 잘못되었습니다.
org.apache.jsp.goo.trade_jsp@65808588
 gameid=farm23246340
 password=3177254f7m7c7n895177
 userinfo=0:2014;1:2;2:0;4:0;10:0;11:0;12:210;13:1680;30:4;40:-1;41:-1;44:-1;45:-1;42:-1;43:2;
 aniitem=0:4,17,0;1:4,17,0;2:5,12,0;17:6,8,0;25:5,25,0;16:2,21,0;26:2,0,0;18:2,19,0;3:2,13,0;27:2,2,0;37:2,14,0;
 cusitem=
 tradeinfo=0:3333;1:49;10:11;11:1;12:0;20:9;30:1;31:30;61:1;62:1;63:2;64:1;70:1;33:4;34:9;35:120;40:2011;50:0;51:3;52:7;
 paraminfo=0:90110;1:0;2:0;3:0;4:201402;5:0;

2016. 9. 11 오전 11:07:09 org.apache.catalina.core.StandardWrapperValve invoke
정보: ==============================
e:com.microsoft.sqlserver.jdbc.SQLServerException: 열 이름 bgcttradecnt이(가) 잘못되었습니다.
org.apache.jsp.goo.trade_jsp@65808588
 gameid=farm23246340
 password=3177254f7m7c7n895177
 userinfo=0:2014;1:2;2:0;4:0;10:0;11:0;12:210;13:1680;30:4;40:-1;41:-1;44:-1;45:-1;42:-1;43:2;
 aniitem=0:4,17,0;1:4,17,0;2:5,12,0;17:6,8,0;25:5,25,0;16:2,21,0;26:2,0,0;18:2,19,0;3:2,13,0;27:2,2,0;37:2,14,0;
 cusitem=
 tradeinfo=0:3333;1:49;10:11;11:1;12:0;20:9;30:1;31:30;61:1;62:1;63:2;64:1;70:1;33:4;34:9;35:120;40:2011;50:0;51:3;52:7;
 paraminfo=0:90110;1:0;2:0;3:0;4:201402;5:0;

2016. 9. 11 오전 11:07:09 org.apache.catalina.core.StandardWrapperValve invoke
정보: ==============================
e:com.microsoft.sqlserver.jdbc.SQLServerException: 열 이름 bgcttradecnt이(가) 잘못되었습니다.
org.apache.jsp.goo.trade_jsp@65808588
 gameid=farm23246340
 password=3177254f7m7c7n895177
 userinfo=0:2014;1:2;2:0;4:0;10:0;11:0;12:210;13:1680;30:4;40:-1;41:-1;44:-1;45:-1;42:-1;43:2;
 aniitem=0:4,17,0;1:4,17,0;2:5,12,0;17:6,8,0;25:5,25,0;16:2,21,0;26:2,0,0;18:2,19,0;3:2,13,0;27:2,2,0;37:2,14,0;
 cusitem=
 tradeinfo=0:3333;1:49;10:11;11:1;12:0;20:9;30:1;31:30;61:1;62:1;63:2;64:1;70:1;33:4;34:9;35:120;40:900;50:0;51:3;52:7;
 paraminfo=0:90110;1:0;2:0;3:0;4:201402;5:0;

2016. 9. 11 오전 11:07:10 org.apache.catalina.core.StandardWrapperValve invoke
정보: ==============================
e:com.microsoft.sqlserver.jdbc.SQLServerException: 열 이름 bgcttradecnt이(가) 잘못되었습니다.
org.apache.jsp.goo.trade_jsp@65808588
 gameid=farm23246340
 password=3177254f7m7c7n895177
 userinfo=0:2014;1:2;2:0;4:0;10:0;11:0;12:210;13:1680;30:4;40:-1;41:-1;44:-1;45:-1;42:-1;43:2;
 aniitem=0:4,17,0;1:4,17,0;2:5,12,0;17:6,8,0;25:5,25,0;16:2,21,0;26:2,0,0;18:2,19,0;3:2,13,0;27:2,2,0;37:2,14,0;
 cusitem=
 tradeinfo=0:3333;1:49;10:11;11:1;12:0;20:9;30:1;31:30;61:1;62:1;63:2;64:1;70:1;33:4;34:9;35:120;40:5101;50:0;51:3;52:7;
 paraminfo=0:90110;1:0;2:0;3:0;4:201402;5:0;

2016. 9. 11 오전 11:07:10 org.apache.catalina.core.StandardWrapperValve invoke
정보: ==============================
e:com.microsoft.sqlserver.jdbc.SQLServerException: 열 이름 bgcttradecnt이(가) 잘못되었습니다.
org.apache.jsp.goo.trade_jsp@65808588
 gameid=farm23246340
 password=3177254f7m7c7n895177
 userinfo=0:2014;1:2;2:0;4:0;10:0;11:0;12:210;13:1680;30:4;40:-1;41:-1;44:-1;45:-1;42:-1;43:2;
 aniitem=0:4,17,0;1:4,17,0;2:5,12,0;17:6,8,0;25:5,25,0;16:2,21,0;26:2,0,0;18:2,19,0;3:2,13,0;27:2,2,0;37:2,14,0;
 cusitem=
 tradeinfo=0:3333;1:49;10:11;11:1;12:0;20:9;30:1;31:30;61:1;62:1;63:2;64:1;70:1;33:4;34:9;35:120;40:5101;50:0;51:3;52:7;
 paraminfo=0:90110;1:0;2:0;3:0;4:201402;5:0;

