2016. 6. 25 오후 5:40:08 org.apache.catalina.core.StandardWrapperValve invoke
정보: ==============================
e:com.microsoft.sqlserver.jdbc.SQLServerException: 열 이름 bgcttradecnt이(가) 잘못되었습니다.
org.apache.jsp.goo.trade_jsp@65808588
 gameid=farm13136323
 password=1618218k4q6c8p449254
 userinfo=0:2033;1:7;2:0;4:0;10:6;11:599;12:53;13:5247;30:18;40:-1;41:-1;44:-1;45:-1;42:-1;43:3;
 aniitem=367:5,25,0;184:5,25,0;149:5,25,0;109:5,25,0;130:5,25,0;218:5,25,0;150:5,25,0;53:5,13,0;366:5,25,0;69:4,0,0;216:5,25,0;353:5,25,0;500:5,25,0;356:5,25,0;182:5,25,0;183:5,25,0;199:5,25,0;106:5,25,0;107:5,25,0;154:5,25,0;176:5,25,0;181:5,25,0;89:5,25,0;201:5,25,0;354:5,25,0;495:5,25,0;79:6,25,0;213:5,25,0;287:1,18,0;501:5,25,0;75:5,25,0;55:4,26,0;61:4,7,0;100:4,25,0;153:5,25,0;155:5,25,0;71:5,25,0;498:5,25,0;215:5,19,0;502:5,25,0;212:4,16,0;211:6,13,0;499:8,28,0;84:5,22,0;22:9,6,0;74:7,27,0;
 cusitem=15:7;43:1;497:1;
 tradeinfo=0:2387;1:37;10:18;11:3;12:170;20:100;30:11;31:65;61:1;62:1;63:13;64:1;70:1;33:11;34:104;35:715;40:802;50:5;51:11;52:84;
 paraminfo=0:90181;1:0;2:0;3:0;4:203307;5:0;

2016. 6. 25 오후 7:11:19 org.apache.catalina.core.StandardWrapperValve invoke
정보: ==============================
e:com.microsoft.sqlserver.jdbc.SQLServerException: 열 이름 bgcttradecnt이(가) 잘못되었습니다.
org.apache.jsp.goo.trade_jsp@65808588
 gameid=gameid
 password=password
 userinfo=
 aniitem=
 cusitem=
 tradeinfo=
 paraminfo=

