2016. 6. 22 오전 12:01:36 org.apache.catalina.core.StandardWrapperValve invoke
정보: ==============================
e:com.microsoft.sqlserver.jdbc.SQLServerException: 트랜잭션(프로세스 ID 147)이 잠금 리소스에서 다른 프로세스와의 교착 상태가 발생하여 실행이 중지되었습니다. 트랜잭션을 다시 실행하십시오.
org.apache.jsp.goo.login_jsp@35323af
 gameid=farm16101282
 password=6540760q5b3b8e344581
 market=5
 version=115
 kakaoprofile=X1O+2tQVVBqen7Rw61tqzjRMS7Ck1OLSozeclo8Z5i7YABa1SpCELYdHCH+e00F39Lf3deoL1wws6mph2Nbu+slkrQq0vVzF/50JoFWZTxGT+9XOJcFHIC8RZMNnBms+
 kakaomsgblocked=-1

2016. 6. 22 오후 1:31:49 org.apache.catalina.core.StandardWrapperValve invoke
정보: ==============================
e:com.microsoft.sqlserver.jdbc.SQLServerException: 열 이름 bgcttradecnt이(가) 잘못되었습니다.
org.apache.jsp.goo.trade_jsp@65808588
 gameid=gameid
 password=password
 userinfo=
 aniitem=
 cusitem=
 tradeinfo=
 paraminfo=

