2016. 5. 11 오전 11:57:54 org.apache.catalina.core.StandardWrapperValve invoke
정보: ==============================
e:com.microsoft.sqlserver.jdbc.SQLServerException: 열 이름 bgcttradecnt이(가) 잘못되었습니다.
org.apache.jsp.goo.trade_jsp@1777da04
 gameid:farm8978833
 password:0290045g3b0g0f449863
 userinfo:0:2016;1:12;2:0;4:1;10:18;11:486;12:29;13:667;30:0;40:-1;41:-1;44:-1;45:-1;42:-1;43:0;
 aniitem:0:7,25,0;3:8,2,0;52:3,11,0;60:5,25,0;22:3,2,0;28:4,8,0;16:4,12,0;45:5,13,0;59:6,15,0;21:6,15,0;
 cusitem:
 tradeinfo:0:381;1:11;10:7;11:1;12:0;20:2;30:2;31:37;61:1;62:1;63:5;64:1;70:1;33:4;34:23;35:148;40:2012;50:0;51:4;52:12;
 paraminfo:0:90130;1:1;2:0;3:0;4:201512;5:0;

2016. 5. 11 오전 11:59:56 org.apache.catalina.core.StandardWrapperValve invoke
정보: ==============================
e:com.microsoft.sqlserver.jdbc.SQLServerException: 열 이름 bgcttradecnt이(가) 잘못되었습니다.
org.apache.jsp.goo.trade_jsp@1777da04
 gameid:farm8978833
 password:0290045g3b0g0f449863
 userinfo:0:2017;1:1;2:0;4:1;10:3;11:129;12:52;13:1300;30:2;40:-1;41:-1;44:-1;45:-1;42:-1;43:2;
 aniitem:0:7,25,0;3:8,2,0;52:3,11,0;60:5,25,0;22:3,2,0;28:6,10,0;16:6,13,0;45:7,15,0;59:6,21,0;21:6,18,0;76:5,25,0;
 cusitem:
 tradeinfo:0:393;1:12;10:8;11:1;12:0;20:16;30:2;31:37;61:1;62:1;63:5;64:1;70:1;33:4;34:25;35:148;40:1001;50:2;51:4;52:9;
 paraminfo:0:90130;1:1;2:0;3:0;4:201512;5:0;

