2016. 10. 3 오전 8:30:08 org.apache.catalina.core.StandardWrapperValve invoke
정보: ==============================
e:com.microsoft.sqlserver.jdbc.SQLServerException: 열 이름 bgcttradecnt이(가) 잘못되었습니다.
org.apache.jsp.goo.trade_jsp@65808588
 gameid=farm24273307
 password=3042320k9e6r2q948411
 userinfo=0:2013;1:11;2:0;4:2;10:29;11:185;12:14;13:112;30:2;40:-1;41:-1;44:-1;45:-1;42:-1;43:2;
 aniitem=21:5,25,0;26:5,25,0;25:5,25,0;0:6,10,0;1:3,8,1;2:3,16,0;3:4,8,0;20:4,21,1;24:8,27,0;
 cusitem=7:2;
 tradeinfo=0:83;1:5;10:8;11:1;12:0;20:100;30:1;31:27;61:1;62:1;63:1;64:1;70:1;33:5;34:8;35:135;40:2011;50:0;51:3;52:7;
 paraminfo=0:90109;1:0;2:0;3:0;4:201308;5:0;

2016. 10. 3 오전 8:31:58 org.apache.catalina.core.StandardWrapperValve invoke
정보: ==============================
e:com.microsoft.sqlserver.jdbc.SQLServerException: 열 이름 bgcttradecnt이(가) 잘못되었습니다.
org.apache.jsp.goo.trade_jsp@65808588
 gameid=farm24273307
 password=3042320k9e6r2q948411
 userinfo=0:2013;1:12;2:0;4:2;10:22;11:140;12:24;13:168;30:4;40:-1;41:-1;44:-1;45:-1;42:-1;43:1;
 aniitem=21:5,25,0;26:5,25,0;25:5,25,0;0:10,12,0;1:6,11,0;2:6,18,0;3:10,9,0;20:6,1,0;24:6,8,1;
 cusitem=7:2;8:3;
 tradeinfo=0:94;1:5;10:9;11:1;12:0;20:13;30:1;31:27;61:1;62:1;63:1;64:1;70:1;33:4;34:7;35:108;40:1100;50:0;51:3;52:5;
 paraminfo=0:90109;1:0;2:0;3:0;4:201308;5:0;

