2016. 5. 3 오전 11:32:56 org.apache.catalina.core.StandardWrapperValve invoke
정보: ==============================
e:com.microsoft.sqlserver.jdbc.SQLServerException: LEFT 또는 SUBSTRING 함수에 전달된 길이 매개 변수가 잘못되었습니다.
org.apache.jsp.goo.anibattlestart_jsp@2e607080
 ?gameid=farm216631
 &password=9215583r3w0y9g997437
 &farmidx:6900
 &listset:

2016. 5. 3 오전 11:33:00 org.apache.catalina.core.StandardWrapperValve invoke
정보: ==============================
e:com.microsoft.sqlserver.jdbc.SQLServerException: LEFT 또는 SUBSTRING 함수에 전달된 길이 매개 변수가 잘못되었습니다.
org.apache.jsp.goo.anibattlestart_jsp@2e607080
 ?gameid=farm216631
 &password=9215583r3w0y9g997437
 &farmidx:6900
 &listset:

2016. 5. 3 오전 11:33:08 org.apache.catalina.core.StandardWrapperValve invoke
정보: ==============================
e:com.microsoft.sqlserver.jdbc.SQLServerException: LEFT 또는 SUBSTRING 함수에 전달된 길이 매개 변수가 잘못되었습니다.
org.apache.jsp.goo.anibattlestart_jsp@2e607080
 ?gameid=farm216631
 &password=9215583r3w0y9g997437
 &farmidx:6900
 &listset:

2016. 5. 3 오전 11:33:09 org.apache.catalina.core.StandardWrapperValve invoke
정보: ==============================
e:com.microsoft.sqlserver.jdbc.SQLServerException: LEFT 또는 SUBSTRING 함수에 전달된 길이 매개 변수가 잘못되었습니다.
org.apache.jsp.goo.anibattlestart_jsp@2e607080
 ?gameid=farm216631
 &password=9215583r3w0y9g997437
 &farmidx:6900
 &listset:

2016. 5. 3 오후 12:38:54 org.apache.catalina.core.StandardWrapperValve invoke
정보: ==============================
e:com.microsoft.sqlserver.jdbc.SQLServerException: LEFT 또는 SUBSTRING 함수에 전달된 길이 매개 변수가 잘못되었습니다.
org.apache.jsp.goo.anibattlestart_jsp@2e607080
 ?gameid=farm311492
 &password=9827270s4i2n9h834474
 &farmidx:6900
 &listset:

2016. 5. 3 오후 12:38:56 org.apache.catalina.core.StandardWrapperValve invoke
정보: ==============================
e:com.microsoft.sqlserver.jdbc.SQLServerException: LEFT 또는 SUBSTRING 함수에 전달된 길이 매개 변수가 잘못되었습니다.
org.apache.jsp.goo.anibattlestart_jsp@2e607080
 ?gameid=farm311492
 &password=9827270s4i2n9h834474
 &farmidx:6900
 &listset:

2016. 5. 3 오후 1:17:16 org.apache.catalina.core.StandardWrapperValve invoke
정보: ==============================
e:com.microsoft.sqlserver.jdbc.SQLServerException: LEFT 또는 SUBSTRING 함수에 전달된 길이 매개 변수가 잘못되었습니다.
org.apache.jsp.goo.anibattlestart_jsp@2e607080
 ?gameid=farm240485
 &password=3573379a2c7i5u937914
 &farmidx:6900
 &listset:

2016. 5. 3 오후 1:17:18 org.apache.catalina.core.StandardWrapperValve invoke
정보: ==============================
e:com.microsoft.sqlserver.jdbc.SQLServerException: LEFT 또는 SUBSTRING 함수에 전달된 길이 매개 변수가 잘못되었습니다.
org.apache.jsp.goo.anibattlestart_jsp@2e607080
 ?gameid=farm240485
 &password=3573379a2c7i5u937914
 &farmidx:6900
 &listset:

2016. 5. 3 오후 1:17:26 org.apache.catalina.core.StandardWrapperValve invoke
정보: ==============================
e:com.microsoft.sqlserver.jdbc.SQLServerException: LEFT 또는 SUBSTRING 함수에 전달된 길이 매개 변수가 잘못되었습니다.
org.apache.jsp.goo.anibattlestart_jsp@2e607080
 ?gameid=farm240485
 &password=3573379a2c7i5u937914
 &farmidx:6900
 &listset:

2016. 5. 3 오후 1:17:27 org.apache.catalina.core.StandardWrapperValve invoke
정보: ==============================
e:com.microsoft.sqlserver.jdbc.SQLServerException: LEFT 또는 SUBSTRING 함수에 전달된 길이 매개 변수가 잘못되었습니다.
org.apache.jsp.goo.anibattlestart_jsp@2e607080
 ?gameid=farm240485
 &password=3573379a2c7i5u937914
 &farmidx:6900
 &listset:

2016. 5. 3 오후 1:17:27 org.apache.catalina.core.StandardWrapperValve invoke
정보: ==============================
e:com.microsoft.sqlserver.jdbc.SQLServerException: LEFT 또는 SUBSTRING 함수에 전달된 길이 매개 변수가 잘못되었습니다.
org.apache.jsp.goo.anibattlestart_jsp@2e607080
 ?gameid=farm240485
 &password=3573379a2c7i5u937914
 &farmidx:6900
 &listset:

2016. 5. 3 오후 1:17:27 org.apache.catalina.core.StandardWrapperValve invoke
정보: ==============================
e:com.microsoft.sqlserver.jdbc.SQLServerException: LEFT 또는 SUBSTRING 함수에 전달된 길이 매개 변수가 잘못되었습니다.
org.apache.jsp.goo.anibattlestart_jsp@2e607080
 ?gameid=farm240485
 &password=3573379a2c7i5u937914
 &farmidx:6900
 &listset:

2016. 5. 3 오후 1:17:28 org.apache.catalina.core.StandardWrapperValve invoke
정보: ==============================
e:com.microsoft.sqlserver.jdbc.SQLServerException: LEFT 또는 SUBSTRING 함수에 전달된 길이 매개 변수가 잘못되었습니다.
org.apache.jsp.goo.anibattlestart_jsp@2e607080
 ?gameid=farm240485
 &password=3573379a2c7i5u937914
 &farmidx:6900
 &listset:

2016. 5. 3 오후 1:17:28 org.apache.catalina.core.StandardWrapperValve invoke
정보: ==============================
e:com.microsoft.sqlserver.jdbc.SQLServerException: LEFT 또는 SUBSTRING 함수에 전달된 길이 매개 변수가 잘못되었습니다.
org.apache.jsp.goo.anibattlestart_jsp@2e607080
 ?gameid=farm240485
 &password=3573379a2c7i5u937914
 &farmidx:6900
 &listset:

2016. 5. 3 오후 1:54:04 org.apache.catalina.core.StandardWrapperValve invoke
정보: ==============================
e:com.microsoft.sqlserver.jdbc.SQLServerException: LEFT 또는 SUBSTRING 함수에 전달된 길이 매개 변수가 잘못되었습니다.
org.apache.jsp.goo.anibattlestart_jsp@2e607080
 ?gameid=farm373740
 &password=5206585p9e0b8e368673
 &farmidx:6900
 &listset:

2016. 5. 3 오후 1:54:04 org.apache.catalina.core.StandardWrapperValve invoke
정보: ==============================
e:com.microsoft.sqlserver.jdbc.SQLServerException: LEFT 또는 SUBSTRING 함수에 전달된 길이 매개 변수가 잘못되었습니다.
org.apache.jsp.goo.anibattlestart_jsp@2e607080
 ?gameid=farm373740
 &password=5206585p9e0b8e368673
 &farmidx:6900
 &listset:

2016. 5. 3 오후 1:54:06 org.apache.catalina.core.StandardWrapperValve invoke
정보: ==============================
e:com.microsoft.sqlserver.jdbc.SQLServerException: LEFT 또는 SUBSTRING 함수에 전달된 길이 매개 변수가 잘못되었습니다.
org.apache.jsp.goo.anibattlestart_jsp@2e607080
 ?gameid=farm373740
 &password=5206585p9e0b8e368673
 &farmidx:6900
 &listset:

2016. 5. 3 오후 1:54:08 org.apache.catalina.core.StandardWrapperValve invoke
정보: ==============================
e:com.microsoft.sqlserver.jdbc.SQLServerException: LEFT 또는 SUBSTRING 함수에 전달된 길이 매개 변수가 잘못되었습니다.
org.apache.jsp.goo.anibattlestart_jsp@2e607080
 ?gameid=farm373740
 &password=5206585p9e0b8e368673
 &farmidx:6900
 &listset:

2016. 5. 3 오후 1:54:09 org.apache.catalina.core.StandardWrapperValve invoke
정보: ==============================
e:com.microsoft.sqlserver.jdbc.SQLServerException: LEFT 또는 SUBSTRING 함수에 전달된 길이 매개 변수가 잘못되었습니다.
org.apache.jsp.goo.anibattlestart_jsp@2e607080
 ?gameid=farm373740
 &password=5206585p9e0b8e368673
 &farmidx:6900
 &listset:

2016. 5. 3 오후 1:54:10 org.apache.catalina.core.StandardWrapperValve invoke
정보: ==============================
e:com.microsoft.sqlserver.jdbc.SQLServerException: LEFT 또는 SUBSTRING 함수에 전달된 길이 매개 변수가 잘못되었습니다.
org.apache.jsp.goo.anibattlestart_jsp@2e607080
 ?gameid=farm373740
 &password=5206585p9e0b8e368673
 &farmidx:6900
 &listset:

2016. 5. 3 오후 1:54:18 org.apache.catalina.core.StandardWrapperValve invoke
정보: ==============================
e:com.microsoft.sqlserver.jdbc.SQLServerException: LEFT 또는 SUBSTRING 함수에 전달된 길이 매개 변수가 잘못되었습니다.
org.apache.jsp.goo.anibattlestart_jsp@2e607080
 ?gameid=farm373740
 &password=5206585p9e0b8e368673
 &farmidx:6900
 &listset:

2016. 5. 3 오후 1:54:19 org.apache.catalina.core.StandardWrapperValve invoke
정보: ==============================
e:com.microsoft.sqlserver.jdbc.SQLServerException: LEFT 또는 SUBSTRING 함수에 전달된 길이 매개 변수가 잘못되었습니다.
org.apache.jsp.goo.anibattlestart_jsp@2e607080
 ?gameid=farm373740
 &password=5206585p9e0b8e368673
 &farmidx:6900
 &listset:

2016. 5. 3 오후 1:54:31 org.apache.catalina.core.StandardWrapperValve invoke
정보: ==============================
e:com.microsoft.sqlserver.jdbc.SQLServerException: LEFT 또는 SUBSTRING 함수에 전달된 길이 매개 변수가 잘못되었습니다.
org.apache.jsp.goo.anibattlestart_jsp@2e607080
 ?gameid=farm373740
 &password=5206585p9e0b8e368673
 &farmidx:6900
 &listset:

2016. 5. 3 오후 1:54:32 org.apache.catalina.core.StandardWrapperValve invoke
정보: ==============================
e:com.microsoft.sqlserver.jdbc.SQLServerException: LEFT 또는 SUBSTRING 함수에 전달된 길이 매개 변수가 잘못되었습니다.
org.apache.jsp.goo.anibattlestart_jsp@2e607080
 ?gameid=farm373740
 &password=5206585p9e0b8e368673
 &farmidx:6900
 &listset:

2016. 5. 3 오후 1:54:32 org.apache.catalina.core.StandardWrapperValve invoke
정보: ==============================
e:com.microsoft.sqlserver.jdbc.SQLServerException: LEFT 또는 SUBSTRING 함수에 전달된 길이 매개 변수가 잘못되었습니다.
org.apache.jsp.goo.anibattlestart_jsp@2e607080
 ?gameid=farm373740
 &password=5206585p9e0b8e368673
 &farmidx:6900
 &listset:

2016. 5. 3 오후 1:54:38 org.apache.catalina.core.StandardWrapperValve invoke
정보: ==============================
e:com.microsoft.sqlserver.jdbc.SQLServerException: LEFT 또는 SUBSTRING 함수에 전달된 길이 매개 변수가 잘못되었습니다.
org.apache.jsp.goo.anibattlestart_jsp@2e607080
 ?gameid=farm373740
 &password=5206585p9e0b8e368673
 &farmidx:6900
 &listset:

2016. 5. 3 오후 1:54:38 org.apache.catalina.core.StandardWrapperValve invoke
정보: ==============================
e:com.microsoft.sqlserver.jdbc.SQLServerException: LEFT 또는 SUBSTRING 함수에 전달된 길이 매개 변수가 잘못되었습니다.
org.apache.jsp.goo.anibattlestart_jsp@2e607080
 ?gameid=farm373740
 &password=5206585p9e0b8e368673
 &farmidx:6900
 &listset:

2016. 5. 3 오후 1:59:13 org.apache.catalina.core.StandardWrapperValve invoke
정보: ==============================
e:com.microsoft.sqlserver.jdbc.SQLServerException: LEFT 또는 SUBSTRING 함수에 전달된 길이 매개 변수가 잘못되었습니다.
org.apache.jsp.goo.anibattlestart_jsp@2e607080
 ?gameid=farm299457
 &password=1184158g3a1l8s542357
 &farmidx:6900
 &listset:

2016. 5. 3 오후 1:59:14 org.apache.catalina.core.StandardWrapperValve invoke
정보: ==============================
e:com.microsoft.sqlserver.jdbc.SQLServerException: LEFT 또는 SUBSTRING 함수에 전달된 길이 매개 변수가 잘못되었습니다.
org.apache.jsp.goo.anibattlestart_jsp@2e607080
 ?gameid=farm373740
 &password=5206585p9e0b8e368673
 &farmidx:6900
 &listset:

2016. 5. 3 오후 1:59:14 org.apache.catalina.core.StandardWrapperValve invoke
정보: ==============================
e:com.microsoft.sqlserver.jdbc.SQLServerException: LEFT 또는 SUBSTRING 함수에 전달된 길이 매개 변수가 잘못되었습니다.
org.apache.jsp.goo.anibattlestart_jsp@2e607080
 ?gameid=farm299457
 &password=1184158g3a1l8s542357
 &farmidx:6900
 &listset:

2016. 5. 3 오후 1:59:15 org.apache.catalina.core.StandardWrapperValve invoke
정보: ==============================
e:com.microsoft.sqlserver.jdbc.SQLServerException: LEFT 또는 SUBSTRING 함수에 전달된 길이 매개 변수가 잘못되었습니다.
org.apache.jsp.goo.anibattlestart_jsp@2e607080
 ?gameid=farm299457
 &password=1184158g3a1l8s542357
 &farmidx:6900
 &listset:

2016. 5. 3 오후 1:59:15 org.apache.catalina.core.StandardWrapperValve invoke
정보: ==============================
e:com.microsoft.sqlserver.jdbc.SQLServerException: LEFT 또는 SUBSTRING 함수에 전달된 길이 매개 변수가 잘못되었습니다.
org.apache.jsp.goo.anibattlestart_jsp@2e607080
 ?gameid=farm299457
 &password=1184158g3a1l8s542357
 &farmidx:6900
 &listset:

2016. 5. 3 오후 1:59:16 org.apache.catalina.core.StandardWrapperValve invoke
정보: ==============================
e:com.microsoft.sqlserver.jdbc.SQLServerException: LEFT 또는 SUBSTRING 함수에 전달된 길이 매개 변수가 잘못되었습니다.
org.apache.jsp.goo.anibattlestart_jsp@2e607080
 ?gameid=farm373740
 &password=5206585p9e0b8e368673
 &farmidx:6900
 &listset:

2016. 5. 3 오후 1:59:16 org.apache.catalina.core.StandardWrapperValve invoke
정보: ==============================
e:com.microsoft.sqlserver.jdbc.SQLServerException: LEFT 또는 SUBSTRING 함수에 전달된 길이 매개 변수가 잘못되었습니다.
org.apache.jsp.goo.anibattlestart_jsp@2e607080
 ?gameid=farm373740
 &password=5206585p9e0b8e368673
 &farmidx:6900
 &listset:

2016. 5. 3 오후 1:59:16 org.apache.catalina.core.StandardWrapperValve invoke
정보: ==============================
e:com.microsoft.sqlserver.jdbc.SQLServerException: LEFT 또는 SUBSTRING 함수에 전달된 길이 매개 변수가 잘못되었습니다.
org.apache.jsp.goo.anibattlestart_jsp@2e607080
 ?gameid=farm373740
 &password=5206585p9e0b8e368673
 &farmidx:6900
 &listset:

2016. 5. 3 오후 1:59:17 org.apache.catalina.core.StandardWrapperValve invoke
정보: ==============================
e:com.microsoft.sqlserver.jdbc.SQLServerException: LEFT 또는 SUBSTRING 함수에 전달된 길이 매개 변수가 잘못되었습니다.
org.apache.jsp.goo.anibattlestart_jsp@2e607080
 ?gameid=farm373740
 &password=5206585p9e0b8e368673
 &farmidx:6900
 &listset:

2016. 5. 3 오후 2:47:16 org.apache.catalina.core.StandardWrapperValve invoke
정보: ==============================
e:com.microsoft.sqlserver.jdbc.SQLServerException: LEFT 또는 SUBSTRING 함수에 전달된 길이 매개 변수가 잘못되었습니다.
org.apache.jsp.goo.anibattlestart_jsp@2e607080
 ?gameid=farm570827
 &password=3089245x9i4v7j252451
 &farmidx:6900
 &listset:

2016. 5. 3 오후 2:47:17 org.apache.catalina.core.StandardWrapperValve invoke
정보: ==============================
e:com.microsoft.sqlserver.jdbc.SQLServerException: LEFT 또는 SUBSTRING 함수에 전달된 길이 매개 변수가 잘못되었습니다.
org.apache.jsp.goo.anibattlestart_jsp@2e607080
 ?gameid=farm570827
 &password=3089245x9i4v7j252451
 &farmidx:6900
 &listset:

2016. 5. 3 오후 3:25:40 org.apache.catalina.core.StandardWrapperValve invoke
정보: ==============================
e:com.microsoft.sqlserver.jdbc.SQLServerException: 열 이름 bgcttradecnt이(가) 잘못되었습니다.
org.apache.jsp.goo.trade_jsp@50bf152d
 gameid:farm642188
 password:5669630n9y0t9l294655
 userinfo:0:2014;1:7;2:0;4:2;10:18;11:165;12:122;13:976;30:7;40:-1;41:-1;44:-1;45:-1;42:-1;43:2;
 aniitem:0:5,2,0;1:3,22,0;2:0,21,1;3:5,23,0;15:2,3,0;20:3,7,1;32:3,15,0;36:5,25,0;37:5,25,0;38:5,25,0;
 cusitem:31:10;
 tradeinfo:0:169;1:7;10:16;11:2;12:0;20:40;30:1;31:30;61:1;62:1;63:3;70:1;33:3;34:8;35:90;40:1102;50:2;51:2;52:7;
 paraminfo:0:90112;1:0;2:0;3:0;4:201406;5:0;

2016. 5. 3 오후 3:25:42 org.apache.catalina.core.StandardWrapperValve invoke
정보: ==============================
e:com.microsoft.sqlserver.jdbc.SQLServerException: 열 이름 bgcttradecnt이(가) 잘못되었습니다.
org.apache.jsp.goo.trade_jsp@50bf152d
 gameid:farm642188
 password:5669630n9y0t9l294655
 userinfo:0:2014;1:7;2:0;4:2;10:18;11:165;12:122;13:976;30:7;40:-1;41:-1;44:-1;45:-1;42:-1;43:2;
 aniitem:0:5,2,0;1:3,22,0;2:0,21,1;3:5,23,0;15:2,3,0;20:3,7,1;32:3,15,0;36:5,25,0;37:5,25,0;38:5,25,0;
 cusitem:
 tradeinfo:0:169;1:7;10:16;11:2;12:0;20:40;30:1;31:30;61:1;62:1;63:3;70:1;33:3;34:8;35:90;40:5111;50:2;51:2;52:7;
 paraminfo:0:90112;1:0;2:0;3:0;4:201406;5:0;

2016. 5. 3 오후 3:25:42 org.apache.catalina.core.StandardWrapperValve invoke
정보: ==============================
e:com.microsoft.sqlserver.jdbc.SQLServerException: 열 이름 bgcttradecnt이(가) 잘못되었습니다.
org.apache.jsp.goo.trade_jsp@50bf152d
 gameid:farm642188
 password:5669630n9y0t9l294655
 userinfo:0:2014;1:7;2:0;4:2;10:18;11:165;12:122;13:976;30:7;40:-1;41:-1;44:-1;45:-1;42:-1;43:2;
 aniitem:0:5,2,0;1:3,22,0;2:0,21,1;3:5,23,0;15:2,3,0;20:3,7,1;32:3,15,0;36:5,25,0;37:5,25,0;38:5,25,0;
 cusitem:
 tradeinfo:0:169;1:7;10:16;11:2;12:0;20:40;30:1;31:30;61:1;62:1;63:3;70:1;33:3;34:8;35:90;40:2012;50:2;51:2;52:7;
 paraminfo:0:90112;1:0;2:0;3:0;4:201406;5:0;

2016. 5. 3 오후 3:25:43 org.apache.catalina.core.StandardWrapperValve invoke
정보: ==============================
e:com.microsoft.sqlserver.jdbc.SQLServerException: 열 이름 bgcttradecnt이(가) 잘못되었습니다.
org.apache.jsp.goo.trade_jsp@50bf152d
 gameid:farm642188
 password:5669630n9y0t9l294655
 userinfo:0:2014;1:7;2:0;4:2;10:18;11:165;12:122;13:976;30:7;40:-1;41:-1;44:-1;45:-1;42:-1;43:2;
 aniitem:0:5,2,0;1:3,22,0;2:0,21,1;3:5,23,0;15:2,3,0;20:3,7,1;32:3,15,0;36:5,25,0;37:5,25,0;38:5,25,0;
 cusitem:
 tradeinfo:0:169;1:7;10:16;11:2;12:0;20:40;30:1;31:30;61:1;62:1;63:3;70:1;33:3;34:8;35:90;40:1002;50:2;51:2;52:7;
 paraminfo:0:90112;1:0;2:0;3:0;4:201406;5:0;

2016. 5. 3 오후 3:25:43 org.apache.catalina.core.StandardWrapperValve invoke
정보: ==============================
e:com.microsoft.sqlserver.jdbc.SQLServerException: 열 이름 bgcttradecnt이(가) 잘못되었습니다.
org.apache.jsp.goo.trade_jsp@50bf152d
 gameid:farm642188
 password:5669630n9y0t9l294655
 userinfo:0:2014;1:7;2:0;4:2;10:18;11:165;12:122;13:976;30:7;40:-1;41:-1;44:-1;45:-1;42:-1;43:2;
 aniitem:0:5,2,0;1:3,22,0;2:0,21,1;3:5,23,0;15:2,3,0;20:3,7,1;32:3,15,0;36:5,25,0;37:5,25,0;38:5,25,0;
 cusitem:
 tradeinfo:0:169;1:7;10:16;11:2;12:0;20:40;30:1;31:30;61:1;62:1;63:3;70:1;33:3;34:8;35:90;40:5111;50:2;51:2;52:7;
 paraminfo:0:90112;1:0;2:0;3:0;4:201406;5:0;

2016. 5. 3 오후 3:25:44 org.apache.catalina.core.StandardWrapperValve invoke
정보: ==============================
e:com.microsoft.sqlserver.jdbc.SQLServerException: 열 이름 bgcttradecnt이(가) 잘못되었습니다.
org.apache.jsp.goo.trade_jsp@50bf152d
 gameid:farm642188
 password:5669630n9y0t9l294655
 userinfo:0:2014;1:7;2:0;4:2;10:18;11:165;12:122;13:976;30:7;40:-1;41:-1;44:-1;45:-1;42:-1;43:2;
 aniitem:0:5,2,0;1:3,22,0;2:0,21,1;3:5,23,0;15:2,3,0;20:3,7,1;32:3,15,0;36:5,25,0;37:5,25,0;38:5,25,0;
 cusitem:
 tradeinfo:0:169;1:7;10:16;11:2;12:0;20:40;30:1;31:30;61:1;62:1;63:3;70:1;33:3;34:8;35:90;40:5119;50:2;51:2;52:7;
 paraminfo:0:90112;1:0;2:0;3:0;4:201406;5:0;

2016. 5. 3 오후 3:25:45 org.apache.catalina.core.StandardWrapperValve invoke
정보: ==============================
e:com.microsoft.sqlserver.jdbc.SQLServerException: 열 이름 bgcttradecnt이(가) 잘못되었습니다.
org.apache.jsp.goo.trade_jsp@50bf152d
 gameid:farm642188
 password:5669630n9y0t9l294655
 userinfo:0:2014;1:7;2:0;4:2;10:18;11:165;12:122;13:976;30:7;40:-1;41:-1;44:-1;45:-1;42:-1;43:2;
 aniitem:0:5,2,0;1:3,22,0;2:0,21,1;3:5,23,0;15:2,3,0;20:3,7,1;32:3,15,0;36:5,25,0;37:5,25,0;38:5,25,0;
 cusitem:
 tradeinfo:0:169;1:7;10:16;11:2;12:0;20:40;30:1;31:30;61:1;62:1;63:3;70:1;33:3;34:8;35:90;40:2100;50:2;51:2;52:7;
 paraminfo:0:90112;1:0;2:0;3:0;4:201406;5:0;

2016. 5. 3 오후 3:25:46 org.apache.catalina.core.StandardWrapperValve invoke
정보: ==============================
e:com.microsoft.sqlserver.jdbc.SQLServerException: 열 이름 bgcttradecnt이(가) 잘못되었습니다.
org.apache.jsp.goo.trade_jsp@50bf152d
 gameid:farm642188
 password:5669630n9y0t9l294655
 userinfo:0:2014;1:7;2:0;4:2;10:18;11:165;12:122;13:976;30:7;40:-1;41:-1;44:-1;45:-1;42:-1;43:2;
 aniitem:0:5,2,0;1:3,22,0;2:0,21,1;3:5,23,0;15:2,3,0;20:3,7,1;32:3,15,0;36:5,25,0;37:5,25,0;38:5,25,0;
 cusitem:
 tradeinfo:0:169;1:7;10:16;11:2;12:0;20:40;30:1;31:30;61:1;62:1;63:3;70:1;33:3;34:8;35:90;40:900;50:2;51:2;52:7;
 paraminfo:0:90112;1:0;2:0;3:0;4:201406;5:0;

2016. 5. 3 오후 3:25:46 org.apache.catalina.core.StandardWrapperValve invoke
정보: ==============================
e:com.microsoft.sqlserver.jdbc.SQLServerException: 열 이름 bgcttradecnt이(가) 잘못되었습니다.
org.apache.jsp.goo.trade_jsp@50bf152d
 gameid:farm642188
 password:5669630n9y0t9l294655
 userinfo:0:2014;1:7;2:0;4:2;10:18;11:165;12:122;13:976;30:7;40:-1;41:-1;44:-1;45:-1;42:-1;43:2;
 aniitem:0:5,2,0;1:3,22,0;2:0,21,1;3:5,23,0;15:2,3,0;20:3,7,1;32:3,15,0;36:5,25,0;37:5,25,0;38:5,25,0;
 cusitem:
 tradeinfo:0:169;1:7;10:16;11:2;12:0;20:40;30:1;31:30;61:1;62:1;63:3;70:1;33:3;34:8;35:90;40:5119;50:2;51:2;52:7;
 paraminfo:0:90112;1:0;2:0;3:0;4:201406;5:0;

2016. 5. 3 오후 3:25:51 org.apache.catalina.core.StandardWrapperValve invoke
정보: ==============================
e:com.microsoft.sqlserver.jdbc.SQLServerException: 열 이름 bgcttradecnt이(가) 잘못되었습니다.
org.apache.jsp.goo.trade_jsp@50bf152d
 gameid:farm642188
 password:5669630n9y0t9l294655
 userinfo:0:2014;1:7;2:0;4:2;10:18;11:165;12:152;13:1216;30:7;40:-1;41:-1;44:-1;45:-1;42:-1;43:2;
 aniitem:0:5,2,0;1:3,22,0;2:0,21,1;3:5,23,0;15:2,3,0;20:3,7,1;32:3,15,0;36:5,25,0;37:5,25,0;38:5,25,0;
 cusitem:
 tradeinfo:0:169;1:7;10:16;11:2;12:0;20:40;30:1;31:30;61:1;62:1;63:3;70:1;33:2;34:8;35:60;40:900;50:2;51:2;52:7;
 paraminfo:0:90112;1:0;2:0;3:0;4:201406;5:0;

2016. 5. 3 오후 3:25:52 org.apache.catalina.core.StandardWrapperValve invoke
정보: ==============================
e:com.microsoft.sqlserver.jdbc.SQLServerException: 열 이름 bgcttradecnt이(가) 잘못되었습니다.
org.apache.jsp.goo.trade_jsp@50bf152d
 gameid:farm642188
 password:5669630n9y0t9l294655
 userinfo:0:2014;1:7;2:0;4:2;10:18;11:165;12:152;13:1216;30:7;40:-1;41:-1;44:-1;45:-1;42:-1;43:2;
 aniitem:0:5,2,0;1:3,22,0;2:0,21,1;3:5,23,0;15:2,3,0;20:3,7,1;32:3,15,0;36:5,25,0;37:5,25,0;38:5,25,0;
 cusitem:
 tradeinfo:0:169;1:7;10:16;11:2;12:0;20:40;30:1;31:30;61:1;62:1;63:3;70:1;33:2;34:8;35:60;40:900;50:2;51:2;52:7;
 paraminfo:0:90112;1:0;2:0;3:0;4:201406;5:0;

2016. 5. 3 오후 3:25:53 org.apache.catalina.core.StandardWrapperValve invoke
정보: ==============================
e:com.microsoft.sqlserver.jdbc.SQLServerException: 열 이름 bgcttradecnt이(가) 잘못되었습니다.
org.apache.jsp.goo.trade_jsp@50bf152d
 gameid:farm642188
 password:5669630n9y0t9l294655
 userinfo:0:2014;1:7;2:0;4:2;10:18;11:165;12:152;13:1216;30:7;40:-1;41:-1;44:-1;45:-1;42:-1;43:2;
 aniitem:0:5,2,0;1:3,22,0;2:0,21,1;3:5,23,0;15:2,3,0;20:3,7,1;32:3,15,0;36:5,25,0;37:5,25,0;38:5,25,0;
 cusitem:
 tradeinfo:0:169;1:7;10:16;11:2;12:0;20:40;30:1;31:30;61:1;62:1;63:3;70:1;33:2;34:8;35:60;40:2011;50:2;51:2;52:7;
 paraminfo:0:90112;1:0;2:0;3:0;4:201406;5:0;

2016. 5. 3 오후 3:25:54 org.apache.catalina.core.StandardWrapperValve invoke
정보: ==============================
e:com.microsoft.sqlserver.jdbc.SQLServerException: 열 이름 bgcttradecnt이(가) 잘못되었습니다.
org.apache.jsp.goo.trade_jsp@50bf152d
 gameid:farm642188
 password:5669630n9y0t9l294655
 userinfo:0:2014;1:7;2:0;4:2;10:18;11:165;12:2;13:16;30:7;40:-1;41:-1;44:-1;45:-1;42:-1;43:2;
 aniitem:0:5,2,0;1:3,22,0;2:0,21,1;3:5,23,0;15:2,3,0;20:3,7,1;32:3,15,0;36:5,25,0;37:5,25,0;38:5,25,0;
 cusitem:
 tradeinfo:0:169;1:7;10:16;11:2;12:0;20:40;30:1;31:30;61:1;62:1;63:3;70:1;33:7;34:8;35:210;40:802;50:2;51:2;52:7;
 paraminfo:0:90112;1:0;2:0;3:0;4:201406;5:0;

2016. 5. 3 오후 3:25:54 org.apache.catalina.core.StandardWrapperValve invoke
정보: ==============================
e:com.microsoft.sqlserver.jdbc.SQLServerException: 열 이름 bgcttradecnt이(가) 잘못되었습니다.
org.apache.jsp.goo.trade_jsp@50bf152d
 gameid:farm642188
 password:5669630n9y0t9l294655
 userinfo:0:2014;1:7;2:0;4:2;10:18;11:165;12:2;13:16;30:7;40:-1;41:-1;44:-1;45:-1;42:-1;43:2;
 aniitem:0:5,2,0;1:3,22,0;2:0,21,1;3:5,23,0;15:2,3,0;20:3,7,1;32:3,15,0;36:5,25,0;37:5,25,0;38:5,25,0;
 cusitem:
 tradeinfo:0:169;1:7;10:16;11:2;12:0;20:40;30:1;31:30;61:1;62:1;63:3;70:1;33:7;34:8;35:210;40:800;50:2;51:2;52:7;
 paraminfo:0:90112;1:0;2:0;3:0;4:201406;5:0;

2016. 5. 3 오후 3:26:01 org.apache.catalina.core.StandardWrapperValve invoke
정보: ==============================
e:com.microsoft.sqlserver.jdbc.SQLServerException: 열 이름 bgcttradecnt이(가) 잘못되었습니다.
org.apache.jsp.goo.trade_jsp@50bf152d
 gameid:farm642188
 password:5669630n9y0t9l294655
 userinfo:0:2014;1:7;2:0;4:2;10:18;11:165;12:152;13:1216;30:7;40:-1;41:-1;44:-1;45:-1;42:-1;43:2;
 aniitem:0:5,2,0;1:3,22,0;2:0,21,1;3:5,23,0;15:2,3,0;20:3,7,1;32:3,15,0;36:5,25,0;37:5,25,0;38:5,25,0;
 cusitem:
 tradeinfo:0:169;1:7;10:16;11:2;12:0;20:40;30:1;31:30;61:1;62:1;63:3;70:1;33:2;34:8;35:60;40:2011;50:2;51:2;52:7;
 paraminfo:0:90112;1:0;2:0;3:0;4:201406;5:0;

2016. 5. 3 오후 3:26:02 org.apache.catalina.core.StandardWrapperValve invoke
정보: ==============================
e:com.microsoft.sqlserver.jdbc.SQLServerException: 열 이름 bgcttradecnt이(가) 잘못되었습니다.
org.apache.jsp.goo.trade_jsp@50bf152d
 gameid:farm642188
 password:5669630n9y0t9l294655
 userinfo:0:2014;1:7;2:0;4:2;10:18;11:165;12:152;13:1216;30:7;40:-1;41:-1;44:-1;45:-1;42:-1;43:2;
 aniitem:0:5,2,0;1:3,22,0;2:0,21,1;3:5,23,0;15:2,3,0;20:3,7,1;32:3,15,0;36:5,25,0;37:5,25,0;38:5,25,0;
 cusitem:
 tradeinfo:0:169;1:7;10:16;11:2;12:0;20:40;30:1;31:30;61:1;62:1;63:3;70:1;33:2;34:8;35:60;40:2011;50:2;51:2;52:7;
 paraminfo:0:90112;1:0;2:0;3:0;4:201406;5:0;

2016. 5. 3 오후 3:26:02 org.apache.catalina.core.StandardWrapperValve invoke
정보: ==============================
e:com.microsoft.sqlserver.jdbc.SQLServerException: 열 이름 bgcttradecnt이(가) 잘못되었습니다.
org.apache.jsp.goo.trade_jsp@50bf152d
 gameid:farm642188
 password:5669630n9y0t9l294655
 userinfo:0:2014;1:7;2:0;4:2;10:18;11:165;12:152;13:1216;30:7;40:-1;41:-1;44:-1;45:-1;42:-1;43:2;
 aniitem:0:5,2,0;1:3,22,0;2:0,21,1;3:5,23,0;15:2,3,0;20:3,7,1;32:3,15,0;36:5,25,0;37:5,25,0;38:5,25,0;
 cusitem:
 tradeinfo:0:169;1:7;10:16;11:2;12:0;20:40;30:1;31:30;61:1;62:1;63:3;70:1;33:2;34:8;35:60;40:2011;50:2;51:2;52:7;
 paraminfo:0:90112;1:0;2:0;3:0;4:201406;5:0;

2016. 5. 3 오후 3:26:02 org.apache.catalina.core.StandardWrapperValve invoke
정보: ==============================
e:com.microsoft.sqlserver.jdbc.SQLServerException: 열 이름 bgcttradecnt이(가) 잘못되었습니다.
org.apache.jsp.goo.trade_jsp@50bf152d
 gameid:farm642188
 password:5669630n9y0t9l294655
 userinfo:0:2014;1:7;2:0;4:2;10:18;11:165;12:152;13:1216;30:7;40:-1;41:-1;44:-1;45:-1;42:-1;43:2;
 aniitem:0:5,2,0;1:3,22,0;2:0,21,1;3:5,23,0;15:2,3,0;20:3,7,1;32:3,15,0;36:5,25,0;37:5,25,0;38:5,25,0;
 cusitem:
 tradeinfo:0:169;1:7;10:16;11:2;12:0;20:40;30:1;31:30;61:1;62:1;63:3;70:1;33:2;34:8;35:60;40:5101;50:2;51:2;52:7;
 paraminfo:0:90112;1:0;2:0;3:0;4:201406;5:0;

2016. 5. 3 오후 3:26:02 org.apache.catalina.core.StandardWrapperValve invoke
정보: ==============================
e:com.microsoft.sqlserver.jdbc.SQLServerException: 열 이름 bgcttradecnt이(가) 잘못되었습니다.
org.apache.jsp.goo.trade_jsp@50bf152d
 gameid:farm642188
 password:5669630n9y0t9l294655
 userinfo:0:2014;1:7;2:0;4:2;10:18;11:165;12:152;13:1216;30:7;40:-1;41:-1;44:-1;45:-1;42:-1;43:2;
 aniitem:0:5,2,0;1:3,22,0;2:0,21,1;3:5,23,0;15:2,3,0;20:3,7,1;32:3,15,0;36:5,25,0;37:5,25,0;38:5,25,0;
 cusitem:
 tradeinfo:0:169;1:7;10:16;11:2;12:0;20:40;30:1;31:30;61:1;62:1;63:3;70:1;33:2;34:8;35:60;40:5101;50:2;51:2;52:7;
 paraminfo:0:90112;1:0;2:0;3:0;4:201406;5:0;

2016. 5. 3 오후 3:26:04 org.apache.catalina.core.StandardWrapperValve invoke
정보: ==============================
e:com.microsoft.sqlserver.jdbc.SQLServerException: 열 이름 bgcttradecnt이(가) 잘못되었습니다.
org.apache.jsp.goo.trade_jsp@50bf152d
 gameid:farm642188
 password:5669630n9y0t9l294655
 userinfo:0:2014;1:7;2:0;4:2;10:18;11:165;12:62;13:496;30:7;40:-1;41:-1;44:-1;45:-1;42:-1;43:2;
 aniitem:0:5,2,0;1:3,22,0;2:0,21,1;3:5,23,0;15:2,3,0;20:3,7,1;32:3,15,0;36:5,25,0;37:5,25,0;38:5,25,0;
 cusitem:
 tradeinfo:0:169;1:7;10:16;11:2;12:0;20:40;30:1;31:30;61:1;62:1;63:3;70:1;33:5;34:8;35:150;40:702;50:2;51:2;52:7;
 paraminfo:0:90112;1:0;2:0;3:0;4:201406;5:0;

2016. 5. 3 오후 3:26:04 org.apache.catalina.core.StandardWrapperValve invoke
정보: ==============================
e:com.microsoft.sqlserver.jdbc.SQLServerException: 열 이름 bgcttradecnt이(가) 잘못되었습니다.
org.apache.jsp.goo.trade_jsp@50bf152d
 gameid:farm642188
 password:5669630n9y0t9l294655
 userinfo:0:2014;1:7;2:0;4:2;10:18;11:165;12:62;13:496;30:7;40:-1;41:-1;44:-1;45:-1;42:-1;43:2;
 aniitem:0:5,2,0;1:3,22,0;2:0,21,1;3:5,23,0;15:2,3,0;20:3,7,1;32:3,15,0;36:5,25,0;37:5,25,0;38:5,25,0;
 cusitem:
 tradeinfo:0:169;1:7;10:16;11:2;12:0;20:40;30:1;31:30;61:1;62:1;63:3;70:1;33:5;34:8;35:150;40:900;50:2;51:2;52:7;
 paraminfo:0:90112;1:0;2:0;3:0;4:201406;5:0;

2016. 5. 3 오후 3:26:04 org.apache.catalina.core.StandardWrapperValve invoke
정보: ==============================
e:com.microsoft.sqlserver.jdbc.SQLServerException: 열 이름 bgcttradecnt이(가) 잘못되었습니다.
org.apache.jsp.goo.trade_jsp@50bf152d
 gameid:farm642188
 password:5669630n9y0t9l294655
 userinfo:0:2014;1:7;2:0;4:2;10:18;11:165;12:62;13:496;30:7;40:-1;41:-1;44:-1;45:-1;42:-1;43:2;
 aniitem:0:5,2,0;1:3,22,0;2:0,21,1;3:5,23,0;15:2,3,0;20:3,7,1;32:3,15,0;36:5,25,0;37:5,25,0;38:5,25,0;
 cusitem:
 tradeinfo:0:169;1:7;10:16;11:2;12:0;20:40;30:1;31:30;61:1;62:1;63:3;70:1;33:5;34:8;35:150;40:5101;50:2;51:2;52:7;
 paraminfo:0:90112;1:0;2:0;3:0;4:201406;5:0;

2016. 5. 3 오후 3:26:06 org.apache.catalina.core.StandardWrapperValve invoke
정보: ==============================
e:com.microsoft.sqlserver.jdbc.SQLServerException: 열 이름 bgcttradecnt이(가) 잘못되었습니다.
org.apache.jsp.goo.trade_jsp@50bf152d
 gameid:farm642188
 password:5669630n9y0t9l294655
 userinfo:0:2014;1:7;2:0;4:2;10:18;11:165;12:2;13:16;30:7;40:-1;41:-1;44:-1;45:-1;42:-1;43:2;
 aniitem:0:5,2,0;1:3,22,0;2:0,21,1;3:5,23,0;15:2,3,0;20:3,7,1;32:3,15,0;36:5,25,0;37:5,25,0;38:5,25,0;
 cusitem:
 tradeinfo:0:169;1:7;10:16;11:2;12:0;20:40;30:1;31:30;61:1;62:1;63:3;70:1;33:7;34:8;35:210;40:2011;50:2;51:2;52:7;
 paraminfo:0:90112;1:0;2:0;3:0;4:201406;5:0;

2016. 5. 3 오후 3:26:06 org.apache.catalina.core.StandardWrapperValve invoke
정보: ==============================
e:com.microsoft.sqlserver.jdbc.SQLServerException: 열 이름 bgcttradecnt이(가) 잘못되었습니다.
org.apache.jsp.goo.trade_jsp@50bf152d
 gameid:farm642188
 password:5669630n9y0t9l294655
 userinfo:0:2014;1:7;2:0;4:2;10:18;11:165;12:2;13:16;30:7;40:-1;41:-1;44:-1;45:-1;42:-1;43:2;
 aniitem:0:5,2,0;1:3,22,0;2:0,21,1;3:5,23,0;15:2,3,0;20:3,7,1;32:3,15,0;36:5,25,0;37:5,25,0;38:5,25,0;
 cusitem:
 tradeinfo:0:169;1:7;10:16;11:2;12:0;20:40;30:1;31:30;61:1;62:1;63:3;70:1;33:7;34:8;35:210;40:700;50:2;51:2;52:7;
 paraminfo:0:90112;1:0;2:0;3:0;4:201406;5:0;

2016. 5. 3 오후 3:26:06 org.apache.catalina.core.StandardWrapperValve invoke
정보: ==============================
e:com.microsoft.sqlserver.jdbc.SQLServerException: 열 이름 bgcttradecnt이(가) 잘못되었습니다.
org.apache.jsp.goo.trade_jsp@50bf152d
 gameid:farm642188
 password:5669630n9y0t9l294655
 userinfo:0:2014;1:7;2:0;4:2;10:18;11:165;12:2;13:16;30:7;40:-1;41:-1;44:-1;45:-1;42:-1;43:2;
 aniitem:0:5,2,0;1:3,22,0;2:0,21,1;3:5,23,0;15:2,3,0;20:3,7,1;32:3,15,0;36:5,25,0;37:5,25,0;38:5,25,0;
 cusitem:
 tradeinfo:0:169;1:7;10:16;11:2;12:0;20:40;30:1;31:30;61:1;62:1;63:3;70:1;33:7;34:8;35:210;40:2011;50:2;51:2;52:7;
 paraminfo:0:90112;1:0;2:0;3:0;4:201406;5:0;

2016. 5. 3 오후 3:26:06 org.apache.catalina.core.StandardWrapperValve invoke
정보: ==============================
e:com.microsoft.sqlserver.jdbc.SQLServerException: 열 이름 bgcttradecnt이(가) 잘못되었습니다.
org.apache.jsp.goo.trade_jsp@50bf152d
 gameid:farm642188
 password:5669630n9y0t9l294655
 userinfo:0:2014;1:7;2:0;4:2;10:18;11:165;12:2;13:16;30:7;40:-1;41:-1;44:-1;45:-1;42:-1;43:2;
 aniitem:0:5,2,0;1:3,22,0;2:0,21,1;3:5,23,0;15:2,3,0;20:3,7,1;32:3,15,0;36:5,25,0;37:5,25,0;38:5,25,0;
 cusitem:
 tradeinfo:0:169;1:7;10:16;11:2;12:0;20:40;30:1;31:30;61:1;62:1;63:3;70:1;33:7;34:8;35:210;40:5101;50:2;51:2;52:7;
 paraminfo:0:90112;1:0;2:0;3:0;4:201406;5:0;

2016. 5. 3 오후 3:26:06 org.apache.catalina.core.StandardWrapperValve invoke
정보: ==============================
e:com.microsoft.sqlserver.jdbc.SQLServerException: 열 이름 bgcttradecnt이(가) 잘못되었습니다.
org.apache.jsp.goo.trade_jsp@50bf152d
 gameid:farm642188
 password:5669630n9y0t9l294655
 userinfo:0:2014;1:7;2:0;4:2;10:18;11:165;12:2;13:16;30:7;40:-1;41:-1;44:-1;45:-1;42:-1;43:2;
 aniitem:0:5,2,0;1:3,22,0;2:0,21,1;3:5,23,0;15:2,3,0;20:3,7,1;32:3,15,0;36:5,25,0;37:5,25,0;38:5,25,0;
 cusitem:
 tradeinfo:0:169;1:7;10:16;11:2;12:0;20:40;30:1;31:30;61:1;62:1;63:3;70:1;33:7;34:8;35:210;40:2012;50:2;51:2;52:7;
 paraminfo:0:90112;1:0;2:0;3:0;4:201406;5:0;

2016. 5. 3 오후 3:26:11 org.apache.catalina.core.StandardWrapperValve invoke
정보: ==============================
e:com.microsoft.sqlserver.jdbc.SQLServerException: 열 이름 bgcttradecnt이(가) 잘못되었습니다.
org.apache.jsp.goo.trade_jsp@50bf152d
 gameid:farm642188
 password:5669630n9y0t9l294655
 userinfo:0:2014;1:7;2:0;4:2;10:18;11:165;12:2;13:16;30:7;40:-1;41:-1;44:-1;45:-1;42:-1;43:2;
 aniitem:0:5,2,0;1:3,22,0;2:0,21,1;3:5,23,0;15:2,3,0;20:3,7,1;32:3,15,0;36:5,25,0;37:5,25,0;38:5,25,0;
 cusitem:
 tradeinfo:0:169;1:7;10:16;11:2;12:0;20:40;30:1;31:30;61:1;62:1;63:3;70:1;33:7;34:8;35:210;40:5111;50:2;51:2;52:7;
 paraminfo:0:90112;1:0;2:0;3:0;4:201406;5:0;

2016. 5. 3 오후 3:26:11 org.apache.catalina.core.StandardWrapperValve invoke
정보: ==============================
e:com.microsoft.sqlserver.jdbc.SQLServerException: 열 이름 bgcttradecnt이(가) 잘못되었습니다.
org.apache.jsp.goo.trade_jsp@50bf152d
 gameid:farm642188
 password:5669630n9y0t9l294655
 userinfo:0:2014;1:7;2:0;4:2;10:18;11:165;12:2;13:16;30:7;40:-1;41:-1;44:-1;45:-1;42:-1;43:2;
 aniitem:0:5,2,0;1:3,22,0;2:0,21,1;3:5,23,0;15:2,3,0;20:3,7,1;32:3,15,0;36:5,25,0;37:5,25,0;38:5,25,0;
 cusitem:
 tradeinfo:0:169;1:7;10:16;11:2;12:0;20:40;30:1;31:30;61:1;62:1;63:3;70:1;33:7;34:8;35:210;40:801;50:2;51:2;52:7;
 paraminfo:0:90112;1:0;2:0;3:0;4:201406;5:0;

2016. 5. 3 오후 3:26:15 org.apache.catalina.core.StandardWrapperValve invoke
정보: ==============================
e:com.microsoft.sqlserver.jdbc.SQLServerException: 열 이름 bgcttradecnt이(가) 잘못되었습니다.
org.apache.jsp.goo.trade_jsp@50bf152d
 gameid:farm642188
 password:5669630n9y0t9l294655
 userinfo:0:2014;1:7;2:0;4:2;10:18;11:165;12:2;13:16;30:7;40:-1;41:-1;44:-1;45:-1;42:-1;43:2;
 aniitem:0:5,2,0;1:3,22,0;2:0,21,1;3:5,23,0;15:2,3,0;20:3,7,1;32:3,15,0;36:5,25,0;37:5,25,0;38:5,25,0;
 cusitem:
 tradeinfo:0:169;1:7;10:16;11:2;12:0;20:40;30:1;31:30;61:1;62:1;63:3;70:1;33:7;34:8;35:210;40:900;50:2;51:2;52:7;
 paraminfo:0:90112;1:0;2:0;3:0;4:201406;5:0;

2016. 5. 3 오후 3:26:16 org.apache.catalina.core.StandardWrapperValve invoke
정보: ==============================
e:com.microsoft.sqlserver.jdbc.SQLServerException: 열 이름 bgcttradecnt이(가) 잘못되었습니다.
org.apache.jsp.goo.trade_jsp@50bf152d
 gameid:farm642188
 password:5669630n9y0t9l294655
 userinfo:0:2014;1:7;2:0;4:2;10:18;11:165;12:2;13:16;30:7;40:-1;41:-1;44:-1;45:-1;42:-1;43:2;
 aniitem:0:5,2,0;1:3,22,0;2:0,21,1;3:5,23,0;15:2,3,0;20:3,7,1;32:3,15,0;36:5,25,0;37:5,25,0;38:5,25,0;
 cusitem:
 tradeinfo:0:169;1:7;10:16;11:2;12:0;20:40;30:1;31:30;61:1;62:1;63:3;70:1;33:7;34:8;35:210;40:5101;50:2;51:2;52:7;
 paraminfo:0:90112;1:0;2:0;3:0;4:201406;5:0;

2016. 5. 3 오후 3:26:16 org.apache.catalina.core.StandardWrapperValve invoke
정보: ==============================
e:com.microsoft.sqlserver.jdbc.SQLServerException: 열 이름 bgcttradecnt이(가) 잘못되었습니다.
org.apache.jsp.goo.trade_jsp@50bf152d
 gameid:farm642188
 password:5669630n9y0t9l294655
 userinfo:0:2014;1:7;2:0;4:2;10:18;11:165;12:2;13:16;30:7;40:-1;41:-1;44:-1;45:-1;42:-1;43:2;
 aniitem:0:5,2,0;1:3,22,0;2:0,21,1;3:5,23,0;15:2,3,0;20:3,7,1;32:3,15,0;36:5,25,0;37:5,25,0;38:5,25,0;
 cusitem:
 tradeinfo:0:169;1:7;10:16;11:2;12:0;20:40;30:1;31:30;61:1;62:1;63:3;70:1;33:7;34:8;35:210;40:900;50:2;51:2;52:7;
 paraminfo:0:90112;1:0;2:0;3:0;4:201406;5:0;

2016. 5. 3 오후 3:26:16 org.apache.catalina.core.StandardWrapperValve invoke
정보: ==============================
e:com.microsoft.sqlserver.jdbc.SQLServerException: 열 이름 bgcttradecnt이(가) 잘못되었습니다.
org.apache.jsp.goo.trade_jsp@50bf152d
 gameid:farm642188
 password:5669630n9y0t9l294655
 userinfo:0:2014;1:7;2:0;4:2;10:18;11:165;12:2;13:16;30:7;40:-1;41:-1;44:-1;45:-1;42:-1;43:2;
 aniitem:0:5,2,0;1:3,22,0;2:0,21,1;3:5,23,0;15:2,3,0;20:3,7,1;32:3,15,0;36:5,25,0;37:5,25,0;38:5,25,0;
 cusitem:
 tradeinfo:0:169;1:7;10:16;11:2;12:0;20:40;30:1;31:30;61:1;62:1;63:3;70:1;33:7;34:8;35:210;40:5119;50:2;51:2;52:7;
 paraminfo:0:90112;1:0;2:0;3:0;4:201406;5:0;

2016. 5. 3 오후 3:26:16 org.apache.catalina.core.StandardWrapperValve invoke
정보: ==============================
e:com.microsoft.sqlserver.jdbc.SQLServerException: 열 이름 bgcttradecnt이(가) 잘못되었습니다.
org.apache.jsp.goo.trade_jsp@50bf152d
 gameid:farm642188
 password:5669630n9y0t9l294655
 userinfo:0:2014;1:7;2:0;4:2;10:18;11:165;12:2;13:16;30:7;40:-1;41:-1;44:-1;45:-1;42:-1;43:2;
 aniitem:0:5,2,0;1:3,22,0;2:0,21,1;3:5,23,0;15:2,3,0;20:3,7,1;32:3,15,0;36:5,25,0;37:5,25,0;38:5,25,0;
 cusitem:
 tradeinfo:0:169;1:7;10:16;11:2;12:0;20:40;30:1;31:30;61:1;62:1;63:3;70:1;33:7;34:8;35:210;40:5111;50:2;51:2;52:7;
 paraminfo:0:90112;1:0;2:0;3:0;4:201406;5:0;

2016. 5. 3 오후 3:26:21 org.apache.catalina.core.StandardWrapperValve invoke
정보: ==============================
e:com.microsoft.sqlserver.jdbc.SQLServerException: 열 이름 bgcttradecnt이(가) 잘못되었습니다.
org.apache.jsp.goo.trade_jsp@50bf152d
 gameid:farm642188
 password:5669630n9y0t9l294655
 userinfo:0:2014;1:7;2:0;4:2;10:18;11:165;12:2;13:16;30:7;40:-1;41:-1;44:-1;45:-1;42:-1;43:2;
 aniitem:0:5,2,0;1:3,22,0;2:0,21,1;3:5,23,0;15:2,3,0;20:3,7,1;32:3,15,0;36:5,25,0;37:5,25,0;38:5,25,0;
 cusitem:
 tradeinfo:0:169;1:7;10:16;11:2;12:0;20:40;30:1;31:30;61:1;62:1;63:3;70:1;33:7;34:8;35:210;40:2012;50:2;51:2;52:7;
 paraminfo:0:90112;1:0;2:0;3:0;4:201406;5:0;

2016. 5. 3 오후 3:26:21 org.apache.catalina.core.StandardWrapperValve invoke
정보: ==============================
e:com.microsoft.sqlserver.jdbc.SQLServerException: 열 이름 bgcttradecnt이(가) 잘못되었습니다.
org.apache.jsp.goo.trade_jsp@50bf152d
 gameid:farm642188
 password:5669630n9y0t9l294655
 userinfo:0:2014;1:7;2:0;4:2;10:18;11:165;12:2;13:16;30:7;40:-1;41:-1;44:-1;45:-1;42:-1;43:2;
 aniitem:0:5,2,0;1:3,22,0;2:0,21,1;3:5,23,0;15:2,3,0;20:3,7,1;32:3,15,0;36:5,25,0;37:5,25,0;38:5,25,0;
 cusitem:
 tradeinfo:0:169;1:7;10:16;11:2;12:0;20:40;30:1;31:30;61:1;62:1;63:3;70:1;33:7;34:8;35:210;40:1102;50:2;51:2;52:7;
 paraminfo:0:90112;1:0;2:0;3:0;4:201406;5:0;

2016. 5. 3 오후 3:33:16 org.apache.catalina.core.StandardWrapperValve invoke
정보: ==============================
e:com.microsoft.sqlserver.jdbc.SQLServerException: 열 이름 bgcttradecnt이(가) 잘못되었습니다.
org.apache.jsp.goo.trade_jsp@50bf152d
 gameid:farm642188
 password:5669630n9y0t9l294655
 userinfo:0:2014;1:3;2:0;4:3;10:7;11:90;12:45;13:360;30:6;40:-1;41:-1;44:-1;45:-1;42:-1;43:0;
 aniitem:0:1,9,1;1:3,25,0;2:2,22,1;3:4,21,0;15:2,21,0;20:3,6,1;32:3,15,0;36:5,25,0;37:5,25,0;38:5,25,0;
 cusitem:7:1;
 tradeinfo:0:126;1:6;10:12;11:2;12:120;20:2;30:1;31:30;61:1;62:1;63:2;70:1;33:6;34:8;35:180;40:802;50:0;51:2;52:4;
 paraminfo:0:90109;1:2;2:0;3:0;4:201403;5:0;

2016. 5. 3 오후 4:02:58 org.apache.catalina.core.StandardWrapperValve invoke
정보: ==============================
e:com.microsoft.sqlserver.jdbc.SQLServerException: 열 이름 bgcttradecnt이(가) 잘못되었습니다.
org.apache.jsp.goo.trade_jsp@50bf152d
 gameid:farm642188
 password:5669630n9y0t9l294655
 userinfo:0:2014;1:12;2:0;4:2;10:1;11:9;12:6;13:72;30:0;40:-1;41:-1;44:-1;45:-1;42:-1;43:1;
 aniitem:0:2,20,0;1:4,0,0;2:5,16,0;3:6,11,0;15:3,7,0;32:5,16,0;37:2,19,1;38:5,25,0;54:3,9,0;56:5,25,0;58:3,19,1;59:4,11,0;60:5,16,0;
 cusitem:7:8;
 tradeinfo:0:212;1:8;10:5;11:0;12:0;20:77;30:1;31:33;61:1;62:1;63:3;70:1;33:8;34:12;35:264;40:2200;50:0;51:3;52:4;
 paraminfo:0:90114;1:0;2:0;3:0;4:201412;5:0;

2016. 5. 3 오후 7:41:04 org.apache.catalina.core.StandardWrapperValve invoke
정보: ==============================
e:com.microsoft.sqlserver.jdbc.SQLServerException: 저장 프로시저 'dbo.spu_GameTrade'을(를) 찾을 수 없습니다.
org.apache.jsp.goo.trade_jsp@50bf152d
 gameid:farm966832
 password:3396325l9a7m6i781375
 userinfo:0:2015;1:6;2:0;4:2;10:0;11:0;12:0;13:0;30:5;40:-1;41:-1;44:-1;45:-1;42:-1;43:1;
 aniitem:2:2,15,0;53:5,25,0;21:3,25,0;24:3,20,0;28:4,26,0;1:4,25,0;27:5,19,0;22:4,25,0;57:5,25,0;55:4,21,0;35:4,26,0;37:5,25,0;44:4,17,0;
 cusitem:7:1;8:3;9:1;
 tradeinfo:0:269;1:9;10:24;11:4;12:220;20:5;30:2;31:35;61:1;62:1;63:4;70:1;33:9;34:19;35:315;40:5101;50:0;51:3;52:9;
 paraminfo:0:90129;1:786;2:0;3:0;4:201504;5:0;

